[04:11:00] ===== 熊熊每日配送計畫 =====
[04:11:00] 今日日期: 2026-06-13
[04:11:00] 暫存目錄: /home/fjj04/bears/2026-06-13
[04:11:00] 目的目錄: /home/fjj04/my-bear-museum/bears/2026-06-13
[04:11:00] 
--- 步驟 1: 檢查系統狀態 ---
[04:11:00] ComfyUI: ✓ 在線
[04:11:00] 
--- 步驟 2: 取得熊熊名字和風格 ---
[04:11:00] 熊熊: ['夢月熊', '銀河織光者', '流星魔法師', '雪星熊', '月雲熊', '淡月熊']
[04:11:00] 風格: ['復古', '極簡', '抽象', '國畫', '粉彩', '蒸汽朋克']
[04:11:00] 
--- 步驟 3: 準備目錄 ---
[04:11:00] 
--- 步驟 4: 生成圖片 ---
[04:11:00] 配送計畫: ComfyUI 6 張 + MiniMax 0 張 （ComfyUI 在線）
[04:11:00]   No.62 metadata: title=夢月熊, series=森林守護者系列, personality=慷慨開朗，喜歡星光點點。珍惜每一個美好的瞬間。
[04:11:00]   MiniMax 產生 prompt: 夢月熊
[04:11:09]   prompt: A gentle vintage illustration of a cheerful kawaii bear with soft warm brown fur sitting contentedly among ancient forest trees under a magical moonlit sky filled with twinkling stars, the bear gazes upward with joyful eyes surrounded by gentle golden starlight and glowing fireflies, delicate pastel moonbeams cast a dreamy ethereal glow through the mystical forest canopy, scattered with wildflowers and sparkles, evoking a sense of wonder and precious moments cherished forever, rendered in warm retro art style reminiscent of classic storybook illustrations with soft hand-painted textures and nostalgic color palette of deep forest greens, warm amber, soft lavender and gentle moonlight blues, the scene radiates warmth generosity and childlike wonder, soft kawaii style, horizontal composition 16:9, high quality illustration, detailed fur texture
[04:11:09] ComfyUI #1: 夢月熊 (復古) [1600x900]
[04:11:29]   已保存: 62-夢月熊.png
[04:11:29]   No.63 metadata: title=織光者, series=星星王國系列, personality=我在山嵐繚繞中漫步！慷慨善良，誠實可靠。
[04:11:29]   MiniMax 產生 prompt: 銀河織光者
[04:11:38]   prompt: A gentle kawaii bear character with silvery-white plush fur that shimmers with galaxy-like iridescent streaks, walking peacefully through ethereal misty mountains at dawn, golden cosmic light threads weaving from its paws like magical starlight, scattered stars and nebula wisps floating in the serene sky, soft pastel color palette with clean minimalist composition and elegant negative space, the bear's kind eyes radiating warmth and trustworthiness, delicate sparkles and celestial particles creating a dreamy atmosphere, soft kawaii style, horizontal composition 16:9, high quality illustration, detailed fur texture
[04:11:38] ComfyUI #2: 銀河織光者 (極簡) [1600x900]
[04:11:58]   已保存: 63-銀河織光者.png
[04:11:58]   No.64 metadata: title=魔法師, series=雲端花園系列, personality=我在珊瑚色彩中追光！成熟淡定，獨立自主。
[04:11:58]   MiniMax 產生 prompt: 流星魔法師
[04:12:10]   prompt: An abstract magical scene featuring a mature coral-furred bear magician with flowing mystical robes, gracefully chasing ethereal light particles and shooting stars through a dreamlike cloud garden filled with floating coral blossoms and swirling celestial colors, delicate magical sparkles dancing around its calm wise expression, soft pastel gradients blending coral pink with lavender and golden light rays in an abstract composition of flowing shapes and gentle curves, capturing the essence of independent elegance and cosmic wonder in this cloud garden realm, soft kawaii style, horizontal composition 16:9, high quality illustration, detailed fur texture
[04:12:10] ComfyUI #3: 流星魔法師 (抽象) [1600x900]
[04:12:30]   已保存: 64-流星魔法師.png
[04:12:30]   No.65 metadata: title=雪星熊, series=花園仙子系列, personality=我在海風吹拂裡找到了美好！陽光女孩，珍惜每一個綻放的瞬間。
[04:12:30]   MiniMax 產生 prompt: 雪星熊
[04:12:41]   prompt: A adorable snow-white bear with delicate star-shaped patterns on its fur stands joyfully in a magical coastal garden filled with blooming cherry blossoms, peonies, and ethereal fairies fluttering among the flowers, soft morning sunlight filtering through the petals creating a dreamy golden glow, traditional Chinese ink painting style with elegant brushwork and flowing lines, gentle sea breeze carrying flower petals across the scene, the bear's eyes sparkle with pure happiness and appreciation for the beautiful blooming moments, ethereal sparkles and magical fairy dust floating in the warm sunlight, lush garden with traditional Chinese landscape elements, mountain mists in the distance, kawaii expression with rosy cheeks and bright smile, soft pastel color palette blending traditional Chinese art aesthetics with cute character design, serene yet joyful atmosphere, soft kawaii style, horizontal composition 16:9, high quality illustration, detailed fur texture
[04:12:41] ComfyUI #4: 雪星熊 (國畫) [1600x900]
[04:13:01]   已保存: 65-雪星熊.png
[04:13:01]   No.66 metadata: title=月雲熊, series=奇遇記系列, personality=今天發現了藍天白雲間，想分享給你！忠誠善良，充滿好奇與勇氣。
[04:13:01]   MiniMax 產生 prompt: 月雲熊
[04:13:13]   prompt: A adorable kawaii moon bear character with soft fluffy fur floats joyfully among fluffy white clouds in a dreamy pastel sky, discovering a magnificent view of beautiful blue heavens with gentle sunlight filtering through, the bear has wide excited eyes full of wonder and curiosity, wearing a tiny cute accessory, soft pink and lavender pastel tones blend with the sky blue creating a magical ethereal atmosphere, delicate clouds surround the character like cotton candy, a crescent moon peeks from the corner, soft rim lighting illuminates the scene, the bear reaches out as if wanting to share this beautiful moment, soft gradient background transitioning from warm peach to sky blue, romantic and enchanting mood, soft kawaii style, horizontal composition 16:9, high quality illustration, detailed fur texture
[04:13:13] ComfyUI #5: 月雲熊 (粉彩) [1600x900]
[04:13:33]   已保存: 66-月雲熊.png
[04:13:33]   No.67 metadata: title=淡月熊, series=精靈舞會系列, personality=今天發現了希望之盾，想分享給你！獨立開朗，充滿好奇與勇氣。
[04:13:33]   MiniMax 產生 prompt: 淡月熊
[04:13:45]   prompt: A charming pale silver bear with soft moonlight-colored fur stands proudly in an ornate steampunk ballroom, wearing a beautiful Victorian-era dress adorned with intricate brass gears, copper pipes, and glowing amber tubes, one paw raised joyfully while the other hand presents a magnificent Hope Shield decorated with luminous magical runes and crystalline gems, the shield radiating warm golden light and delicate sparkles that contrast beautifully with the cool moonlit atmosphere, gears slowly turning in the background alongside elegant clockwork decorations and floating magical steam, enchanted chandeliers with Edison bulbs and glowing orbs illuminate the fantasy scene, soft kawaii style with big expressive eyes and a cheerful confident smile, horizontal composition 16:9, high, soft kawaii style, horizontal composition 16:9, high quality illustration, detailed fur texture
[04:13:45] ComfyUI #6: 淡月熊 (蒸汽朋克) [1600x900]
[04:14:05]   已保存: 67-淡月熊.png
[04:14:05] 共生成 6 張圖片於 /home/fjj04/bears/2026-06-13
[04:14:05] 
--- 步驟 5: 更新熊熊博物館 ---
[04:14:05] 已複製: 62-夢月熊.png → /home/fjj04/my-bear-museum/bears/2026-06-13/62-夢月熊.png
[04:14:05]   縮圖生成失敗: name 'generate_thumbnails' is not defined
[04:14:06] 已複製: 63-銀河織光者.png → /home/fjj04/my-bear-museum/bears/2026-06-13/63-銀河織光者.png
[04:14:06]   縮圖生成失敗: name 'generate_thumbnails' is not defined
[04:14:06] 已複製: 64-流星魔法師.png → /home/fjj04/my-bear-museum/bears/2026-06-13/64-流星魔法師.png
[04:14:06]   縮圖生成失敗: name 'generate_thumbnails' is not defined
[04:14:06] 已複製: 65-雪星熊.png → /home/fjj04/my-bear-museum/bears/2026-06-13/65-雪星熊.png
[04:14:06]   縮圖生成失敗: name 'generate_thumbnails' is not defined
[04:14:06] 已複製: 66-月雲熊.png → /home/fjj04/my-bear-museum/bears/2026-06-13/66-月雲熊.png
[04:14:06]   縮圖生成失敗: name 'generate_thumbnails' is not defined
[04:14:06] 已複製: 67-淡月熊.png → /home/fjj04/my-bear-museum/bears/2026-06-13/67-淡月熊.png
[04:14:06]   縮圖生成失敗: name 'generate_thumbnails' is not defined
[04:14:06] 已更新 bears.json
[04:14:06] 新增 6 隻熊熊
[04:14:06] 
--- 步驟 6: Git Commit ---
[04:14:13] Git push 完成
[04:14:13] 
--- 步驟 7: 部署到 Cloudflare Pages ---
[04:14:27] 
===== 完成 =====
[04:14:27] 到 https://kumaweb.pages.dev 觀看結果
