[16:08:22] ===== 熊熊每日配送計畫 =====
[16:08:22] 模式: step2
[16:08:22] 今日日期: 2026-06-10
[16:08:22] 暫存目錄: /home/fjj04/bears/2026-06-10
[16:08:22] 目的目錄: /home/fjj04/my-bear-museum/bears/2026-06-10
[16:08:22] 
--- 步驟 1: 檢查系統狀態 ---
[16:08:22] ComfyUI: ✓ 在線
[16:08:22] 
--- 步驟 2: 取得熊熊名字和風格 ---
[16:08:22] 風格輪流 index: 24
[16:08:22] 配送隻數: ComfyUI 3 + MiniMax 3 = 6
[16:08:22] 熊熊 (6): ['流星妖精', '月影冒險家', '月影使者', '暮風熊', '彩霞旅行者', '海洋熊']
[16:08:22] 風格 (6): ['霓虹燈', '浮雕', '故障藝術', '等距視角', '藝術大字', '塗鴉']
[16:08:22]   #1 [ComfyUI]: 流星妖精 / 霓虹燈
[16:08:22]   #2 [ComfyUI]: 月影冒險家 / 浮雕
[16:08:22]   #3 [ComfyUI]: 月影使者 / 故障藝術
[16:08:22]   #4 [MiniMax]: 暮風熊 / 等距視角
[16:08:22]   #5 [MiniMax]: 彩霞旅行者 / 藝術大字
[16:08:22]   #6 [MiniMax]: 海洋熊 / 塗鴉
[16:08:22] 
[step2] 預覽完成，未生圖、未更新詞彙輪流
[16:13:14] ===== 熊熊每日配送計畫 =====
[16:13:14] 模式: step4
[16:13:14] 今日日期: 2026-06-10
[16:13:14] 暫存目錄: /home/fjj04/bears/2026-06-10
[16:13:14] 目的目錄: /home/fjj04/my-bear-museum/bears/2026-06-10
[16:13:14] 
--- 步驟 1: 檢查系統狀態 ---
[16:13:14] ComfyUI: ✓ 在線
[16:13:14] 
--- 步驟 2: 取得熊熊名字和風格 ---
[16:13:14] 熊熊: ['丘光熊', '銀河守護者', '霧夢熊', '星雲熊']
[16:13:14] 風格: ['霓虹燈', '浮雕', '故障藝術', '等距視角']
[16:13:14] 
--- 步驟 3: 準備目錄 ---
[16:13:14] 
--- 步驟 4: 生成圖片 ---
[16:13:14] 配送計畫: ComfyUI 1 張 + MiniMax 3 張 （ComfyUI 在線）
[16:13:14] ComfyUI #1: 丘光熊 (霓虹燈) [1600x900]
[16:13:29]   已保存: 丘光熊.png
[16:13:29] MiniMax #2: 銀河守護者 (浮雕) [16:9]
[16:13:30]   MiniMax 生成失敗: 404 Client Error: 404 Page not found for url: https://api.minimax.io/v1/images/generations
[16:13:30] MiniMax #2: 霧夢熊 (故障藝術) [16:9]
[16:13:31]   MiniMax 生成失敗: 404 Client Error: 404 Page not found for url: https://api.minimax.io/v1/images/generations
[16:13:31] MiniMax #2: 星雲熊 (等距視角) [16:9]
[16:13:32]   MiniMax 生成失敗: 404 Client Error: 404 Page not found for url: https://api.minimax.io/v1/images/generations
[16:13:32] 共生成 1 張圖片於 /home/fjj04/bears/2026-06-10
[16:13:32] 
[step4] 生圖完成，圖片保留於暫存目錄，未複製、未更新 bears.json
[16:30:28] ===== 熊熊每日配送計畫 =====
[16:30:28] 模式: step4
[16:30:28] 今日日期: 2026-06-10
[16:30:28] 暫存目錄: /home/fjj04/bears/2026-06-10
[16:30:28] 目的目錄: /home/fjj04/my-bear-museum/bears/2026-06-10
[16:30:28] 
--- 步驟 1: 檢查系統狀態 ---
[16:30:28] ComfyUI: ✓ 在線
[16:30:28] 
--- 步驟 2: 取得熊熊名字和風格 ---
[16:30:28] 熊熊: ['白雲公主', '銀河占卜師', '心風熊', '森林熊', '暖光熊', '銀河熊']
[16:30:28] 風格: ['藝術大字', '塗鴉', '和風', '波斯地毯', '外太空', '童話書']
[16:30:28] 
--- 步驟 3: 準備目錄 ---
[16:30:28] 
--- 步驟 4: 生成圖片 ---
[16:30:28] 配送計畫: ComfyUI 3 張 + MiniMax 3 張 （ComfyUI 在線）
[16:30:28]   metadata: title=公主, series=花園仙子系列, personality=今天發現了月華如水，想分享給你！陽光開朗，充滿好奇與勇氣。
[16:30:28]   MiniMax 產生 prompt: 白雲公主
[16:30:40]   prompt: A beautiful white fluffy bear princess character with large sparkling eyes, wearing a gorgeous flowing princess dress adorned with delicate cloud and star embroidery, standing gracefully in a magical enchanted garden filled with glowing luminescent flowers, floating butterflies and tiny fairies dancing around, she has just discovered a mystical moonlight pond with crystal clear silver water reflecting luminous moonlight, the scene features elegant large artistic decorative lettering integrated into the dreamy ethereal background, soft magical lighting with shimmering silver moonlight beams and warm golden sparkles creating a fantastical atmosphere, fluffy dream, soft kawaii style, horizontal composition 16:9, high quality illustration, detailed fur texture
[16:30:40] ComfyUI #1: 白雲公主 (藝術大字) [1600x912]
[16:30:55]   已保存: 白雲公主.png
[16:30:55]   metadata: title=占卜師, series=公主殿下系列, personality=我在愛心魔杖中小憩！珍惜當下，善良溫柔。
[16:30:55]   MiniMax 產生 prompt: 銀河占卜師
[16:31:11]   prompt: A charming silver-furred bear princess with delicate golden tiara, sitting gracefully on a glowing pink heart-shaped magic wand, surrounded by dreamy cosmic galaxy swirling with twinkling silver stars and floating crystal orbs. The gentle kawaii bear wears an elegant celestial princess gown with starry patterns, holding a small fortune-telling crystal ball that reveals swirling love energy. Soft magical sparkles drift through the ethereal space background filled with gentle nebula clouds and scattered diamond stardust. The sweet bear has serene closed eyes with rosy blush cheeks, embodying peaceful contentment and tender kindness. Rendered in expressive doodle sketch art style with playful hand-drawn lines, soft pastel color palette blending cosmic purples pinks and silver, capturing a whimsical moment of cherishing the present. soft k, soft kawaii style, horizontal composition 16:9, high quality illustration, detailed fur texture
[16:31:11] ComfyUI #2: 銀河占卜師 (塗鴉) [1600x912]
[16:31:26]   已保存: 銀河占卜師.png
[16:31:26]   metadata: title=心風熊, series=幽靈燈塔系列, personality=我在細雨綿綿裡找到了美好！開朗活潑，喜歡收集閃閃發亮的東西。
[16:31:26]   MiniMax 產生 prompt: 心風熊
[16:31:37]   prompt: A cheerful kawaii bear character with warm brown fur stands joyfully in a gentle rain scene, wearing a traditional Japanese straw hat, surrounded by floating sparkling dewdrops and glittering fireflies that illuminate the misty atmosphere, a mysterious ghost lighthouse glows softly in the foggy background with soft lantern light reflecting on wet stone paths, traditional Japanese wooden architecture and paper lanterns line the coastal scenery, the bear holds a sparkling crystal in its paws, cherry blossom petals drift through the rainfall, magical ethereal lighting with soft pastel colors, Japanese art style with delicate brushwork, cozy and enchanting mood, soft kawaii style, horizontal composition 16:9, high quality illustration, detailed fur texture
[16:31:37] ComfyUI #3: 心風熊 (和風) [1600x912]
[16:31:52]   已保存: 心風熊.png
[16:31:52]   metadata: title=森林熊, series=糖果小屋系列, personality=我用波斯地毯風格描繪杜鵑花開！正向陽光，喜歡雲朵，熱愛大自然的美好。
[16:31:52]   MiniMax 產生 prompt: 森林熊
[16:32:03]   prompt: A charming kawaii forest bear with soft warm brown fur stands joyfully among blooming rhododendron flowers in a lush woodland clearing, the entire scene rendered in an exquisite Persian carpet art style featuring intricate geometric patterns, elaborate ornamental borders, and rich jewel-toned colors with meticulous woven texture details, fluffy white clouds drift across a stylized sky filled with dappled sunlight, delicate flower motifs and symmetrical decorative patterns frame the composition, the bear gazes with a gentle smiling expression at the natural beauty surrounding it, vibrant pinks and greens interwoven with traditional carpet design elements, magical golden hour lighting bathes the scene in warmth, candy-colored accents scattered throughout the whimsical forest setting, soft kawaii style, horizontal composition 16:9, high quality illustration, detailed fur texture
[16:32:03] MiniMax #4: 森林熊 (波斯地毯) [16:9]
[16:32:20]   已保存: 森林熊.png
[16:32:20]   metadata: title=暖光熊, series=星光隧道系列, personality=今天發現了命運之輪，想分享給你！純真單純，充滿好奇與勇氣。
[16:32:20]   MiniMax 產生 prompt: 暖光熊
[16:32:32]   prompt: A adorable kawaii bear with soft golden honey-colored fur and warm glowing cheeks floats gently through a magical cosmic starlight tunnel in outer space, the bear holds a mystical glowing wheel of fate decorated with twinkling stars and celestial symbols, the tunnel is made of swirling galaxies with nebula clouds in purple and blue, soft cosmic dust particles sparkle around the scene, the bear has innocent curious eyes full of wonder and courage looking at the wheel with excitement, warm golden light emanates from the bear contrasting beautifully with the cool cosmic background, scattered constellation patterns and shooting stars in the distance create a dreamy magical atmosphere, the bear wears a small cute space explorer outfit with star patterns, gentle volumetric lighting with warm and cool tones blending together, soft kawaii style, horizontal composition 16:9, high quality illustration, detailed fur texture
[16:32:32] MiniMax #5: 暖光熊 (外太空) [16:9]
[16:32:50]   已保存: 暖光熊.png
[16:32:50]   metadata: title=銀河熊, series=糖果王國系列, personality=我用童話書風格描繪櫻桃馬卡龍！温暖如陽，沉穩從容，熱愛大自然的美好。
[16:32:50]   MiniMax 產生 prompt: 銀河熊
[16:33:00]   prompt: A gentle kawaii bear with soft silver-gray fur sparkling like distant galaxies, wearing a cozy storybook-style cape made of pink cherry macaron layers, standing in a magical candy kingdom meadow filled with oversized pastel flowers and floating sugar stars, surrounded by swirling galaxy mist and golden sunshine rays filtering through cotton candy clouds, the bear has a warm serene smile holding a tiny cherry blossom branch, dreamy fairytale watercolor atmosphere with soft glowing particles, rich details of candy trees and glittering gemstone mushrooms dotting the verdant landscape, whimsical storybook illustration style with delicate linework and warm pastel palette, soft kawaii style, horizontal composition 16:9, high quality illustration, detailed fur texture
[16:33:00] MiniMax #6: 銀河熊 (童話書) [16:9]
[16:33:17]   已保存: 銀河熊.png
[16:33:17] 共生成 6 張圖片於 /home/fjj04/bears/2026-06-10
[16:33:17] 
[step4] 生圖完成，圖片保留於暫存目錄，未複製、未更新 bears.json
[16:35:19] ===== 熊熊每日配送計畫 =====
[16:35:19] 模式: step4
[16:35:19] 今日日期: 2026-06-10
[16:35:19] 暫存目錄: /home/fjj04/bears/2026-06-10
[16:35:19] 目的目錄: /home/fjj04/my-bear-museum/bears/2026-06-10
[16:35:19] 
--- 步驟 1: 檢查系統狀態 ---
[16:35:19] ComfyUI: ✓ 在線
[16:35:19] 
--- 步驟 2: 取得熊熊名字和風格 ---
[16:35:19] 熊熊: ['蜜雲熊', '羽光熊']
[16:35:19] 風格: ['漫畫網點', '厚塗']
[16:35:19] 
--- 步驟 3: 準備目錄 ---
[16:35:19] 
--- 步驟 4: 生成圖片 ---
[16:35:19] 配送計畫: ComfyUI 1 張 + MiniMax 1 張 （ComfyUI 在線）
[16:35:19]   metadata: title=蜜雲熊, series=愛心魔杖系列, personality=喜歡雨聲，喜歡夢境流星。充滿好奇與勇氣。
[16:35:19]   MiniMax 產生 prompt: 蜜雲熊
[16:35:30]   prompt: A charming honey-colored kawaii bear with soft golden fur standing joyfully in a magical rain-dotted scene, wearing a cute outfit with heart patterns, holding a sparkling love wand that emanates glowing heart-shaped magic, dreamy shooting stars trailing across a twilight purple sky with gentle rain falling around, surrounded by floating sparkles and mystical cloud wisps, the bear's big innocent eyes reflecting wonder and courage, halftone dot screen shading technique visible throughout, vibrant manga-style coloring with dramatic contrast, soft magical lighting illuminating the scene, atmospheric and whimsical mood, soft kawaii style, horizontal composition 16:9, high quality illustration, detailed fur texture
[16:35:30] ComfyUI #1: 蜜雲熊 (漫畫網點) [1600x900]
[16:35:45]   已保存: 蜜雲熊.png
[16:35:45]   metadata: title=羽光熊, series=糖果城堡系列, personality=今天發現了風和日麗，想分享給你！謙虛退讓，珍惜每一個美好的瞬間。
[16:35:45]   MiniMax 產生 prompt: 羽光熊
[16:35:59]   prompt: A gentle kawaii bear character with soft iridescent feathers shimmering with golden light, standing gracefully on a dreamy candy castle balcony surrounded by pastel macaron towers and cotton candy clouds, the bear extends a small paw as if sharing the beautiful sunny day with the viewer, humid breeze carrying sparkles through the warm pastel sky, lush lollipop flower gardens below, the bear has a humble and tender expression with closed happy eyes, thick visible brushstrokes creating rich impasto texture on the fur and feathers, soft diffused golden hour lighting, dreamy magical atmosphere with floating sugar sparkles, sweet candy castle architecture with spiral gumdrop rooftops in the background, oil painting impasto technique with bold expressive brushwork, soft kawaii style, horizontal composition 16:9, high quality illustration, detailed fur texture
[16:35:59] MiniMax #2: 羽光熊 (厚塗) [16:9]
[16:36:17]   已保存: 羽光熊.png
[16:36:17] 共生成 2 張圖片於 /home/fjj04/bears/2026-06-10
[16:36:17] 
[step4] 生圖完成，圖片保留於暫存目錄，未複製、未更新 bears.json
[16:36:24] ===== 熊熊每日配送計畫 =====
[16:36:24] 模式: step5
[16:36:24] 今日日期: 2026-06-10
[16:36:24] 暫存目錄: /home/fjj04/bears/2026-06-10
[16:36:24] 目的目錄: /home/fjj04/my-bear-museum/bears/2026-06-10
[16:36:24] 
--- 步驟 1: 檢查系統狀態 ---
[16:36:24] ComfyUI: ✓ 在線
[16:36:24] 
--- 步驟 2: 取得熊熊名字和風格 ---
[16:36:24] 熊熊: ['白雲雲遊者', '幽蘭熊']
[16:36:24] 風格: ['水墨暈染', '像素藝術']
[16:36:24] 
--- 步驟 3: 準備目錄 ---
[16:36:24] 
--- 步驟 4: 生成圖片 ---
[16:36:24] 配送計畫: ComfyUI 1 張 + MiniMax 1 張 （ComfyUI 在線）
[16:36:24]   metadata: title=雲遊者, series=小仙子系列, personality=我在海鷗飛翔中小憩！踏實活潑，忠誠守信。
[16:36:24]   MiniMax 產生 prompt: 白雲雲遊者
[16:36:36]   prompt: A majestic white fluffy bear with soft fur sits peacefully on fluffy clouds high above the sea, eyes gently closed in a peaceful nap while cute little seagulls soar and flutter gracefully around the bear, their wings creating gentle breeze effects in the misty sky, traditional Chinese ink wash painting style with beautiful ink bleeding and splashed ink effects on rice paper, dreamy and ethereal atmosphere with soft morning light filtering through the clouds, magical fairy tale setting with floating sparkles and gentle mist, the bear wearing a small fairy crown with tiny flowers, loyal and trustworthy expression even in sleep, delicate brushwork capturing the softness of fur against the ethereal clouds, splashed ink creating beautiful gradients of gray and white in the sky, horizontal composition, soft kawaii style, horizontal composition 16:9, high quality illustration, detailed fur texture
[16:36:36] ComfyUI #1: 白雲雲遊者 (水墨暈染) [1600x900]
[16:36:51]   已保存: 白雲雲遊者.png
[16:36:51]   metadata: title=幽蘭熊, series=星光大道系列, personality=我在珊瑚礁彩中漫步！誠實勇敢，喜歡雲朵。
[16:36:51]   MiniMax 產生 prompt: 幽蘭熊
[16:37:05]   prompt: A charming kawaii pixel art bear with elegant purple and lavender fur strolls through a magical underwater coral reef filled with vibrant pink, orange, and turquoise coral formations that glow softly, while fluffy white clouds float above in a dreamy sky full of twinkling stars from the starlight boulevard, the bear looks honest and brave with wide sparkling eyes, wearing a small coral flower crown, bioluminescent particles dance around it creating a enchanting atmosphere, the scene combines retro pixel art aesthetic with magical underwater fantasy elements, soft kawaii style, horizontal composition 16:9, high quality illustration, detailed fur texture
[16:37:05] MiniMax #2: 幽蘭熊 (像素藝術) [16:9]
[16:37:22]   已保存: 幽蘭熊.png
[16:37:22] 共生成 2 張圖片於 /home/fjj04/bears/2026-06-10
[16:37:22] 
--- 步驟 5: 更新熊熊博物館 ---
[16:37:22] 已複製: 白雲雲遊者.png → /home/fjj04/my-bear-museum/bears/2026-06-10/白雲雲遊者.png
[16:37:22] 已複製: 幽蘭熊.png → /home/fjj04/my-bear-museum/bears/2026-06-10/幽蘭熊.png
[16:37:22] 已更新 bears.json
[16:37:22] 新增 2 隻熊熊
[16:37:22] 
[step5] 博物館更新完成，未 commit、未部署
[16:37:31] ===== 熊熊每日配送計畫 =====
[16:37:31] 今日日期: 2026-06-10
[16:37:31] 暫存目錄: /home/fjj04/bears/2026-06-10
[16:37:31] 目的目錄: /home/fjj04/my-bear-museum/bears/2026-06-10
[16:37:31] 
--- 步驟 1: 檢查系統狀態 ---
[16:37:31] ComfyUI: ✓ 在線
[16:37:31] 
--- 步驟 2: 取得熊熊名字和風格 ---
[16:37:31] 熊熊: ['彩霞雲遊者', '彩霞收藏家']
[16:37:31] 風格: ['表情包', '3D']
[16:37:31] 
--- 步驟 3: 準備目錄 ---
[16:37:31] 
--- 步驟 4: 生成圖片 ---
[16:37:31] 配送計畫: ComfyUI 1 張 + MiniMax 1 張 （ComfyUI 在線）
[16:37:31]   metadata: title=雲遊者, series=精靈物語系列, personality=我用表情包風格描繪彩雲追月！開朗明快，優雅高貴，是個夢幻的小精靈。
[16:37:31]   MiniMax 產生 prompt: 彩霞雲遊者
[16:37:41]   prompt: A charming kawaii bear character with soft pastel rainbow-tinted fur, sitting gracefully among fluffy dreamy clouds in a magical twilight sky, surrounded by glowing color streaks of orange pink and purple suggesting colorful clouds chasing the moon, the bear has a cheerful elegant expression with sparkling eyes, wearing a tiny crown with cloud motifs, magical sparkles and stars floating around, soft ethereal moonlight illuminating the scene, gentle bokeh lights in the background, playful emoji-style elements like tiny hearts and stars scattered throughout, the atmosphere is whimsical and fantasy-like, soft kawaii style, horizontal composition 16:9, high quality illustration, detailed fur texture
[16:37:41] ComfyUI #1: 彩霞雲遊者 (表情包) [1600x900]
[16:37:56]   已保存: 彩霞雲遊者.png
[16:37:56]   metadata: title=收藏家, series=精靈禮物系列, personality=我用3D風格描繪夢幻泡泡！忠誠善良，勇敢無畏，帶來滿滿的溫暖與快樂。
[16:37:56]   MiniMax 產生 prompt: 彩霞收藏家
[16:38:08]   prompt: A cute kawaii bear character with soft warm-toned fur in sunset orange and pink hues, wearing a tiny collectible cape adorned with colorful gems and rainbow crystals, standing proudly in a magical collection room filled with floating iridescent bubbles and treasure chests overflowing with sunset-colored gems. The bear has big sparkling eyes filled with wonder, a warm gentle smile showing loyalty and kindness, and holds a glowing rainbow artifact proudly. Magical sparkles and fairy dust swirl around the scene, with dreamy soft lighting in warm oranges pinks purples and golden hues creating a heartwarming atmosphere. The background shows a whimsical fantasy landscape with glowing sunset clouds floating islands and scattered collectible treasures everywhere. 3D rendered with soft shading beautiful volumetric lighting and Pixar, soft kawaii style, horizontal composition 16:9, high quality illustration, detailed fur texture
[16:38:08] MiniMax #2: 彩霞收藏家 (3D) [16:9]
[16:38:26]   已保存: 彩霞收藏家.png
[16:38:26] 共生成 2 張圖片於 /home/fjj04/bears/2026-06-10
[16:38:26] 
--- 步驟 5: 更新熊熊博物館 ---
[16:38:26] 已複製: 彩霞雲遊者.png → /home/fjj04/my-bear-museum/bears/2026-06-10/彩霞雲遊者.png
[16:38:26] 已複製: 彩霞收藏家.png → /home/fjj04/my-bear-museum/bears/2026-06-10/彩霞收藏家.png
[16:38:26] 已更新 bears.json
[16:38:26] 新增 2 隻熊熊
[16:38:26] 
--- 步驟 6: Git Commit ---
[16:38:31] Git push 完成
[16:38:31] 
--- 步驟 7: 部署到 Cloudflare Pages ---
[16:38:42] 
===== 完成 =====
[16:38:42] 到 https://kumaweb.pages.dev 觀看結果
