[04:10:38] ===== 熊熊每日配送計畫 =====
[04:10:38] 今日日期: 2026-06-15
[04:10:38] 暫存目錄: /home/fjj04/bears/2026-06-15
[04:10:38] 目的目錄: /home/fjj04/my-bear-museum/bears/2026-06-15
[04:10:38] 
--- 步驟 1: 檢查系統狀態 ---
[04:10:38] ComfyUI: ✓ 在線
[04:10:38] 
--- 步驟 2: 取得熊熊名字和風格 ---
[04:10:38] 熊熊: ['月露熊', '流星冒險家', '虹星熊', '朵星熊', '星光收藏家', '糖夢熊']
[04:10:38] 風格: ['浮雕', '故障藝術', '等距視角', '藝術大字', '塗鴉', '和風']
[04:10:38] 
--- 步驟 3: 準備目錄 ---
[04:10:38] 
--- 步驟 4: 生成圖片 ---
[04:10:38] 配送計畫: ComfyUI 6 張 + MiniMax 0 張 （ComfyUI 在線）
[04:10:38]   No.74 metadata: title=月露熊, series=月光王國系列, personality=今天發現了花語信箱，想分享給你！神秘莫測，帶來滿滿的溫暖與快樂。
[04:10:38]   MiniMax 產生 prompt: 月露熊
[04:10:48]   prompt: A cute kawaii bear character with soft silvery-cream fur and gentle moonlit blue accents stands beside a magical flower language mailbox in a dreamy moonlit garden, delicate dewdrops glisten on the bear's fur, pastel roses and blooming flowers surround the mailbox with glowing golden messages, the scene rendered in exquisite relief sculpture style with intricate carved details, magical moonbeams illuminate the garden with soft ethereal glow, warm golden and cool silver lighting creates enchanting atmosphere, the bear has a mysterious yet warm, soft kawaii style, horizontal composition 16:9, high quality illustration, detailed fur texture
[04:10:48] ComfyUI #1: 月露熊 (浮雕) [1600x900]
[04:11:08]   已保存: 74-月露熊.png
[04:11:08]   No.75 metadata: title=冒險家, series=雲端王國系列, personality=我在花中皇后裡找到了美好！喜歡童話，熱愛探索未知。
[04:11:08]   MiniMax 產生 prompt: 流星冒險家
[04:11:21]   prompt: A cute k, soft kawaii style, horizontal composition 16:9, high quality illustration, detailed fur texture
[04:11:21] ComfyUI #2: 流星冒險家 (故障藝術) [1600x900]
[04:11:41]   已保存: 75-流星冒險家.png
[04:11:41]   No.76 metadata: title=虹星熊, series=智慧之書系列, personality=我用等距視角風格描繪晨曦初現！熱情善良，謙虛低調，帶來滿滿的溫暖與快樂。
[04:11:41]   MiniMax 產生 prompt: 虹星熊
[04:11:56]   prompt: A adorable kawaii bear character with soft rainbow-colored fur adorned with sparkling star patterns stands proudly in a magical isometric three-quarter view scene at the break of dawn. The warm golden sunlight of the morning sunrise casts a gentle ethereal glow on the bear's humble and kind expression as it radiates warmth and happiness. Surrounded by floating magical books with glowing ancient wisdom symbols and colorful, soft kawaii style, horizontal composition 16:9, high quality illustration, detailed fur texture
[04:11:56] ComfyUI #3: 虹星熊 (等距視角) [1600x900]
[04:12:16]   已保存: 76-虹星熊.png
[04:12:16]   No.77 metadata: title=朵星熊, series=水晶宮殿系列, personality=創意新穎，熱愛雲淡風輕。充滿好奇與勇氣。
[04:12:16]   MiniMax 產生 prompt: 朵星熊
[04:12:24]   prompt: A magical kawaii bear character with soft lavender fur and sparkle star patterns on its cheeks stands proudly in a magnificent crystal palace hall with towering translucent pillars and floating flower constellations overhead, the bear wears a delicate crown made of crystal flowers and holds a glowing star-shaped wand, gentle pastel clouds drift through the grand interior illuminated by prismatic light refracting through the crystal architecture, artistic typography elements with the words "Dream" and "Star" integrated into floating magical sparkles around the character, the bear has big shiny innocent eyes and a gentle confident smile reflecting its creative and curious personality, dreamy ethereal atmosphere with soft bokeh lights and rainbow light rays streaming through the crystal ceiling, soft kawaii style, horizontal composition 16:9, high quality illustration, detailed fur texture
[04:12:24] ComfyUI #4: 朵星熊 (藝術大字) [1600x900]
[04:12:44]   已保存: 77-朵星熊.png
[04:12:44]   No.78 metadata: title=收藏家, series=星光大道系列, personality=開朗陽光，熱愛雲霞萬千。珍惜每一個美好的瞬間。
[04:12:44]   MiniMax 產生 prompt: 星光收藏家
[04:12:53]   prompt: A cheerful kawaii teddy bear with soft golden-brown fur sits happily on a starlit boulevard, surrounded by floating collections of glowing stars and swirling clouds painted in bright sunset colors of coral pink and warm orange, the bear reaches up joyfully to catch a shooting star trailing sparkles across the magical twilight sky, scattered across the scene are doodled hearts and tiny decorative stars in playful sketch style, magical golden hour lighting bathes everything in warm ethereal glow, the bear's big sparkling eyes reflect the beautiful moment perfectly, whimsical doodle lines and hand-drawn flourishes frame the composition, soft kawaii style, horizontal composition 16:9, high quality illustration, detailed fur texture
[04:12:53] ComfyUI #5: 星光收藏家 (塗鴉) [1600x900]
[04:13:14]   已保存: 78-星光收藏家.png
[04:13:14]   No.79 metadata: title=糖夢熊, series=光之物語系列, personality=我用和風風格描繪巧克力慕斯！柔情萬千，珍惜緣分，熱愛大自然的美好。
[04:13:14]   MiniMax 產生 prompt: 糖夢熊
[04:13:27]   prompt: A dreamy kawaii bear with soft chocolate-brown fur and large sparkly eyes sits peacefully in a serene Japanese garden bathed in warm golden light, surrounded by delicate cherry blossoms and maple leaves floating gently in the breeze, traditional Japanese wooden architecture in the background with soft watercolor-style rendering, the bear gazes tenderly at a small chocolate mousse dessert decorated with edible gold flakes and flowers, magical sparkles and light rays create an ethereal atmosphere, soft pastel color palette with warm amber and pink tones, traditional Japanese patterns and motifs subtly woven into the scene, gentle wind carries flower petals around the adorable bear character, romantic and whimsical mood, soft and fluffy fur texture visible in the warm light, soft kawaii style, horizontal composition 16:9, high quality illustration, detailed fur texture
[04:13:27] ComfyUI #6: 糖夢熊 (和風) [1600x900]
[04:13:47]   已保存: 79-糖夢熊.png
[04:13:47] 共生成 6 張圖片於 /home/fjj04/bears/2026-06-15
[04:13:47] 
--- 步驟 5: 更新熊熊博物館 ---
[04:13:47] 已複製: 74-月露熊.png → /home/fjj04/my-bear-museum/bears/2026-06-15/74-月露熊.png
[04:13:47]   縮圖生成失敗: name 'generate_thumbnails' is not defined
[04:13:47] 已複製: 75-流星冒險家.png → /home/fjj04/my-bear-museum/bears/2026-06-15/75-流星冒險家.png
[04:13:47]   縮圖生成失敗: name 'generate_thumbnails' is not defined
[04:13:47] 已複製: 76-虹星熊.png → /home/fjj04/my-bear-museum/bears/2026-06-15/76-虹星熊.png
[04:13:47]   縮圖生成失敗: name 'generate_thumbnails' is not defined
[04:13:47] 已複製: 77-朵星熊.png → /home/fjj04/my-bear-museum/bears/2026-06-15/77-朵星熊.png
[04:13:47]   縮圖生成失敗: name 'generate_thumbnails' is not defined
[04:13:47] 已複製: 78-星光收藏家.png → /home/fjj04/my-bear-museum/bears/2026-06-15/78-星光收藏家.png
[04:13:47]   縮圖生成失敗: name 'generate_thumbnails' is not defined
[04:13:47] 已複製: 79-糖夢熊.png → /home/fjj04/my-bear-museum/bears/2026-06-15/79-糖夢熊.png
[04:13:47]   縮圖生成失敗: name 'generate_thumbnails' is not defined
[04:13:47] 已更新 bears.json
[04:13:47] 新增 6 隻熊熊
[04:13:47] 
--- 步驟 6: Git Commit ---
[04:13:54] Git push 完成
[04:13:54] 
--- 步驟 7: 部署到 Cloudflare Pages ---
[04:14:08] 
===== 完成 =====
[04:14:08] 到 https://kumaweb.pages.dev 觀看結果
