[04:10:18] ===== 熊熊每日配送計畫 =====
[04:10:18] 今日日期: 2026-06-14
[04:10:18] 暫存目錄: /home/fjj04/bears/2026-06-14
[04:10:18] 目的目錄: /home/fjj04/my-bear-museum/bears/2026-06-14
[04:10:18] 
--- 步驟 1: 檢查系統狀態 ---
[04:10:18] ComfyUI: ✓ 在線
[04:10:18] 
--- 步驟 2: 取得熊熊名字和風格 ---
[04:10:18] 熊熊: ['白雲公主', '光海熊', '霞花熊', '蜜星熊', '珊瑚旅人', '白雲旅行者']
[04:10:18] 風格: ['黏土', '水彩暈染', '紙雕', '織品', '玻璃馬賽克', '霓虹燈']
[04:10:18] 
--- 步驟 3: 準備目錄 ---
[04:10:18] 
--- 步驟 4: 生成圖片 ---
[04:10:18] 配送計畫: ComfyUI 6 張 + MiniMax 0 張 （ComfyUI 在線）
[04:10:18]   No.68 metadata: title=公主, series=花園仙子系列, personality=我於風雲變幻裡找到了美好！樂觀積極，珍惜每一個綻放的瞬間。
[04:10:18]   MiniMax 產生 prompt: 白雲公主
[04:10:30]   prompt: A beautiful white cream-colored bear princess with soft cloud-like fur wearing an elegant pink and white princess dress with delicate lace trim and a sparkling golden tiara adorned with tiny flowers and cloud motifs, standing gracefully in a magical garden filled with blooming cherry blossoms, roses, and twinkling fairy lights, surrounded by floating flower petals dancing in a gentle breeze with small butterflies and magical sparkles creating a dreamy atmosphere, the bear has a warm gentle smile with big sparkling kawaii eyes, soft natural lighting with ethereal backlight creating a golden glow around her, in the background soft white clouds drift across a pastel sky, the entire scene rendered in a charming 3D clay art style with smooth rounded soft textures visible brush strokes and handcrafted sculptural qualities soft kawaii style horizontal composition 16:9 high quality illustration detailed fur texture
[04:10:30] ComfyUI #1: 白雲公主 (黏土) [1600x900]
[04:10:50]   已保存: 68-白雲公主.png
[04:10:50]   No.69 metadata: title=光海熊, series=童話冒險系列, personality=獨立自信，熱愛海浪音樂。珍惜每一個美好的瞬間。
[04:10:50]   MiniMax 產生 prompt: 光海熊
[04:11:03]   prompt: A magnificent kawaii bear character with lustrous golden-amber fur illuminated by magical golden light, standing confidently on a mystical seashore where gentle waves sparkle with bioluminescent, soft kawaii style, horizontal composition 16:9, high quality illustration, detailed fur texture
[04:11:03] ComfyUI #2: 光海熊 (水彩暈染) [1600x900]
[04:11:23]   已保存: 69-光海熊.png
[04:11:23]   No.70 metadata: title=霞花熊, series=魔法森林童話系列, personality=我用紙雕風格描繪晚霞繽紛！機智過人，勇敢無畏，帶來滿滿的溫暖與快樂。
[04:11:23]   MiniMax 產生 prompt: 霞花熊
[04:11:33]   prompt: A charming kawaii bear with warm sunset-orange and soft pink fur sits happily in an enchanted magical forest, surrounded by delicate paper-cut flowers in bloom and intricate layered paper silhouettes of trees with glowing rosy sunset clouds filling the sky behind, creating a warm and cozy atmosphere with magical golden hour lighting streaming through the forest canopy, the bear smiles brightly with brave and witty expression, showing intricate cut-paper art details with multiple dimensional layers creating depth, soft warm tones blending oranges pinks and purples throughout the composition, whimsical fairy tale forest setting with tiny paper-cut butterflies and glowing fireflies, paper carving style showing fine delicate cuts and patterns on the bear's fur and the forest elements, soft kawaii style, horizontal composition 16:9, high quality illustration, detailed fur texture
[04:11:33] ComfyUI #3: 霞花熊 (紙雕) [1600x900]
[04:11:54]   已保存: 70-霞花熊.png
[04:11:54]   No.71 metadata: title=蜜星熊, series=光之物語系列, personality=我於星光大道裡找到了美好！天真爛漫，喜歡收集閃閃發亮的東西。
[04:11:54]   MiniMax 產生 prompt: 蜜星熊
[04:12:03]   prompt: A adorable kawaii honey-colored bear wearing a delicate embroidered starry dress stands joyfully on a magical glowing starlight avenue filled with glittering gems and sparkling treasures, surrounded by floating luminous stars and soft celestial light rays, the bear has innocent wide sparkling eyes and a joyful smile while collecting beautiful shiny crystals and golden star-shaped ornaments scattered around, rendered in beautiful textile art style with intricate embroidery details visible in the fur texture and flowing fabric, soft pastel lighting bathes the dreamy scene with gentle golden hour glow and twinkling star particles, soft kawaii style, horizontal composition 16:9, high quality illustration, detailed fur texture
[04:12:03] ComfyUI #4: 蜜星熊 (織品) [1600x900]
[04:12:23]   已保存: 71-蜜星熊.png
[04:12:23]   No.72 metadata: title=旅人, series=奇蹟彩虹系列, personality=純真無邪，熱愛晨曦初現。是個夢幻的小精靈。
[04:12:23]   MiniMax 產生 prompt: 珊瑚旅人
[04:12:36]   prompt: A adorable small bear character with soft warm coral-colored fur and innocent sparkling eyes, dressed in a whimsical traveler costume adorned with rainbow crystal accessories, standing gracefully in a magical dawn landscape rendered in vibrant glass mosaic art style. The scene captures the breathtaking first light of sunrise breaking through a fantastical world of translucent colored glass tiles, where prismatic light rays pierce through the mosaic surfaces creating stunning rainbow, soft kawaii style, horizontal composition 16:9, high quality illustration, detailed fur texture
[04:12:36] ComfyUI #5: 珊瑚旅人 (玻璃馬賽克) [1600x900]
[04:12:57]   已保存: 72-珊瑚旅人.png
[04:12:57]   No.73 metadata: title=旅行者, series=星辰精靈系列, personality=我於花團錦簇中跳舞！低調奢華，勇敢追夢。
[04:12:57]   MiniMax 產生 prompt: 白雲旅行者
[04:13:07]   prompt: A cute white bear character with soft fluffy fur standing gracefully among a magical garden filled with blooming neon-lit flowers in purple, pink and cyan colors, cosmic stardust particles floating around like fairy spirits, the bear is dancing joyfully with elegant posture, wearing subtle luxurious accessories with gemstone details, surrounded by glowing magical auras and star-shaped light sparkles, the neon lights reflecting beautifully on the white fur creating a dreamy ethereal atmosphere, in the background a mystical starry sky with soft bokeh light effects, vibrant neon color palette with deep purple and electric blue accents, soft kawaii style, horizontal composition 16:9, high quality illustration, detailed fur texture
[04:13:07] ComfyUI #6: 白雲旅行者 (霓虹燈) [1600x900]
[04:13:28]   已保存: 73-白雲旅行者.png
[04:13:28] 共生成 6 張圖片於 /home/fjj04/bears/2026-06-14
[04:13:28] 
--- 步驟 5: 更新熊熊博物館 ---
[04:13:28] 已複製: 68-白雲公主.png → /home/fjj04/my-bear-museum/bears/2026-06-14/68-白雲公主.png
[04:13:28]   縮圖生成失敗: name 'generate_thumbnails' is not defined
[04:13:28] 已複製: 69-光海熊.png → /home/fjj04/my-bear-museum/bears/2026-06-14/69-光海熊.png
[04:13:28]   縮圖生成失敗: name 'generate_thumbnails' is not defined
[04:13:28] 已複製: 70-霞花熊.png → /home/fjj04/my-bear-museum/bears/2026-06-14/70-霞花熊.png
[04:13:28]   縮圖生成失敗: name 'generate_thumbnails' is not defined
[04:13:28] 已複製: 71-蜜星熊.png → /home/fjj04/my-bear-museum/bears/2026-06-14/71-蜜星熊.png
[04:13:28]   縮圖生成失敗: name 'generate_thumbnails' is not defined
[04:13:28] 已複製: 72-珊瑚旅人.png → /home/fjj04/my-bear-museum/bears/2026-06-14/72-珊瑚旅人.png
[04:13:28]   縮圖生成失敗: name 'generate_thumbnails' is not defined
[04:13:28] 已複製: 73-白雲旅行者.png → /home/fjj04/my-bear-museum/bears/2026-06-14/73-白雲旅行者.png
[04:13:28]   縮圖生成失敗: name 'generate_thumbnails' is not defined
[04:13:28] 已更新 bears.json
[04:13:28] 新增 6 隻熊熊
[04:13:28] 
--- 步驟 6: Git Commit ---
[04:13:35] Git push 完成
[04:13:35] 
--- 步驟 7: 部署到 Cloudflare Pages ---
[04:13:51] 
===== 完成 =====
[04:13:51] 到 https://kumaweb.pages.dev 觀看結果
