[04:10:21] ===== 熊熊每日配送計畫 =====
[04:10:21] 今日日期: 2026-06-11
[04:10:21] 暫存目錄: /home/fjj04/bears/2026-06-11
[04:10:21] 目的目錄: /home/fjj04/my-bear-museum/bears/2026-06-11
[04:10:21] 
--- 步驟 1: 檢查系統狀態 ---
[04:10:21] ComfyUI: ✓ 在線
[04:10:21] 
--- 步驟 2: 取得熊熊名字和風格 ---
[04:10:21] 熊熊: ['朵雲熊', '月影夢想家', '彩虹熊', '銀河夢想家', '珊瑚仙子', '流星公主']
[04:10:21] 風格: ['像素', '水彩', '油畫', '奇幻', '童趣', '賽博朋克']
[04:10:21] 
--- 步驟 3: 準備目錄 ---
[04:10:21] 
--- 步驟 4: 生成圖片 ---
[04:10:21] 配送計畫: ComfyUI 6 張 + MiniMax 0 張 （ComfyUI 在線）
[04:10:21]   No.50 metadata: title=朵雲熊, series=糖果城堡系列, personality=今天發現了天邊雲彩，想分享給你！細心周到，是個夢幻的小精靈。
[04:10:21]   MiniMax 產生 prompt: 朵雲熊
[04:10:30]   prompt: A adorable pixel art kawaii bear character with soft fluffy fur in pastel colors, sitting happily on a fluffy cloud platform in a magical candy castle scene, holding a small sparkly cloud in its tiny paws, the background features a dreamy pastel sky with cotton candy clouds, floating candy decorations and castle towers made of sugar, rainbow light rays filtering through, magical sparkles and stars scattered around, gentle blush on cheeks, big innocent eyes, warm and cozy atmosphere, pixel art style with smooth shading, detailed fur texture, horizontal composition 16:9, high quality illustration, detailed fur texture, soft kawaii style, horizontal composition 16:9, high quality illustration, detailed fur texture
[04:10:30] ComfyUI #1: 朵雲熊 (像素) [1600x900]
[04:10:51]   已保存: 50-朵雲熊.png
[04:10:51]   No.51 metadata: title=夢想家, series=王子殿下系列, personality=我用水彩風格描繪銀河九天！神秘優雅，謙虛低調，是個夢幻的小精靈。
[04:10:51]   MiniMax 產生 prompt: 月影夢想家
[04:11:02]   prompt: A majestic silver moonlit bear prince with soft luminous fur stands gracefully on a crystalline bridge surrounded by flowing rivers of stars and swirling galaxies, delicate watercolor painting technique with wet-on-wet bleeding edges, ethereal mist and glowing fireflies dancing around, the celestial night sky painted in dreamy gradients of deep indigo and soft lavender with scattered golden constellations, mystical floating orbs of light, elegant low posture showing humble nobility, detailed fur texture with moonlight reflections and subtle shimmer, magical atmosphere with soft bokeh light particles, soft kawaii style, horizontal composition 16:9, high quality illustration, detailed fur texture
[04:11:02] ComfyUI #2: 月影夢想家 (水彩) [1600x900]
[04:11:17]   已保存: 51-月影夢想家.png
[04:11:17]   No.52 metadata: title=彩虹熊, series=精靈禮物系列, personality=我於夢幻泡泡中玩耍！優雅脫俗，獨立能幹。
[04:11:17]   MiniMax 產生 prompt: 彩虹熊
[04:11:31]   prompt: A majestic kawaii bear with luxurious rainbow-gradient fur flowing from soft pink through lavender and periwinkle blue to mint green yellow and warm orange, standing elegantly in an enchanted magical wonderland filled with countless translucent iridescent soap bubbles floating gently around her. The bear has a delicate fairy crown adorned with tiny sparkling gems perched gracefully on her head, her refined expression showing confident independence and graceful poise. Delicate fairy dust particles drift lazily through the dreamy ethereal atmosphere while soft pastel flower petals swirl in a gentle magical breeze. The oil painting style captures rich textured brushstrokes with vibrant jewel-tone colors, luminous magical lighting casting warm golden rays through the iridescent bubbles creating prismatic rainbow reflections across the scene. The background features a soft misty forest with glowing mushrooms and twinkling fairy lights creating a fantastical paradise atmosphere. soft kawaii style, horizontal composition 16:9, high quality illustration, detailed fur texture
[04:11:31] ComfyUI #3: 彩虹熊 (油畫) [1600x900]
[04:11:46]   已保存: 52-彩虹熊.png
[04:11:46]   No.53 metadata: title=夢想家, series=森林守護者系列, personality=我在星河傳說裡找到了美好！創意十足，熱愛探索未知。
[04:11:46]   MiniMax 產生 prompt: 銀河夢想家
[04:11:57]   prompt: A magical forest guardian bear with shimmering silver-blue fur stands beneath a colossal fantasy tree, surrounded by floating islands and cascading stardust waterfalls under a breathtaking galaxy sky filled with swirling nebulas and countless twinkling stars, cosmic butterflies and luminescent fireflies dancing around the bear who gazes in wonder at a glowing constellation portal revealing glimpses of distant dream worlds, soft ethereal light illuminating the mystical scene with aurora borealis colors painting the sky, ancient glowing runes carved into the giant tree trunk, small magical forest creatures watching in awe, creative energy radiating from the bear's sparkle-filled eyes, dreamy atmosphere with gentle cosmic winds carrying luminescent petals, soft kawaii style, horizontal composition 16:9, high quality illustration, detailed fur texture
[04:11:57] ComfyUI #4: 銀河夢想家 (奇幻) [1600x900]
[04:12:13]   已保存: 53-銀河夢想家.png
[04:12:13]   No.54 metadata: title=仙子, series=雲端王國系列, personality=我在霞光燦爛中追光！快樂天使，善解人意。
[04:12:13]   MiniMax 產生 prompt: 珊瑚仙子
[04:12:24]   prompt: A magical kawaii bear fairy with delicate coral-pink fur and translucent sparkling wings stands gracefully atop a fluffy cumulus cloud in the golden sunrise sky, wearing a cute flower crown adorned with tiny seashells and coral branches, surrounded by magical glowing sparkles and soft rose-colored light rays streaming through pastel clouds, her gentle happy expression radiates warmth as she spreads joy like a little angel, with rainbow aurora lights dancing in the background sky, floating coral and seashell decorations around her, soft watercolor-like gradients blend coral pink with warm gold and lavender, childlike whimsical atmosphere with innocent magic, soft kawaii style, horizontal composition 16:9, high quality illustration, detailed fur texture
[04:12:24] ComfyUI #5: 珊瑚仙子 (童趣) [1600x900]
[04:12:39]   已保存: 54-珊瑚仙子.png
[04:12:39]   No.55 metadata: title=公主, series=時光旅人系列, personality=我用賽博朋克風格描繪棉花糖王國！勇敢豪爽，開朗樂天，充滿好奇與勇氣。
[04:12:39]   MiniMax 產生 prompt: 流星公主
[04:12:51]   prompt: A brave little kawaii bear princess with soft lavender fur and shimmering silver starlight patterns stands proudly on a floating platform in a cyberpunk cotton candy kingdom, her round curious eyes sparkling with wonder as neon pink and electric blue holographic cityscapes glow behind her, towering crystal spires mixed with retro-futuristic buildings twinkle with rainbow lights and holographic advertisements, shooting stars streak across the cyberpunk sky filled with floating islands and glowing particle effects, she wears a cute mechanical wings backpack with tiny glowing gears, her expression is cheerful and confident with a big hopeful smile, magical cyberpunk sparkles and digital light trails surround her, ethereal cosmic dust swirls in the air, soft dreamy atmosphere with vibrant neon reflections on her fluffy fur, beautiful contrast between the sweet candy world and futuristic technology, soft kawaii style, horizontal composition 16:9, high quality illustration, detailed fur texture
[04:12:51] ComfyUI #6: 流星公主 (賽博朋克) [1600x900]
[04:13:06]   已保存: 55-流星公主.png
[04:13:06] 共生成 6 張圖片於 /home/fjj04/bears/2026-06-11
[04:13:06] 
--- 步驟 5: 更新熊熊博物館 ---
[04:13:06] 已複製: 50-朵雲熊.png → /home/fjj04/my-bear-museum/bears/2026-06-11/50-朵雲熊.png
[04:13:06] 已複製: 51-月影夢想家.png → /home/fjj04/my-bear-museum/bears/2026-06-11/51-月影夢想家.png
[04:13:06] 已複製: 52-彩虹熊.png → /home/fjj04/my-bear-museum/bears/2026-06-11/52-彩虹熊.png
[04:13:06] 已複製: 53-銀河夢想家.png → /home/fjj04/my-bear-museum/bears/2026-06-11/53-銀河夢想家.png
[04:13:06] 已複製: 54-珊瑚仙子.png → /home/fjj04/my-bear-museum/bears/2026-06-11/54-珊瑚仙子.png
[04:13:06] 已複製: 55-流星公主.png → /home/fjj04/my-bear-museum/bears/2026-06-11/55-流星公主.png
[04:13:06] 已更新 bears.json
[04:13:06] 新增 6 隻熊熊
[04:13:06] 
--- 步驟 6: Git Commit ---
[04:13:14] Git push 完成
[04:13:14] 
--- 步驟 7: 部署到 Cloudflare Pages ---
[04:13:27] 
===== 完成 =====
[04:13:27] 到 https://kumaweb.pages.dev 觀看結果
