[04:10:42] ===== 熊熊每日配送計畫 =====
[04:10:42] 今日日期: 2026-06-12
[04:10:42] 暫存目錄: /home/fjj04/bears/2026-06-12
[04:10:42] 目的目錄: /home/fjj04/my-bear-museum/bears/2026-06-12
[04:10:42] 
--- 步驟 1: 檢查系統狀態 ---
[04:10:42] ComfyUI: ✓ 在線
[04:10:42] 
--- 步驟 2: 取得熊熊名字和風格 ---
[04:10:42] 熊熊: ['月影映月者', '粉色精靈', '白雲騎士', '蜜夢熊', '晨曦拾夢者', '湖畔熊']
[04:10:42] 風格: ['浮世繪', '點描', '水墨', '漫畫', '素描', '霓虹']
[04:10:42] 
--- 步驟 3: 準備目錄 ---
[04:10:42] 
--- 步驟 4: 生成圖片 ---
[04:10:42] 配送計畫: ComfyUI 6 張 + MiniMax 0 張 （ComfyUI 在線）
[04:10:42]   No.56 metadata: title=映月者, series=時光旅人系列, personality=我在流星雨降中探險！珍惜緣分，機智可愛。
[04:10:42]   MiniMax 產生 prompt: 月影映月者
[04:10:55]   prompt: A charming kawaii bear character with fluffy soft fur stands gracefully beside a tranquil moonlit pond at night, gazing down at the perfect reflection of a luminous full moon shimmering on the calm water surface. Spectacular meteor showers cascade brilliantly across the deep indigo sky, their shooting stars leaving trails of golden light. The scene is rendered in traditional Japanese ukiyo-e woodblock print style blended, soft kawaii style, horizontal composition 16:9, high quality illustration, detailed fur texture
[04:10:55] ComfyUI #1: 月影映月者 (浮世繪) [1600x900]
[04:11:15]   已保存: 56-月影映月者.png
[04:11:15]   No.57 metadata: title=精靈, series=奇蹟彩虹系列, personality=我於希望之盾裡找到了美好！成熟淡定，珍惜每一個綻放的瞬間。
[04:11:15]   MiniMax 產生 prompt: 粉色精靈
[04:11:26]   prompt: A magical pink fairy bear standing gracefully in a field of rainbow-colored flowers, surrounded by floating sparkles and soft luminous particles created through delicate pointillism technique with countless tiny dots in various shades of pink, lavender, and pastel rainbow colors, the bear has a mature and serene expression, holding a translucent shield that shimmers with hope energy, magical butterflies and light rays surround the scene, blooming flowers at her feet, dreamy pastel atmosphere with soft gradient lighting, the pointillism style creates depth through overlapping colored dots, gentle breeze effect with floating petals, cozy yet ethereal mood celebrating precious moments of beauty, soft kawaii style, horizontal composition 16:9, high quality illustration, detailed fur texture
[04:11:26] ComfyUI #2: 粉色精靈 (點描) [1600x900]
[04:11:46]   已保存: 57-粉色精靈.png
[04:11:46]   No.58 metadata: title=騎士, series=魔法王國系列, personality=我在微風輕拂裡找到了美好！低調奢華，喜歡收集閃閃發亮的東西。
[04:11:46]   MiniMax 產生 prompt: 白雲騎士
[04:11:54]   prompt: A majestic kawaii bear knight standing proudly atop misty clouds in an ethereal ink painting landscape, wearing elegant silver armor with subtle gold accents, cape flowing gently in a soft breeze, surrounded by floating golden sparkles and diamonds, distant mountains emerging from swirling ink washes, soft morning light filtering through, magical atmosphere with wisps of white clouds drifting around, traditional Chinese ink painting style with delicate brushwork and gradated gray tones, low-key luxury aesthetic, mystical fantasy scene, soft kawaii style, horizontal composition 16:9, high quality illustration, detailed fur texture
[04:11:54] ComfyUI #3: 白雲騎士 (水墨) [1600x900]
[04:12:14]   已保存: 58-白雲騎士.png
[04:12:14]   No.59 metadata: title=蜜夢熊, series=溫暖王國系列, personality=我在月宮玉兔中玩耍！喜歡童話，純真可愛。
[04:12:14]   MiniMax 產生 prompt: 蜜夢熊
[04:12:23]   prompt: A adorable honey-colored bear with soft golden-amber fur playing happily among magical jade rabbits in a mystical Moon Palace garden, surrounded by glowing lanterns floating among cherry blossom trees and crescent moons, the bear wearing a cute fairy tale crown, pastel rainbow clouds and sparkling stardust scattered throughout the dreamy celestial scene, traditional Asian architecture with curved moon gates and flowing streams, the bear's eyes sparkling with innocent joy and wonder, magical fairy tale atmosphere with soft ethereal lighting, manga comic illustration style with clean bold lines, warm pastel color palette, kawaii expressions on all characters, wide horizontal composition showing the enchanting warm kingdom scene, soft kawaii style, horizontal composition 16:9, high quality illustration, detailed fur texture
[04:12:23] ComfyUI #4: 蜜夢熊 (漫畫) [1600x900]
[04:12:43]   已保存: 59-蜜夢熊.png
[04:12:43]   No.60 metadata: title=拾夢者, series=魔法森林物語系列, personality=主動積極，熱愛夢想王國。總是給身邊的人帶來幸福感。
[04:12:43]   MiniMax 產生 prompt: 晨曦拾夢者
[04:12:51]   prompt: A gentle kawaii bear cub with warm golden-amber fur stands joyfully in a mystical forest clearing at dawn, surrounded by floating luminous dream bubbles and soft morning light filtering through magical trees, scattered with tiny sparkling stars and gentle wisps of dream energy, holding a glowing dream crystal in its paws, wearing a cozy little explorer vest with nature-themed patches, wearing an expression of pure happiness and wonder, the bear's large sparkly eyes filled with enthusiasm and warmth, detailed pencil sketch with soft cross-hatching shading, delicate linework capturing fluffy fur texture, warm golden light tones mixing with cool blue twilight shadows, whimsical magical atmosphere, soft bokeh of floating petals and light particles in background, gentle pastel color palette with warm highlights, sweet innocent energy radiating from the character, soft kawaii style, horizontal composition 16:9, high quality illustration, detailed fur texture
[04:12:51] ComfyUI #5: 晨曦拾夢者 (素描) [1600x900]
[04:13:11]   已保存: 60-晨曦拾夢者.png
[04:13:11]   No.61 metadata: title=湖畔熊, series=精靈羽毛系列, personality=今天發現了雲層疊疊，想分享給你！熱情大方，是個夢幻的小精靈。
[04:13:11]   MiniMax 產生 prompt: 湖畔熊
[04:13:21]   prompt: A adorable kawaii bear character with soft luminous fur sits gracefully by a tranquil misty lake at twilight, surrounded by spectacular layered cloud formations glowing in vibrant neon colors of pink, purple, cyan and warm orange, the bear has fairy-like qualities with delicate feathered accessories and magical sparkles floating in the air, the dreamy fantasy atmosphere is enhanced by glowing neon light reflections rippling across the calm water surface, the bear gazes up at the magnificent sky with warm enthusiastic expression, whimsical magical particles and soft light rays pierce through the ethereal clouds creating a mesmerizing fairy tale scene, vibrant neon glow illuminates the bear's cute features and fluffy fur texture with studio quality lighting soft kawaii style horizontal composition 16:9 high quality illustration detailed fur texture
[04:13:21] ComfyUI #6: 湖畔熊 (霓虹) [1600x900]
[04:13:42]   已保存: 61-湖畔熊.png
[04:13:42] 共生成 6 張圖片於 /home/fjj04/bears/2026-06-12
[04:13:42] 
--- 步驟 5: 更新熊熊博物館 ---
[04:13:42] 已複製: 56-月影映月者.png → /home/fjj04/my-bear-museum/bears/2026-06-12/56-月影映月者.png
[04:13:42] 已複製: 57-粉色精靈.png → /home/fjj04/my-bear-museum/bears/2026-06-12/57-粉色精靈.png
[04:13:42] 已複製: 58-白雲騎士.png → /home/fjj04/my-bear-museum/bears/2026-06-12/58-白雲騎士.png
[04:13:42] 已複製: 59-蜜夢熊.png → /home/fjj04/my-bear-museum/bears/2026-06-12/59-蜜夢熊.png
[04:13:42] 已複製: 60-晨曦拾夢者.png → /home/fjj04/my-bear-museum/bears/2026-06-12/60-晨曦拾夢者.png
[04:13:42] 已複製: 61-湖畔熊.png → /home/fjj04/my-bear-museum/bears/2026-06-12/61-湖畔熊.png
[04:13:42] 已更新 bears.json
[04:13:42] 新增 6 隻熊熊
[04:13:42] 
--- 步驟 6: Git Commit ---
[04:13:52] Git push 完成
[04:13:52] 
--- 步驟 7: 部署到 Cloudflare Pages ---
[04:14:09] 
===== 完成 =====
[04:14:09] 到 https://kumaweb.pages.dev 觀看結果
