[14:15:05] ===== 喵時光每日配送計畫 =====
[14:15:05] 今日日期: 2026-06-12
[14:15:05] 暫存目錄: /home/fjj04/cats/2026-06-12
[14:15:05] 目的目錄: /home/fjj04/my-bear-museum/cats-images/2026-06-12
[14:15:05] 
--- 步驟 1: 檢查系統狀態 ---
[14:15:05] ComfyUI: ✓ 在線
[14:15:05] 
--- 步驟 2: 取得風格 ---
[14:15:05] 風格 (9): ['薄霧水彩', '粉彩', '童趣蠟筆', '夜景霓虹', '古典素描', '紙雕', '玻璃馬賽克', '水彩', '油畫']
[14:15:05] 
--- 步驟 3: 準備配送項目 ---
[14:15:05]   今日故事類型: 悠閒生活
[14:15:05]   熊熊故事: 在月光下醒來，橘貓妹妹看見窗外有光。
她輕輕推開窗戶，是一顆流星掉落在花園裡。
鈴鐺項圈閃閃發亮，似...
[14:15:05]   故事內容: 在月光下醒來，橘貓妹妹看見窗外有光。
她輕輕推開窗戶，是一顆流星掉落在花園裡。
鈴鐺項圈閃閃發亮，似乎在回應星星的呼喚。
她鼓起勇氣邁出第一步，展開冒險的旅程。
[14:15:05]   分鏡數: 4
[14:15:05]   喵漫1: miaomiao_story_20260612_01_01.jpg (薄霧水彩)
[14:15:05]   喵漫2: miaomiao_story_20260612_01_02.jpg (粉彩)
[14:15:05]   喵漫3: miaomiao_story_20260612_01_03.jpg (童趣蠟筆)
[14:15:05]   喵漫4: miaomiao_story_20260612_01_04.jpg (夜景霓虹)
[14:15:05]   喵圖: miaomiao_single_20260612_01.jpg (古典素描)
[14:15:05]   多元1: cat_紙雕_20260612_01.jpg (英國短毛貓/紙雕)
[14:15:05]   多元2: cat_玻璃馬賽_20260612_02.jpg (布偶貓/玻璃馬賽克)
[14:15:05]   多元3: cat_水彩_20260612_03.jpg (黑貓/水彩)
[14:15:05]   多元4: cat_油畫_20260612_04.jpg (三花貓/油畫)
[14:15:05] 
--- 步驟 4: 生成圖片 ---
[14:15:05] 配送計畫: MiniMax 9 張（ComfyUI 在線）
[14:15:05]   MiniMax 產生 prompt: 喵喵公主 (story)
[14:15:14]   MiniMax prompt 生成失敗: MiniMax chat 回傳空 prompt，使用 fallback
[14:15:14]   prompt (fallback): A cute adorable orange cat, 喵喵公主, 神秘 mode, scene: 蓬鬆的橘色尾巴, 薄霧水彩 art style, dreamy atmosphere, soft kawaii style, cute cat illustration, high quality illustration, detailed fur texture
[14:15:14] MiniMax #1: 喵喵公主 (薄霧水彩) [1:1]
[14:15:33]   已保存: miaomiao_story_20260612_01_01.jpg
[14:15:33]   MiniMax 產生 prompt: 喵喵公主 (story)
[14:15:41]   MiniMax prompt 生成失敗: MiniMax chat 回傳空 prompt，使用 fallback
[14:15:41]   prompt (fallback): A cute adorable orange cat, 喵喵公主, 神秘 mode, scene: 蓬鬆的橘色尾巴, 粉彩 art style, dreamy atmosphere, soft kawaii style, cute cat illustration, high quality illustration, detailed fur texture
[14:15:41] MiniMax #2: 喵喵公主 (粉彩) [1:1]
[14:15:59]   已保存: miaomiao_story_20260612_01_02.jpg
[14:15:59]   MiniMax 產生 prompt: 喵喵公主 (story)
[14:16:09]   MiniMax prompt 生成失敗: MiniMax chat 回傳空 prompt，使用 fallback
[14:16:09]   prompt (fallback): A cute adorable orange cat, 喵喵公主, 日常 mode, scene: 蓬鬆的橘色尾巴, 童趣蠟筆 art style, dreamy atmosphere, soft kawaii style, cute cat illustration, high quality illustration, detailed fur texture
[14:16:09] MiniMax #3: 喵喵公主 (童趣蠟筆) [1:1]
[14:16:29]   已保存: miaomiao_story_20260612_01_03.jpg
[14:16:29]   MiniMax 產生 prompt: 喵喵公主 (story)
[14:16:40]   MiniMax prompt 生成失敗: MiniMax chat 回傳空 prompt，使用 fallback
[14:16:40]   prompt (fallback): A cute adorable orange cat, 喵喵公主, Just貓 mode, scene: 金色鈴鐺項圈閃閃發亮, 夜景霓虹 art style, dreamy atmosphere, soft kawaii style, cute cat illustration, high quality illustration, detailed fur texture
[14:16:40] MiniMax #4: 喵喵公主 (夜景霓虹) [1:1]
[14:16:59]   已保存: miaomiao_story_20260612_01_04.jpg
[14:16:59]   MiniMax 產生 prompt: 喵喵公主 (single)
[14:17:11]   MiniMax prompt 生成失敗: MiniMax chat 回傳空 prompt，使用 fallback
[14:17:11]   prompt (fallback): A cute adorable orange cat, 喵喵公主, 公主 mode, scene: 優雅地走路的姿態, 古典素描 art style, dreamy atmosphere, soft kawaii style, cute cat illustration, high quality illustration, detailed fur texture
[14:17:11] MiniMax #5: 喵喵公主 (古典素描) [1:1]
[14:17:32]   已保存: miaomiao_single_20260612_01.jpg
[14:17:32]   MiniMax 產生 prompt: 英國短毛貓的日常 (single)
[14:17:43]   MiniMax prompt 生成失敗: MiniMax chat 回傳空 prompt，使用 fallback
[14:17:43]   prompt (fallback): A cute adorable orange cat, 英國短毛貓的日常, 日常 mode, scene: 萬物生長, 紙雕 art style, dreamy atmosphere, soft kawaii style, cute cat illustration, high quality illustration, detailed fur texture
[14:17:43] MiniMax #6: 英國短毛貓的日常 (紙雕) [1:1]
[14:18:03]   已保存: cat_紙雕_20260612_01.jpg
[14:18:03]   MiniMax 產生 prompt: 布偶貓的日常 (single)
[14:18:11]   MiniMax prompt 生成失敗: MiniMax chat 回傳空 prompt，使用 fallback
[14:18:11]   prompt (fallback): A cute adorable orange cat, 布偶貓的日常, 日常 mode, scene: 櫻花飄落, 玻璃馬賽克 art style, dreamy atmosphere, soft kawaii style, cute cat illustration, high quality illustration, detailed fur texture
[14:18:11] MiniMax #7: 布偶貓的日常 (玻璃馬賽克) [1:1]
[14:18:31]   已保存: cat_玻璃馬賽_20260612_02.jpg
[14:18:31]   MiniMax 產生 prompt: 黑貓的日常 (single)
[14:18:43]   MiniMax prompt 生成失敗: MiniMax chat 回傳空 prompt，使用 fallback
[14:18:43]   prompt (fallback): A cute adorable orange cat, 黑貓的日常, 日常 mode, scene: 藍天白雲, 水彩 art style, dreamy atmosphere, soft kawaii style, cute cat illustration, high quality illustration, detailed fur texture
[14:18:43] MiniMax #8: 黑貓的日常 (水彩) [1:1]
[14:19:04]   已保存: cat_水彩_20260612_03.jpg
[14:19:04]   MiniMax 產生 prompt: 三花貓的日常 (single)
[14:19:17]   MiniMax prompt 生成失敗: MiniMax chat 回傳空 prompt，使用 fallback
[14:19:17]   prompt (fallback): A cute adorable orange cat, 三花貓的日常, 日常 mode, scene: 抹茶蛋糕, 油畫 art style, dreamy atmosphere, soft kawaii style, cute cat illustration, high quality illustration, detailed fur texture
[14:19:17] MiniMax #9: 三花貓的日常 (油畫) [1:1]
[14:19:41]   已保存: cat_油畫_20260612_04.jpg
[14:19:41] 共生成 9 張圖片於 /home/fjj04/cats/2026-06-12
[14:19:41] 
--- 步驟 5: 更新喵時光 ---
[14:19:41] 已複製: miaomiao_story_20260612_01_01.jpg → /home/fjj04/my-bear-museum/cats-images/2026-06-12/miaomiao_story_20260612_01_01.jpg
[14:21:33] ===== 喵時光每日配送計畫 =====
[14:21:33] 今日日期: 2026-06-12
[14:21:33] 暫存目錄: /home/fjj04/cats/2026-06-12
[14:21:33] 目的目錄: /home/fjj04/my-bear-museum/cats-images/2026-06-12
[14:21:33] 
--- 步驟 1: 檢查系統狀態 ---
[14:21:33] ComfyUI: ✓ 在線
[14:21:33] 
--- 步驟 2: 取得風格 ---
[14:21:33] 風格 (9): ['黏土陶藝風', '水墨風', '和風浮世繪', '復古童話', '薄霧水彩', '粉彩', '童趣蠟筆', '夜景霓虹', '古典素描']
[14:21:33] 
--- 步驟 3: 準備配送項目 ---
[14:21:33]   今日故事類型: 悠閒生活
[14:21:33]   熊熊故事: 在月光下醒來，橘貓妹妹看見窗外有光。
她輕輕推開窗戶，是一顆流星掉落在花園裡。
鈴鐺項圈閃閃發亮，似...
[14:21:33]   故事內容: 在月光下醒來，橘貓妹妹看見窗外有光。
她輕輕推開窗戶，是一顆流星掉落在花園裡。
鈴鐺項圈閃閃發亮，似乎在回應星星的呼喚。
她鼓起勇氣邁出第一步，展開冒險的旅程。
[14:21:33]   分鏡數: 4
[14:21:33]   喵漫1: miaomiao_story_20260612_01_01.jpg (黏土陶藝風)
[14:21:33]   喵漫2: miaomiao_story_20260612_01_02.jpg (水墨風)
[14:21:33]   喵漫3: miaomiao_story_20260612_01_03.jpg (和風浮世繪)
[14:21:33]   喵漫4: miaomiao_story_20260612_01_04.jpg (復古童話)
[14:21:33]   喵圖: miaomiao_single_20260612_01.jpg (薄霧水彩)
[14:21:33]   多元1: cat_粉彩_20260612_01.jpg (英國短毛貓/粉彩)
[14:21:33]   多元2: cat_童趣蠟筆_20260612_02.jpg (布偶貓/童趣蠟筆)
[14:21:33]   多元3: cat_夜景霓虹_20260612_03.jpg (黑貓/夜景霓虹)
[14:21:33]   多元4: cat_古典素描_20260612_04.jpg (三花貓/古典素描)
[14:21:33] 
--- 步驟 4: 生成圖片 ---
[14:21:33] 配送計畫: MiniMax 9 張（ComfyUI 在線）
[14:21:33]   MiniMax 產生 prompt: 喵喵公主 (story)
[14:21:43]   MiniMax prompt 生成失敗: MiniMax chat 回傳空 prompt，使用 fallback
[14:21:43]   prompt (fallback): A cute adorable orange cat, 喵喵公主, 日常 mode, scene: 奶茶色眼睛的特寫, 黏土陶藝風 art style, dreamy atmosphere, soft kawaii style, cute cat illustration, high quality illustration, detailed fur texture
[14:21:43] MiniMax #1: 喵喵公主 (黏土陶藝風) [1:1]
[14:22:03]   MiniMax 生成失敗: <urlopen error [Errno -5] No address associated with hostname>
[14:22:03]   MiniMax 產生 prompt: 喵喵公主 (story)
[14:22:14]   MiniMax prompt 生成失敗: MiniMax chat 回傳空 prompt，使用 fallback
[14:22:14]   prompt (fallback): A cute adorable orange cat, 喵喵公主, Just貓 mode, scene: 蓬鬆的橘色尾巴, 水墨風 art style, dreamy atmosphere, soft kawaii style, cute cat illustration, high quality illustration, detailed fur texture
[14:22:14] MiniMax #1: 喵喵公主 (水墨風) [1:1]
[14:22:36]   已保存: miaomiao_story_20260612_01_02.jpg
[14:22:36]   MiniMax 產生 prompt: 喵喵公主 (story)
[14:22:45]   MiniMax prompt 生成失敗: MiniMax chat 回傳空 prompt，使用 fallback
[14:22:45]   prompt (fallback): A cute adorable orange cat, 喵喵公主, 公主 mode, scene: 優雅地走路的姿態, 和風浮世繪 art style, dreamy atmosphere, soft kawaii style, cute cat illustration, high quality illustration, detailed fur texture
[14:22:45] MiniMax #2: 喵喵公主 (和風浮世繪) [1:1]
[14:23:04]   已保存: miaomiao_story_20260612_01_03.jpg
[14:23:04]   MiniMax 產生 prompt: 喵喵公主 (story)
[14:23:14]   MiniMax prompt 生成失敗: MiniMax chat 回傳空 prompt，使用 fallback
[14:23:14]   prompt (fallback): A cute adorable orange cat, 喵喵公主, 日常 mode, scene: 蜷成一圈睡覺中, 復古童話 art style, dreamy atmosphere, soft kawaii style, cute cat illustration, high quality illustration, detailed fur texture
[14:23:14] MiniMax #3: 喵喵公主 (復古童話) [1:1]
[14:23:33]   已保存: miaomiao_story_20260612_01_04.jpg
[14:23:33]   MiniMax 產生 prompt: 喵喵公主 (single)
[14:23:47]   MiniMax prompt 生成失敗: MiniMax chat 回傳空 prompt，使用 fallback
[14:23:47]   prompt (fallback): A cute adorable orange cat, 喵喵公主, Just貓 mode, scene: 奶茶色眼睛的特寫, 薄霧水彩 art style, dreamy atmosphere, soft kawaii style, cute cat illustration, high quality illustration, detailed fur texture
[14:23:47] MiniMax #4: 喵喵公主 (薄霧水彩) [1:1]
[14:24:08]   已保存: miaomiao_single_20260612_01.jpg
[14:24:08]   MiniMax 產生 prompt: 英國短毛貓的日常 (single)
[14:24:15]   MiniMax prompt 生成失敗: MiniMax chat 回傳空 prompt，使用 fallback
[14:24:15]   prompt (fallback): A cute adorable orange cat, 英國短毛貓的日常, 日常 mode, scene: 河流蜿蜒, 粉彩 art style, dreamy atmosphere, soft kawaii style, cute cat illustration, high quality illustration, detailed fur texture
[14:24:15] MiniMax #5: 英國短毛貓的日常 (粉彩) [1:1]
[14:24:34]   已保存: cat_粉彩_20260612_01.jpg
[14:24:34]   MiniMax 產生 prompt: 布偶貓的日常 (single)
[14:24:48]   MiniMax prompt 生成失敗: MiniMax chat 回傳空 prompt，使用 fallback
[14:24:48]   prompt (fallback): A cute adorable orange cat, 布偶貓的日常, 日常 mode, scene: 草莓蛋糕, 童趣蠟筆 art style, dreamy atmosphere, soft kawaii style, cute cat illustration, high quality illustration, detailed fur texture
[14:24:48] MiniMax #6: 布偶貓的日常 (童趣蠟筆) [1:1]
[14:25:09]   已保存: cat_童趣蠟筆_20260612_02.jpg
[14:25:09]   MiniMax 產生 prompt: 黑貓的日常 (single)
[14:25:22]   MiniMax prompt 生成失敗: MiniMax chat 回傳空 prompt，使用 fallback
[14:25:22]   prompt (fallback): A cute adorable orange cat, 黑貓的日常, 日常 mode, scene: 蘋果派香, 夜景霓虹 art style, dreamy atmosphere, soft kawaii style, cute cat illustration, high quality illustration, detailed fur texture
[14:25:22] MiniMax #7: 黑貓的日常 (夜景霓虹) [1:1]
[14:25:43]   已保存: cat_夜景霓虹_20260612_03.jpg
[14:25:43]   MiniMax 產生 prompt: 三花貓的日常 (single)
[14:25:56]   MiniMax prompt 生成失敗: MiniMax chat 回傳空 prompt，使用 fallback
[14:25:56]   prompt (fallback): A cute adorable orange cat, 三花貓的日常, 日常 mode, scene: 月華如水, 古典素描 art style, dreamy atmosphere, soft kawaii style, cute cat illustration, high quality illustration, detailed fur texture
[14:25:56] MiniMax #8: 三花貓的日常 (古典素描) [1:1]
[14:26:18]   已保存: cat_古典素描_20260612_04.jpg
[14:26:18] 共生成 8 張圖片於 /home/fjj04/cats/2026-06-12
[14:26:18] 
--- 步驟 5: 更新喵時光 ---
[14:26:18] 已複製: miaomiao_story_20260612_01_02.jpg → /home/fjj04/my-bear-museum/cats-images/2026-06-12/miaomiao_story_20260612_01_02.jpg
[14:28:10] ===== 喵時光每日配送計畫 =====
[14:28:10] 今日日期: 2026-06-12
[14:28:10] 暫存目錄: /home/fjj04/cats/2026-06-12
[14:28:10] 目的目錄: /home/fjj04/my-bear-museum/cats-images/2026-06-12
[14:28:10] 
--- 步驟 1: 檢查系統狀態 ---
[14:28:10] ComfyUI: ✓ 在線
[14:28:10] 
--- 步驟 2: 取得風格 ---
[14:28:10] 風格 (9): ['紙雕', '玻璃馬賽克', '水彩', '油畫', '黏土陶藝風', '水墨風', '和風浮世繪', '復古童話', '薄霧水彩']
[14:28:10] 
--- 步驟 3: 準備配送項目 ---
[14:28:10]   今日故事類型: 悠閒生活
[14:28:10]   熊熊故事: 在月光下醒來，橘貓妹妹看見窗外有光。
她輕輕推開窗戶，是一顆流星掉落在花園裡。
鈴鐺項圈閃閃發亮，似...
[14:28:10]   故事內容: 在月光下醒來，橘貓妹妹看見窗外有光。
她輕輕推開窗戶，是一顆流星掉落在花園裡。
鈴鐺項圈閃閃發亮，似乎在回應星星的呼喚。
她鼓起勇氣邁出第一步，展開冒險的旅程。
[14:28:10]   分鏡數: 4
[14:28:10]   喵漫1: miaomiao_story_20260612_01_01.jpg (紙雕)
[14:28:10]   喵漫2: miaomiao_story_20260612_01_02.jpg (玻璃馬賽克)
[14:28:10]   喵漫3: miaomiao_story_20260612_01_03.jpg (水彩)
[14:28:10]   喵漫4: miaomiao_story_20260612_01_04.jpg (油畫)
[14:28:10]   喵圖: miaomiao_single_20260612_01.jpg (黏土陶藝風)
[14:28:10]   多元1: cat_水墨風_20260612_01.jpg (英國短毛貓/水墨風)
[14:28:10]   多元2: cat_和風浮世_20260612_02.jpg (布偶貓/和風浮世繪)
[14:28:10]   多元3: cat_復古童話_20260612_03.jpg (黑貓/復古童話)
[14:28:10]   多元4: cat_薄霧水彩_20260612_04.jpg (三花貓/薄霧水彩)
[14:28:10] 
--- 步驟 4: 生成圖片 ---
[14:28:10] 配送計畫: MiniMax 9 張（ComfyUI 在線）
[14:28:10]   MiniMax 產生 prompt: 喵喵公主 (story)
[14:28:11]   MiniMax prompt 生成失敗: HTTPSConnectionPool(host='api.minimax.io', port=443): Max retries exceeded with url: /v1/chat/completions (Caused by NameResolutionError("<urllib3.connection.HTTPSConnection object at 0x7f7f98cca120>: Failed to resolve 'api.minimax.io' ([Errno -2] Name or service not known)"))，使用 fallback
[14:28:11]   prompt (fallback): A cute adorable orange cat, 喵喵公主, Just貓 mode, scene: 蜷成一圈睡覺中, 紙雕 art style, dreamy atmosphere, soft kawaii style, cute cat illustration, high quality illustration, detailed fur texture
[14:28:11] MiniMax #1: 喵喵公主 (紙雕) [1:1]
[14:28:30]   已保存: miaomiao_story_20260612_01_01.jpg
[14:28:30]   MiniMax 產生 prompt: 喵喵公主 (story)
[14:28:41]   MiniMax prompt 生成失敗: MiniMax chat 回傳空 prompt，使用 fallback
[14:28:41]   prompt (fallback): A cute adorable orange cat, 喵喵公主, 日常 mode, scene: 金色鈴鐺項圈閃閃發亮, 玻璃馬賽克 art style, dreamy atmosphere, soft kawaii style, cute cat illustration, high quality illustration, detailed fur texture
[14:28:41] MiniMax #2: 喵喵公主 (玻璃馬賽克) [1:1]
[14:29:01]   已保存: miaomiao_story_20260612_01_02.jpg
[14:29:01]   MiniMax 產生 prompt: 喵喵公主 (story)
[14:29:07]   MiniMax prompt 生成失敗: MiniMax chat 回傳空 prompt，使用 fallback
[14:29:07]   prompt (fallback): A cute adorable orange cat, 喵喵公主, 日常 mode, scene: 蜷成一圈睡覺中, 水彩 art style, dreamy atmosphere, soft kawaii style, cute cat illustration, high quality illustration, detailed fur texture
[14:29:07] MiniMax #3: 喵喵公主 (水彩) [1:1]
[14:29:30]   已保存: miaomiao_story_20260612_01_03.jpg
[14:29:30]   MiniMax 產生 prompt: 喵喵公主 (story)
[14:29:40]   MiniMax prompt 生成失敗: MiniMax chat 回傳空 prompt，使用 fallback
[14:29:40]   prompt (fallback): A cute adorable orange cat, 喵喵公主, 日常 mode, scene: 金色鈴鐺項圈閃閃發亮, 油畫 art style, dreamy atmosphere, soft kawaii style, cute cat illustration, high quality illustration, detailed fur texture
[14:29:40] MiniMax #4: 喵喵公主 (油畫) [1:1]
[14:30:00]   已保存: miaomiao_story_20260612_01_04.jpg
[14:30:00]   MiniMax 產生 prompt: 喵喵公主 (single)
[14:30:12]   MiniMax prompt 生成失敗: MiniMax chat 回傳空 prompt，使用 fallback
[14:30:12]   prompt (fallback): A cute adorable orange cat, 喵喵公主, 公主 mode, scene: 蓬鬆的橘色尾巴, 黏土陶藝風 art style, dreamy atmosphere, soft kawaii style, cute cat illustration, high quality illustration, detailed fur texture
[14:30:12] MiniMax #5: 喵喵公主 (黏土陶藝風) [1:1]
[14:30:32]   已保存: miaomiao_single_20260612_01.jpg
[14:30:32]   MiniMax 產生 prompt: 英國短毛貓的日常 (single)
[14:30:45]   MiniMax prompt 生成失敗: MiniMax chat 回傳空 prompt，使用 fallback
[14:30:45]   prompt (fallback): A cute adorable orange cat, 英國短毛貓的日常, 日常 mode, scene: 精靈羽毛, 水墨風 art style, dreamy atmosphere, soft kawaii style, cute cat illustration, high quality illustration, detailed fur texture
[14:30:45] MiniMax #6: 英國短毛貓的日常 (水墨風) [1:1]
[14:31:05]   已保存: cat_水墨風_20260612_01.jpg
[14:31:05]   MiniMax 產生 prompt: 布偶貓的日常 (single)
[14:31:18]   MiniMax prompt 生成失敗: MiniMax chat 回傳空 prompt，使用 fallback
[14:31:18]   prompt (fallback): A cute adorable orange cat, 布偶貓的日常, 日常 mode, scene: 雲端城堡, 和風浮世繪 art style, dreamy atmosphere, soft kawaii style, cute cat illustration, high quality illustration, detailed fur texture
[14:31:18] MiniMax #7: 布偶貓的日常 (和風浮世繪) [1:1]
[14:31:37]   已保存: cat_和風浮世_20260612_02.jpg
[14:31:37]   MiniMax 產生 prompt: 黑貓的日常 (single)
[14:31:49]   MiniMax prompt 生成失敗: MiniMax chat 回傳空 prompt，使用 fallback
[14:31:49]   prompt (fallback): A cute adorable orange cat, 黑貓的日常, 日常 mode, scene: 白雲如絮, 復古童話 art style, dreamy atmosphere, soft kawaii style, cute cat illustration, high quality illustration, detailed fur texture
[14:31:49] MiniMax #8: 黑貓的日常 (復古童話) [1:1]
[14:32:11]   已保存: cat_復古童話_20260612_03.jpg
[14:32:11]   MiniMax 產生 prompt: 三花貓的日常 (single)
[14:32:23]   MiniMax prompt 生成失敗: MiniMax chat 回傳空 prompt，使用 fallback
[14:32:23]   prompt (fallback): A cute adorable orange cat, 三花貓的日常, 日常 mode, scene: 星光隧道, 薄霧水彩 art style, dreamy atmosphere, soft kawaii style, cute cat illustration, high quality illustration, detailed fur texture
[14:32:23] MiniMax #9: 三花貓的日常 (薄霧水彩) [1:1]
[14:32:45]   已保存: cat_薄霧水彩_20260612_04.jpg
[14:32:45] 共生成 9 張圖片於 /home/fjj04/cats/2026-06-12
[14:32:45] 
--- 步驟 5: 更新喵時光 ---
[14:32:45] 已複製: miaomiao_story_20260612_01_01.jpg → /home/fjj04/my-bear-museum/cats-images/2026-06-12/miaomiao_story_20260612_01_01.jpg
[14:32:45] 已複製: miaomiao_story_20260612_01_02.jpg → /home/fjj04/my-bear-museum/cats-images/2026-06-12/miaomiao_story_20260612_01_02.jpg
[14:32:45] 已複製: miaomiao_story_20260612_01_03.jpg → /home/fjj04/my-bear-museum/cats-images/2026-06-12/miaomiao_story_20260612_01_03.jpg
[14:32:45] 已複製: miaomiao_story_20260612_01_04.jpg → /home/fjj04/my-bear-museum/cats-images/2026-06-12/miaomiao_story_20260612_01_04.jpg
[14:32:45] 已複製: miaomiao_single_20260612_01.jpg → /home/fjj04/my-bear-museum/cats-images/2026-06-12/miaomiao_single_20260612_01.jpg
[14:32:45] 已複製: cat_水墨風_20260612_01.jpg → /home/fjj04/my-bear-museum/cats-images/2026-06-12/cat_水墨風_20260612_01.jpg
[14:32:45] 已複製: cat_和風浮世_20260612_02.jpg → /home/fjj04/my-bear-museum/cats-images/2026-06-12/cat_和風浮世_20260612_02.jpg
[14:32:45] 已複製: cat_復古童話_20260612_03.jpg → /home/fjj04/my-bear-museum/cats-images/2026-06-12/cat_復古童話_20260612_03.jpg
[14:32:45] 已複製: cat_薄霧水彩_20260612_04.jpg → /home/fjj04/my-bear-museum/cats-images/2026-06-12/cat_薄霧水彩_20260612_04.jpg
[14:32:45] 已更新 cats.json
[14:32:45] 新增 9 筆記錄
[14:32:45] 
--- 步驟 6: Git Commit ---
[17:11:37] ===== 喵時光每日配送計畫 =====
[17:11:37] 今日日期: 2026-06-12
[17:11:37] 暫存目錄: /home/fjj04/cats/2026-06-12
[17:11:37] 目的目錄: /home/fjj04/my-bear-museum/cats-images/2026-06-12
[17:11:37] 
--- 步驟 1: 檢查系統狀態 ---
[17:11:37] ComfyUI: ✓ 在線
[17:11:37] 
--- 步驟 2: 取得風格 ---
[17:11:37] 風格 (9): ['粉彩', '童趣蠟筆', '夜景霓虹', '古典素描', '紙雕', '玻璃馬賽克', '水彩', '油畫', '黏土陶藝風']
[17:11:37] 
--- 步驟 3: 準備配送項目 ---
[17:11:37]   今日故事類型: 日常生活
[17:11:37]   熊熊故事: 在月光下醒來，橘貓妹妹看見窗外有光。
她輕輕推開窗戶，是一顆流星掉落在花園裡。
鈴鐺項圈閃閃發亮，似...
[17:11:37]   故事內容: 在月光下醒來，橘貓妹妹看見窗外有光。
她輕輕推開窗戶，是一顆流星掉落在花園裡。
鈴鐺項圈閃閃發亮，似乎在回應星星的呼喚。
她鼓起勇氣邁出第一步，展開冒險的旅程。
[17:11:37]   分鏡數: 4
[17:11:37]   喵漫1: miaomiao_story_20260612_01_01.jpg (粉彩)
[17:11:37]   喵漫2: miaomiao_story_20260612_01_02.jpg (童趣蠟筆)
[17:11:37]   喵漫3: miaomiao_story_20260612_01_03.jpg (夜景霓虹)
[17:11:37]   喵漫4: miaomiao_story_20260612_01_04.jpg (古典素描)
[17:11:37]   喵圖: miaomiao_single_20260612_01.jpg (紙雕)
[17:11:37]   多元1: cat_玻璃馬賽_20260612_01.jpg (英國短毛貓/玻璃馬賽克)
[17:11:37]   多元2: cat_水彩_20260612_02.jpg (布偶貓/水彩)
[17:11:37]   多元3: cat_油畫_20260612_03.jpg (黑貓/油畫)
[17:11:37]   多元4: cat_黏土陶藝_20260612_04.jpg (三花貓/黏土陶藝風)
[17:11:37] 
--- 步驟 4: 生成圖片 ---
[17:11:37] 配送計畫: MiniMax 9 張（ComfyUI 在線）
[17:11:37]   MiniMax 產生 prompt: 喵喵公主 (story)
[17:11:46]   MiniMax prompt 生成失敗: MiniMax chat 回傳空 prompt，使用 fallback
[17:11:46]   prompt (fallback): A cute adorable orange cat, 喵喵公主, Just貓 mode, scene: 奶茶色眼睛的特寫, 粉彩 art style, dreamy atmosphere, soft kawaii style, cute cat illustration, high quality illustration, detailed fur texture
[17:11:46] MiniMax #1: 喵喵公主 (粉彩) [1:1]
[17:12:06]   已保存: miaomiao_story_20260612_01_01.jpg
[17:12:06]   MiniMax 產生 prompt: 喵喵公主 (story)
[17:12:13]   MiniMax prompt 生成失敗: MiniMax chat 回傳空 prompt，使用 fallback
[17:12:13]   prompt (fallback): A cute adorable orange cat, 喵喵公主, 公主 mode, scene: 蓬鬆的橘色尾巴, 童趣蠟筆 art style, dreamy atmosphere, soft kawaii style, cute cat illustration, high quality illustration, detailed fur texture
[17:12:13] MiniMax #2: 喵喵公主 (童趣蠟筆) [1:1]
[17:12:33]   已保存: miaomiao_story_20260612_01_02.jpg
[17:12:33]   MiniMax 產生 prompt: 喵喵公主 (story)
[17:12:42]   MiniMax prompt 生成失敗: MiniMax chat 回傳空 prompt，使用 fallback
[17:12:42]   prompt (fallback): A cute adorable orange cat, 喵喵公主, 神秘 mode, scene: 金色鈴鐺項圈閃閃發亮, 夜景霓虹 art style, dreamy atmosphere, soft kawaii style, cute cat illustration, high quality illustration, detailed fur texture
[17:12:42] MiniMax #3: 喵喵公主 (夜景霓虹) [1:1]
[17:13:03]   已保存: miaomiao_story_20260612_01_03.jpg
[17:13:03]   MiniMax 產生 prompt: 喵喵公主 (story)
[17:13:11]   MiniMax prompt 生成失敗: MiniMax chat 回傳空 prompt，使用 fallback
[17:13:11]   prompt (fallback): A cute adorable orange cat, 喵喵公主, 神秘 mode, scene: 蓬鬆的橘色尾巴, 古典素描 art style, dreamy atmosphere, soft kawaii style, cute cat illustration, high quality illustration, detailed fur texture
[17:13:11] MiniMax #4: 喵喵公主 (古典素描) [1:1]
[17:13:31]   已保存: miaomiao_story_20260612_01_04.jpg
[17:13:31]   MiniMax 產生 prompt: 喵喵公主 (single)
[17:13:38]   MiniMax prompt 生成失敗: MiniMax chat 回傳空 prompt，使用 fallback
[17:13:38]   prompt (fallback): A cute adorable orange cat, 喵喵公主, 神秘 mode, scene: 蓬鬆的橘色尾巴, 紙雕 art style, dreamy atmosphere, soft kawaii style, cute cat illustration, high quality illustration, detailed fur texture
[17:13:38] MiniMax #5: 喵喵公主 (紙雕) [1:1]
[17:13:58]   已保存: miaomiao_single_20260612_01.jpg
[17:13:58]   MiniMax 產生 prompt: 英國短毛貓的日常 (single)
[17:14:08]   MiniMax prompt 生成失敗: MiniMax chat 回傳空 prompt，使用 fallback
[17:14:08]   prompt (fallback): A cute adorable orange cat, 英國短毛貓的日常, 日常 mode, scene: 星星糖屋, 玻璃馬賽克 art style, dreamy atmosphere, soft kawaii style, cute cat illustration, high quality illustration, detailed fur texture
[17:14:08] MiniMax #6: 英國短毛貓的日常 (玻璃馬賽克) [1:1]
[17:14:31]   已保存: cat_玻璃馬賽_20260612_01.jpg
[17:14:31]   MiniMax 產生 prompt: 布偶貓的日常 (single)
[17:14:40]   MiniMax prompt 生成失敗: MiniMax chat 回傳空 prompt，使用 fallback
[17:14:40]   prompt (fallback): A cute adorable orange cat, 布偶貓的日常, 日常 mode, scene: 夢幻泡泡, 水彩 art style, dreamy atmosphere, soft kawaii style, cute cat illustration, high quality illustration, detailed fur texture
[17:14:40] MiniMax #7: 布偶貓的日常 (水彩) [1:1]
[17:15:00]   已保存: cat_水彩_20260612_02.jpg
[17:15:00]   MiniMax 產生 prompt: 黑貓的日常 (single)
[17:15:12]   MiniMax prompt 生成失敗: MiniMax chat 回傳空 prompt，使用 fallback
[17:15:12]   prompt (fallback): A cute adorable orange cat, 黑貓的日常, 日常 mode, scene: 蓮花出淤泥, 油畫 art style, dreamy atmosphere, soft kawaii style, cute cat illustration, high quality illustration, detailed fur texture
[17:15:12] MiniMax #8: 黑貓的日常 (油畫) [1:1]
[17:15:31]   已保存: cat_油畫_20260612_03.jpg
[17:15:31]   MiniMax 產生 prompt: 三花貓的日常 (single)
[17:15:43]   MiniMax prompt 生成失敗: MiniMax chat 回傳空 prompt，使用 fallback
[17:15:43]   prompt (fallback): A cute adorable orange cat, 三花貓的日常, 日常 mode, scene: 花語信箱, 黏土陶藝風 art style, dreamy atmosphere, soft kawaii style, cute cat illustration, high quality illustration, detailed fur texture
[17:15:43] MiniMax #9: 三花貓的日常 (黏土陶藝風) [1:1]
[17:16:04]   已保存: cat_黏土陶藝_20260612_04.jpg
[17:16:04] 共生成 9 張圖片於 /home/fjj04/cats/2026-06-12
[17:16:04] 
--- 步驟 5: 更新喵時光 ---
[17:16:04] 已複製: miaomiao_story_20260612_01_01.jpg → /home/fjj04/my-bear-museum/cats-images/2026-06-12/miaomiao_story_20260612_01_01.jpg
[17:16:04] 已複製: miaomiao_story_20260612_01_02.jpg → /home/fjj04/my-bear-museum/cats-images/2026-06-12/miaomiao_story_20260612_01_02.jpg
[17:16:04] 已複製: miaomiao_story_20260612_01_03.jpg → /home/fjj04/my-bear-museum/cats-images/2026-06-12/miaomiao_story_20260612_01_03.jpg
[17:16:04] 已複製: miaomiao_story_20260612_01_04.jpg → /home/fjj04/my-bear-museum/cats-images/2026-06-12/miaomiao_story_20260612_01_04.jpg
[17:16:04] 已複製: miaomiao_single_20260612_01.jpg → /home/fjj04/my-bear-museum/cats-images/2026-06-12/miaomiao_single_20260612_01.jpg
[17:16:04] 已複製: cat_玻璃馬賽_20260612_01.jpg → /home/fjj04/my-bear-museum/cats-images/2026-06-12/cat_玻璃馬賽_20260612_01.jpg
[17:16:04] 已複製: cat_水彩_20260612_02.jpg → /home/fjj04/my-bear-museum/cats-images/2026-06-12/cat_水彩_20260612_02.jpg
[17:16:04] 已複製: cat_油畫_20260612_03.jpg → /home/fjj04/my-bear-museum/cats-images/2026-06-12/cat_油畫_20260612_03.jpg
[17:16:04] 已複製: cat_黏土陶藝_20260612_04.jpg → /home/fjj04/my-bear-museum/cats-images/2026-06-12/cat_黏土陶藝_20260612_04.jpg
[17:16:04] 已更新 cats.json
[17:16:04] 新增 9 筆記錄
[17:16:04] 
--- 步驟 6: Git Commit ---
[17:16:08] Git push 完成
[17:16:08] 
--- 步驟 7: 部署到 Cloudflare Pages ---
[17:16:20] 
===== 完成 =====
[17:16:20] 到 https://kumaweb.pages.dev/cats.html 觀看結果
[17:20:40] ===== 喵時光每日配送計畫 =====
[17:20:40] 今日日期: 2026-06-12
[17:20:40] 暫存目錄: /home/fjj04/cats/2026-06-12
[17:20:40] 目的目錄: /home/fjj04/my-bear-museum/cats-images/2026-06-12
[17:20:40] 
--- 步驟 1: 檢查系統狀態 ---
[17:20:40] ComfyUI: ✓ 在線
[17:20:40] 
--- 步驟 2: 取得風格 ---
[17:20:40] 風格 (9): ['水墨風', '和風浮世繪', '復古童話', '薄霧水彩', '粉彩', '童趣蠟筆', '夜景霓虹', '古典素描', '紙雕']
[17:20:40] 
--- 步驟 3: 準備配送項目 ---
[17:20:40]   今日故事類型: 炸毛生活
[17:20:40]   熊熊故事: 在月光下醒來，橘貓妹妹看見窗外有光。
她輕輕推開窗戶，是一顆流星掉落在花園裡。
鈴鐺項圈閃閃發亮，似...
[17:20:40]   故事內容: 在月光下醒來，橘貓妹妹看見窗外有光。
她輕輕推開窗戶，是一顆流星掉落在花園裡。
鈴鐺項圈閃閃發亮，似乎在回應星星的呼喚。
她鼓起勇氣邁出第一步，展開冒險的旅程。
[17:20:40]   分鏡數: 4
[17:20:40]   喵漫1: miaomiao_story_20260612_01_01.jpg (水墨風)
[17:20:40]   喵漫2: miaomiao_story_20260612_01_02.jpg (和風浮世繪)
[17:20:40]   喵漫3: miaomiao_story_20260612_01_03.jpg (復古童話)
[17:20:40]   喵漫4: miaomiao_story_20260612_01_04.jpg (薄霧水彩)
[17:20:40]   喵圖: miaomiao_single_20260612_01.jpg (粉彩)
[17:20:40]   多元1: cat_童趣蠟筆_20260612_01.jpg (英國短毛貓/童趣蠟筆)
[17:20:40]   多元2: cat_夜景霓虹_20260612_02.jpg (布偶貓/夜景霓虹)
[17:20:40]   多元3: cat_古典素描_20260612_03.jpg (黑貓/古典素描)
[17:20:40]   多元4: cat_紙雕_20260612_04.jpg (三花貓/紙雕)
[17:20:40] 
--- 步驟 4: 生成圖片 ---
[17:20:40] 配送計畫: MiniMax 9 張（ComfyUI 在線）
[17:20:40]   MiniMax 產生 prompt: 喵喵公主 (story)
[17:20:47]   MiniMax prompt 生成失敗: MiniMax chat 回傳空 prompt，使用 fallback
[17:20:47]   prompt (fallback): A cute adorable orange cat, 喵喵公主, 神秘 mode, scene: 蜷成一圈睡覺中, 水墨風 art style, dreamy atmosphere, soft kawaii style, cute cat illustration, high quality illustration, detailed fur texture
[17:20:47] MiniMax #1: 喵喵公主 (水墨風) [1:1]
[17:21:08]   已保存: miaomiao_story_20260612_01_01.jpg
[17:21:08]   MiniMax 產生 prompt: 喵喵公主 (story)
[17:21:16]   MiniMax prompt 生成失敗: MiniMax chat 回傳空 prompt，使用 fallback
[17:21:16]   prompt (fallback): A cute adorable orange cat, 喵喵公主, 公主 mode, scene: 蓬鬆的橘色尾巴, 和風浮世繪 art style, dreamy atmosphere, soft kawaii style, cute cat illustration, high quality illustration, detailed fur texture
[17:21:16] MiniMax #2: 喵喵公主 (和風浮世繪) [1:1]
[17:21:38]   已保存: miaomiao_story_20260612_01_02.jpg
[17:21:38]   MiniMax 產生 prompt: 喵喵公主 (story)
[17:21:47]   MiniMax prompt 生成失敗: MiniMax chat 回傳空 prompt，使用 fallback
[17:21:47]   prompt (fallback): A cute adorable orange cat, 喵喵公主, 神秘 mode, scene: 優雅地走路的姿態, 復古童話 art style, dreamy atmosphere, soft kawaii style, cute cat illustration, high quality illustration, detailed fur texture
[17:21:47] MiniMax #3: 喵喵公主 (復古童話) [1:1]
[17:22:07]   已保存: miaomiao_story_20260612_01_03.jpg
[17:22:07]   MiniMax 產生 prompt: 喵喵公主 (story)
[17:22:15]   MiniMax prompt 生成失敗: MiniMax chat 回傳空 prompt，使用 fallback
[17:22:15]   prompt (fallback): A cute adorable orange cat, 喵喵公主, Just貓 mode, scene: 優雅地走路的姿態, 薄霧水彩 art style, dreamy atmosphere, soft kawaii style, cute cat illustration, high quality illustration, detailed fur texture
[17:22:15] MiniMax #4: 喵喵公主 (薄霧水彩) [1:1]
[17:22:35]   已保存: miaomiao_story_20260612_01_04.jpg
[17:22:35]   MiniMax 產生 prompt: 喵喵公主 (single)
[17:22:44]   MiniMax prompt 生成失敗: MiniMax chat 回傳空 prompt，使用 fallback
[17:22:44]   prompt (fallback): A cute adorable orange cat, 喵喵公主, 日常 mode, scene: 蓬鬆的橘色尾巴, 粉彩 art style, dreamy atmosphere, soft kawaii style, cute cat illustration, high quality illustration, detailed fur texture
[17:22:44] MiniMax #5: 喵喵公主 (粉彩) [1:1]
[17:23:04]   已保存: miaomiao_single_20260612_01.jpg
[17:23:04]   MiniMax 產生 prompt: 英國短毛貓的日常 (single)
[17:23:12]   MiniMax prompt 生成失敗: MiniMax chat 回傳空 prompt，使用 fallback
[17:23:12]   prompt (fallback): A cute adorable orange cat, 英國短毛貓的日常, 日常 mode, scene: 晴空萬里遠, 童趣蠟筆 art style, dreamy atmosphere, soft kawaii style, cute cat illustration, high quality illustration, detailed fur texture
[17:23:12] MiniMax #6: 英國短毛貓的日常 (童趣蠟筆) [1:1]
[17:23:32]   已保存: cat_童趣蠟筆_20260612_01.jpg
[17:23:32]   MiniMax 產生 prompt: 布偶貓的日常 (single)
[17:23:42]   MiniMax prompt 生成失敗: MiniMax chat 回傳空 prompt，使用 fallback
[17:23:42]   prompt (fallback): A cute adorable orange cat, 布偶貓的日常, 日常 mode, scene: 雪花飛舞, 夜景霓虹 art style, dreamy atmosphere, soft kawaii style, cute cat illustration, high quality illustration, detailed fur texture
[17:23:42] MiniMax #7: 布偶貓的日常 (夜景霓虹) [1:1]
[17:24:02]   已保存: cat_夜景霓虹_20260612_02.jpg
[17:24:02]   MiniMax 產生 prompt: 黑貓的日常 (single)
[17:24:13]   MiniMax prompt 生成失敗: MiniMax chat 回傳空 prompt，使用 fallback
[17:24:13]   prompt (fallback): A cute adorable orange cat, 黑貓的日常, 日常 mode, scene: 桂花飄香, 古典素描 art style, dreamy atmosphere, soft kawaii style, cute cat illustration, high quality illustration, detailed fur texture
[17:24:13] MiniMax #8: 黑貓的日常 (古典素描) [1:1]
[17:24:33]   已保存: cat_古典素描_20260612_03.jpg
[17:24:33]   MiniMax 產生 prompt: 三花貓的日常 (single)
[17:24:44]   MiniMax prompt 生成失敗: MiniMax chat 回傳空 prompt，使用 fallback
[17:24:44]   prompt (fallback): A cute adorable orange cat, 三花貓的日常, 日常 mode, scene: 月光精靈, 紙雕 art style, dreamy atmosphere, soft kawaii style, cute cat illustration, high quality illustration, detailed fur texture
[17:24:44] MiniMax #9: 三花貓的日常 (紙雕) [1:1]
[17:25:04]   已保存: cat_紙雕_20260612_04.jpg
[17:25:04] 共生成 9 張圖片於 /home/fjj04/cats/2026-06-12
[17:25:04] 
--- 步驟 5: 更新喵時光 ---
[17:25:04] 已複製: miaomiao_story_20260612_01_01.jpg → /home/fjj04/my-bear-museum/cats-images/2026-06-12/miaomiao_story_20260612_01_01.jpg
[17:25:04] 已複製: miaomiao_story_20260612_01_02.jpg → /home/fjj04/my-bear-museum/cats-images/2026-06-12/miaomiao_story_20260612_01_02.jpg
[17:25:04] 已複製: miaomiao_story_20260612_01_03.jpg → /home/fjj04/my-bear-museum/cats-images/2026-06-12/miaomiao_story_20260612_01_03.jpg
[17:25:04] 已複製: miaomiao_story_20260612_01_04.jpg → /home/fjj04/my-bear-museum/cats-images/2026-06-12/miaomiao_story_20260612_01_04.jpg
[17:25:04] 已複製: miaomiao_single_20260612_01.jpg → /home/fjj04/my-bear-museum/cats-images/2026-06-12/miaomiao_single_20260612_01.jpg
[17:25:04] 已複製: cat_童趣蠟筆_20260612_01.jpg → /home/fjj04/my-bear-museum/cats-images/2026-06-12/cat_童趣蠟筆_20260612_01.jpg
[17:25:04] 已複製: cat_夜景霓虹_20260612_02.jpg → /home/fjj04/my-bear-museum/cats-images/2026-06-12/cat_夜景霓虹_20260612_02.jpg
[17:25:04] 已複製: cat_古典素描_20260612_03.jpg → /home/fjj04/my-bear-museum/cats-images/2026-06-12/cat_古典素描_20260612_03.jpg
[17:25:04] 已複製: cat_紙雕_20260612_04.jpg → /home/fjj04/my-bear-museum/cats-images/2026-06-12/cat_紙雕_20260612_04.jpg
[17:25:04] 已更新 cats.json
[17:25:04] 新增 9 筆記錄
[17:25:04] 
--- 步驟 6: Git Commit ---
[17:25:09] Git push 完成
[17:25:09] 
--- 步驟 7: 部署到 Cloudflare Pages ---
[17:25:20] 
===== 完成 =====
[17:25:20] 到 https://kumaweb.pages.dev/cats.html 觀看結果
[17:29:24] ===== 喵時光每日配送計畫 =====
[17:29:24] 今日日期: 2026-06-12
[17:29:24] 暫存目錄: /home/fjj04/cats/2026-06-12
[17:29:24] 目的目錄: /home/fjj04/my-bear-museum/cats-images/2026-06-12
[17:29:24] 
--- 步驟 1: 檢查系統狀態 ---
[17:29:24] ComfyUI: ✓ 在線
[17:29:24] 
--- 步驟 2: 取得風格 ---
[17:29:24] 風格 (9): ['玻璃馬賽克', '水彩', '油畫', '黏土陶藝風', '水墨風', '和風浮世繪', '復古童話', '薄霧水彩', '粉彩']
[17:29:24] 
--- 步驟 3: 準備配送項目 ---
[17:29:24]   今日故事類型: 悠閒生活
[17:29:24]   熊熊故事: 在月光下醒來，橘貓妹妹看見窗外有光。
她輕輕推開窗戶，是一顆流星掉落在花園裡。
鈴鐺項圈閃閃發亮，似...
[17:29:24]   故事內容: 在月光下醒來，橘貓妹妹看見窗外有光。
她輕輕推開窗戶，是一顆流星掉落在花園裡。
鈴鐺項圈閃閃發亮，似乎在回應星星的呼喚。
她鼓起勇氣邁出第一步，展開冒險的旅程。
[17:29:24]   分鏡數: 4
[17:29:24]   喵漫1: miaomiao_story_20260612_01_01.jpg (玻璃馬賽克)
[17:29:24]   喵漫2: miaomiao_story_20260612_01_02.jpg (水彩)
[17:29:24]   喵漫3: miaomiao_story_20260612_01_03.jpg (油畫)
[17:29:24]   喵漫4: miaomiao_story_20260612_01_04.jpg (黏土陶藝風)
[17:29:24]   喵圖: miaomiao_single_20260612_01.jpg (水墨風)
[17:29:24]   多元1: cat_和風浮世_20260612_01.jpg (英國短毛貓/和風浮世繪)
[17:29:24]   多元2: cat_復古童話_20260612_02.jpg (布偶貓/復古童話)
[17:29:24]   多元3: cat_薄霧水彩_20260612_03.jpg (黑貓/薄霧水彩)
[17:29:24]   多元4: cat_粉彩_20260612_04.jpg (三花貓/粉彩)
[17:29:24] 
--- 步驟 4: 生成圖片 ---
[17:29:24] 配送計畫: MiniMax 9 張（ComfyUI 在線）
[17:29:24]   MiniMax 產生 prompt: 喵喵公主 (story)
[17:29:33]   MiniMax prompt 生成失敗: MiniMax chat 回傳空 prompt，使用 fallback
[17:29:33]   prompt (fallback): A cute adorable orange cat, 喵喵公主, 日常 mode, scene: 蓬鬆的橘色尾巴, 玻璃馬賽克 art style, dreamy atmosphere, soft kawaii style, cute cat illustration, high quality illustration, detailed fur texture
[17:29:33] MiniMax #1: 喵喵公主 (玻璃馬賽克) [1:1]
[17:29:53]   已保存: miaomiao_story_20260612_01_01.jpg
[17:29:53]   MiniMax 產生 prompt: 喵喵公主 (story)
[17:30:00]   MiniMax prompt 生成失敗: MiniMax chat 回傳空 prompt，使用 fallback
[17:30:00]   prompt (fallback): A cute adorable orange cat, 喵喵公主, 公主 mode, scene: 優雅地走路的姿態, 水彩 art style, dreamy atmosphere, soft kawaii style, cute cat illustration, high quality illustration, detailed fur texture
[17:30:00] MiniMax #2: 喵喵公主 (水彩) [1:1]
[17:30:20]   已保存: miaomiao_story_20260612_01_02.jpg
[17:30:20]   MiniMax 產生 prompt: 喵喵公主 (story)
[17:30:31]   MiniMax prompt 生成失敗: MiniMax chat 回傳空 prompt，使用 fallback
[17:30:31]   prompt (fallback): A cute adorable orange cat, 喵喵公主, 公主 mode, scene: 蓬鬆的橘色尾巴, 油畫 art style, dreamy atmosphere, soft kawaii style, cute cat illustration, high quality illustration, detailed fur texture
[17:30:31] MiniMax #3: 喵喵公主 (油畫) [1:1]
[17:30:51]   已保存: miaomiao_story_20260612_01_03.jpg
[17:30:51]   MiniMax 產生 prompt: 喵喵公主 (story)
[17:30:59]   MiniMax prompt 生成失敗: MiniMax chat 回傳空 prompt，使用 fallback
[17:30:59]   prompt (fallback): A cute adorable orange cat, 喵喵公主, Just貓 mode, scene: 蓬鬆的橘色尾巴, 黏土陶藝風 art style, dreamy atmosphere, soft kawaii style, cute cat illustration, high quality illustration, detailed fur texture
[17:30:59] MiniMax #4: 喵喵公主 (黏土陶藝風) [1:1]
[17:31:19]   已保存: miaomiao_story_20260612_01_04.jpg
[17:31:19]   MiniMax 產生 prompt: 喵喵公主 (single)
[17:31:29]   MiniMax prompt 生成失敗: MiniMax chat 回傳空 prompt，使用 fallback
[17:31:29]   prompt (fallback): A cute adorable orange cat, 喵喵公主, 日常 mode, scene: 蓬鬆的橘色尾巴, 水墨風 art style, dreamy atmosphere, soft kawaii style, cute cat illustration, high quality illustration, detailed fur texture
[17:31:29] MiniMax #5: 喵喵公主 (水墨風) [1:1]
[17:32:02]   已保存: miaomiao_single_20260612_01.jpg
[17:32:02]   MiniMax 產生 prompt: 英國短毛貓的日常 (single)
[17:32:12]   MiniMax prompt 生成失敗: MiniMax chat 回傳空 prompt，使用 fallback
[17:32:12]   prompt (fallback): A cute adorable orange cat, 英國短毛貓的日常, 日常 mode, scene: 牡丹富貴, 和風浮世繪 art style, dreamy atmosphere, soft kawaii style, cute cat illustration, high quality illustration, detailed fur texture
[17:32:12] MiniMax #6: 英國短毛貓的日常 (和風浮世繪) [1:1]
[17:32:33]   已保存: cat_和風浮世_20260612_01.jpg
[17:32:33]   MiniMax 產生 prompt: 布偶貓的日常 (single)
[17:32:41]   MiniMax prompt 生成失敗: MiniMax chat 回傳空 prompt，使用 fallback
[17:32:41]   prompt (fallback): A cute adorable orange cat, 布偶貓的日常, 日常 mode, scene: 草莓奶凍, 復古童話 art style, dreamy atmosphere, soft kawaii style, cute cat illustration, high quality illustration, detailed fur texture
[17:32:41] MiniMax #7: 布偶貓的日常 (復古童話) [1:1]
[17:33:01]   已保存: cat_復古童話_20260612_02.jpg
[17:33:01]   MiniMax 產生 prompt: 黑貓的日常 (single)
[17:33:12]   MiniMax prompt 生成失敗: MiniMax chat 回傳空 prompt，使用 fallback
[17:33:12]   prompt (fallback): A cute adorable orange cat, 黑貓的日常, 日常 mode, scene: 清泉石上流, 薄霧水彩 art style, dreamy atmosphere, soft kawaii style, cute cat illustration, high quality illustration, detailed fur texture
[17:33:12] MiniMax #8: 黑貓的日常 (薄霧水彩) [1:1]
[17:33:32]   已保存: cat_薄霧水彩_20260612_03.jpg
[17:33:32]   MiniMax 產生 prompt: 三花貓的日常 (single)
[17:33:45]   MiniMax prompt 生成失敗: MiniMax chat 回傳空 prompt，使用 fallback
[17:33:45]   prompt (fallback): A cute adorable orange cat, 三花貓的日常, 日常 mode, scene: 風輕雲淡, 粉彩 art style, dreamy atmosphere, soft kawaii style, cute cat illustration, high quality illustration, detailed fur texture
[17:33:45] MiniMax #9: 三花貓的日常 (粉彩) [1:1]
[17:34:04]   已保存: cat_粉彩_20260612_04.jpg
[17:34:04] 共生成 9 張圖片於 /home/fjj04/cats/2026-06-12
[17:34:04] 
--- 步驟 5: 更新喵時光 ---
[17:34:04] 已複製: miaomiao_story_20260612_01_01.jpg → /home/fjj04/my-bear-museum/cats-images/2026-06-12/miaomiao_story_20260612_01_01.jpg
[17:34:04] 已複製: miaomiao_story_20260612_01_02.jpg → /home/fjj04/my-bear-museum/cats-images/2026-06-12/miaomiao_story_20260612_01_02.jpg
[17:34:04] 已複製: miaomiao_story_20260612_01_03.jpg → /home/fjj04/my-bear-museum/cats-images/2026-06-12/miaomiao_story_20260612_01_03.jpg
[17:34:04] 已複製: miaomiao_story_20260612_01_04.jpg → /home/fjj04/my-bear-museum/cats-images/2026-06-12/miaomiao_story_20260612_01_04.jpg
[17:34:04] 已複製: miaomiao_single_20260612_01.jpg → /home/fjj04/my-bear-museum/cats-images/2026-06-12/miaomiao_single_20260612_01.jpg
[17:34:04] 已複製: cat_和風浮世_20260612_01.jpg → /home/fjj04/my-bear-museum/cats-images/2026-06-12/cat_和風浮世_20260612_01.jpg
[17:34:04] 已複製: cat_復古童話_20260612_02.jpg → /home/fjj04/my-bear-museum/cats-images/2026-06-12/cat_復古童話_20260612_02.jpg
[17:34:04] 已複製: cat_薄霧水彩_20260612_03.jpg → /home/fjj04/my-bear-museum/cats-images/2026-06-12/cat_薄霧水彩_20260612_03.jpg
[17:34:04] 已複製: cat_粉彩_20260612_04.jpg → /home/fjj04/my-bear-museum/cats-images/2026-06-12/cat_粉彩_20260612_04.jpg
[17:34:04] 已更新 cats.json
[17:34:04] 新增 9 筆記錄
[17:34:04] 
--- 步驟 6: Git Commit ---
[17:34:09] Git push 完成
[17:34:09] 
--- 步驟 7: 部署到 Cloudflare Pages ---
[17:34:24] 
===== 完成 =====
[17:34:24] 到 https://kumaweb.pages.dev/cats.html 觀看結果
