[19:33:18] ===== 喵時光每日配送計畫 =====
[19:33:18] 模式: step2
[19:33:18] 今日日期: 2026-06-10
[19:33:18] 暫存目錄: /home/fjj04/cats/2026-06-10
[19:33:18] 目的目錄: /home/fjj04/my-bear-museum/cats/2026-06-10
[19:33:18] 
--- 步驟 1: 檢查系統狀態 ---
[19:33:18] ComfyUI: ✓ 在線
[19:33:18] 
--- 步驟 2: 取得風格 ---
[19:33:18] 風格 (7): ['水彩', '油畫', '黏土陶藝風', '水墨風', '和風浮世繪', '復古童話', '薄霧水彩']
[19:33:18] 
--- 步驟 3: 準備配送項目 ---
[19:33:18]   4格漫: miaomiao_4grid_20260610_01.jpg (水彩)
[19:33:18]   單格: miaomiao_single_20260610_01.jpg (油畫)
[19:33:18]   多元1: cat_黏土陶藝_20260610_01.jpg (英國短毛貓/黏土陶藝風)
[19:33:18]   多元2: cat_水墨_20260610_02.jpg (布偶貓/水墨風)
[19:33:18]   多元3: cat_和浮世繪_20260610_03.jpg (黑貓/和風浮世繪)
[19:33:18]   多元4: cat_復古童話_20260610_04.jpg (三花貓/復古童話)
[19:33:18]   多元5: cat_薄霧水彩_20260610_05.jpg (橘貓/薄霧水彩)
[19:33:18] 
[step2] 預覽完成，未生圖
[19:33:21] ===== 喵時光每日配送計畫 =====
[19:33:21] 模式: step4
[19:33:21] 今日日期: 2026-06-10
[19:33:21] 暫存目錄: /home/fjj04/cats/2026-06-10
[19:33:21] 目的目錄: /home/fjj04/my-bear-museum/cats/2026-06-10
[19:33:21] 
--- 步驟 1: 檢查系統狀態 ---
[19:33:21] ComfyUI: ✓ 在線
[19:33:21] 
--- 步驟 2: 取得風格 ---
[19:33:21] 風格 (7): ['粉彩', '童趣蠟筆', '夜景霓虹', '古典素描', '紙雕', '玻璃馬賽克', '水彩']
[19:33:21] 
--- 步驟 3: 準備配送項目 ---
[19:33:21]   4格漫: miaomiao_4grid_20260610_01.jpg (粉彩)
[19:33:21]   單格: miaomiao_single_20260610_01.jpg (童趣蠟筆)
[19:33:21]   多元1: cat_夜景霓虹_20260610_01.jpg (英國短毛貓/夜景霓虹)
[19:33:21]   多元2: cat_古典素描_20260610_02.jpg (布偶貓/古典素描)
[19:33:21]   多元3: cat_紙雕_20260610_03.jpg (黑貓/紙雕)
[19:33:21]   多元4: cat_玻璃馬賽克_20260610_04.jpg (三花貓/玻璃馬賽克)
[19:33:21]   多元5: cat_水彩_20260610_05.jpg (橘貓/水彩)
[19:33:21] 
--- 步驟 4: 生成圖片 ---
[19:33:21] 配送計畫: MiniMax 7 張（ComfyUI 在線）
[19:33:21]   MiniMax 產生 prompt: 喵喵公主 (4grid)
[19:33:22]   MiniMax prompt 生成失敗: 401 Client Error: Unauthorized for url: https://api.minimax.io/v1/chat/completions，使用 fallback
[19:33:22]   prompt (fallback): A cute adorable orange cat, 喵喵公主, 日常 mode, scene: 吃早餐的小魚乾時間, 粉彩 art style, dreamy atmosphere, soft kawaii style, cute cat illustration, high quality illustration, detailed fur texture
[19:33:22] MiniMax #1: 喵喵公主 (粉彩) [1:1]
[19:33:23]   MiniMax 生成失敗: login fail: Please carry the API secret key in the 'Authorization' field of the request header
[19:33:23]   MiniMax 產生 prompt: 喵喵公主 (single)
[19:33:24]   MiniMax prompt 生成失敗: 401 Client Error: Unauthorized for url: https://api.minimax.io/v1/chat/completions，使用 fallback
[19:33:24]   prompt (fallback): A cute adorable orange cat, 喵喵公主, 日常 mode, scene: 蓬鬆的橘色尾巴, 童趣蠟筆 art style, dreamy atmosphere, soft kawaii style, cute cat illustration, high quality illustration, detailed fur texture
[19:33:24] MiniMax #1: 喵喵公主 (童趣蠟筆) [1:1]
[19:33:25]   MiniMax 生成失敗: login fail: Please carry the API secret key in the 'Authorization' field of the request header
[19:33:25]   MiniMax 產生 prompt: 英國短毛貓的日常 (single)
[19:33:26]   MiniMax prompt 生成失敗: 401 Client Error: Unauthorized for url: https://api.minimax.io/v1/chat/completions，使用 fallback
[19:33:26]   prompt (fallback): A cute adorable orange cat, 英國短毛貓的日常, 日常 mode, scene: 蜜糖甜甜, 夜景霓虹 art style, dreamy atmosphere, soft kawaii style, cute cat illustration, high quality illustration, detailed fur texture
[19:33:26] MiniMax #1: 英國短毛貓的日常 (夜景霓虹) [1:1]
[19:33:27]   MiniMax 生成失敗: login fail: Please carry the API secret key in the 'Authorization' field of the request header
[19:33:27]   MiniMax 產生 prompt: 布偶貓的日常 (single)
[19:33:28]   MiniMax prompt 生成失敗: 401 Client Error: Unauthorized for url: https://api.minimax.io/v1/chat/completions，使用 fallback
[19:33:28]   prompt (fallback): A cute adorable orange cat, 布偶貓的日常, 日常 mode, scene: 櫻花物語, 古典素描 art style, dreamy atmosphere, soft kawaii style, cute cat illustration, high quality illustration, detailed fur texture
[19:33:28] MiniMax #1: 布偶貓的日常 (古典素描) [1:1]
[19:33:29]   MiniMax 生成失敗: login fail: Please carry the API secret key in the 'Authorization' field of the request header
[19:33:29]   MiniMax 產生 prompt: 黑貓的日常 (single)
[19:33:30]   MiniMax prompt 生成失敗: 401 Client Error: Unauthorized for url: https://api.minimax.io/v1/chat/completions，使用 fallback
[19:33:30]   prompt (fallback): A cute adorable orange cat, 黑貓的日常, 日常 mode, scene: 花香四溢, 紙雕 art style, dreamy atmosphere, soft kawaii style, cute cat illustration, high quality illustration, detailed fur texture
[19:33:30] MiniMax #1: 黑貓的日常 (紙雕) [1:1]
[19:33:31]   MiniMax 生成失敗: login fail: Please carry the API secret key in the 'Authorization' field of the request header
[19:33:31]   MiniMax 產生 prompt: 三花貓的日常 (single)
[19:33:32]   MiniMax prompt 生成失敗: 401 Client Error: Unauthorized for url: https://api.minimax.io/v1/chat/completions，使用 fallback
[19:33:32]   prompt (fallback): A cute adorable orange cat, 三花貓的日常, 日常 mode, scene: 竹林風聲, 玻璃馬賽克 art style, dreamy atmosphere, soft kawaii style, cute cat illustration, high quality illustration, detailed fur texture
[19:33:32] MiniMax #1: 三花貓的日常 (玻璃馬賽克) [1:1]
[19:33:33]   MiniMax 生成失敗: login fail: Please carry the API secret key in the 'Authorization' field of the request header
[19:33:33]   MiniMax 產生 prompt: 橘貓的日常 (single)
[19:33:34]   MiniMax prompt 生成失敗: 401 Client Error: Unauthorized for url: https://api.minimax.io/v1/chat/completions，使用 fallback
[19:33:34]   prompt (fallback): A cute adorable orange cat, 橘貓的日常, 日常 mode, scene: 風雲變幻, 水彩 art style, dreamy atmosphere, soft kawaii style, cute cat illustration, high quality illustration, detailed fur texture
[19:33:34] MiniMax #1: 橘貓的日常 (水彩) [1:1]
[19:33:35]   MiniMax 生成失敗: login fail: Please carry the API secret key in the 'Authorization' field of the request header
[19:33:35] 共生成 0 張圖片於 /home/fjj04/cats/2026-06-10
[19:33:35] 
[step4] 生圖完成，圖片保留於暫存目錄，未複製、未更新 cats.json
[19:33:53] ===== 喵時光每日配送計畫 =====
[19:33:53] 模式: step4
[19:33:53] 今日日期: 2026-06-10
[19:33:53] 暫存目錄: /home/fjj04/cats/2026-06-10
[19:33:53] 目的目錄: /home/fjj04/my-bear-museum/cats/2026-06-10
[19:33:53] 
--- 步驟 1: 檢查系統狀態 ---
[19:33:53] ComfyUI: ✓ 在線
[19:33:53] 
--- 步驟 2: 取得風格 ---
[19:33:53] 風格 (7): ['油畫', '黏土陶藝風', '水墨風', '和風浮世繪', '復古童話', '薄霧水彩', '粉彩']
[19:33:53] 
--- 步驟 3: 準備配送項目 ---
[19:33:53]   4格漫: miaomiao_4grid_20260610_01.jpg (油畫)
[19:33:53]   單格: miaomiao_single_20260610_01.jpg (黏土陶藝風)
[19:33:53]   多元1: cat_水墨_20260610_01.jpg (英國短毛貓/水墨風)
[19:33:53]   多元2: cat_和浮世繪_20260610_02.jpg (布偶貓/和風浮世繪)
[19:33:53]   多元3: cat_復古童話_20260610_03.jpg (黑貓/復古童話)
[19:33:53]   多元4: cat_薄霧水彩_20260610_04.jpg (三花貓/薄霧水彩)
[19:33:53]   多元5: cat_粉彩_20260610_05.jpg (橘貓/粉彩)
[19:33:53] 
--- 步驟 4: 生成圖片 ---
[19:33:53] 配送計畫: MiniMax 7 張（ComfyUI 在線）
[19:33:53]   MiniMax 產生 prompt: 喵喵公主 (4grid)
[19:33:54]   MiniMax prompt 生成失敗: 401 Client Error: Unauthorized for url: https://api.minimax.io/v1/chat/completions，使用 fallback
[19:33:54]   prompt (fallback): A cute adorable orange cat, 喵喵公主, Just貓 mode, scene: 晚上的神秘活動, 油畫 art style, dreamy atmosphere, soft kawaii style, cute cat illustration, high quality illustration, detailed fur texture
[19:33:54] MiniMax #1: 喵喵公主 (油畫) [1:1]
[19:33:55]   MiniMax 生成失敗: login fail: Please carry the API secret key in the 'Authorization' field of the request header
[19:33:55]   MiniMax 產生 prompt: 喵喵公主 (single)
[19:33:56]   MiniMax prompt 生成失敗: 401 Client Error: Unauthorized for url: https://api.minimax.io/v1/chat/completions，使用 fallback
[19:33:56]   prompt (fallback): A cute adorable orange cat, 喵喵公主, 日常 mode, scene: 蜷成一圈睡覺中, 黏土陶藝風 art style, dreamy atmosphere, soft kawaii style, cute cat illustration, high quality illustration, detailed fur texture
[19:33:56] MiniMax #1: 喵喵公主 (黏土陶藝風) [1:1]
[19:33:57]   MiniMax 生成失敗: login fail: Please carry the API secret key in the 'Authorization' field of the request header
[19:33:57]   MiniMax 產生 prompt: 英國短毛貓的日常 (single)
[19:33:58]   MiniMax prompt 生成失敗: 401 Client Error: Unauthorized for url: https://api.minimax.io/v1/chat/completions，使用 fallback
[19:33:58]   prompt (fallback): A cute adorable orange cat, 英國短毛貓的日常, 日常 mode, scene: 永恆之光, 水墨風 art style, dreamy atmosphere, soft kawaii style, cute cat illustration, high quality illustration, detailed fur texture
[19:33:58] MiniMax #1: 英國短毛貓的日常 (水墨風) [1:1]
[19:33:59]   MiniMax 生成失敗: login fail: Please carry the API secret key in the 'Authorization' field of the request header
[19:33:59]   MiniMax 產生 prompt: 布偶貓的日常 (single)
[19:34:00]   MiniMax prompt 生成失敗: 401 Client Error: Unauthorized for url: https://api.minimax.io/v1/chat/completions，使用 fallback
[19:34:00]   prompt (fallback): A cute adorable orange cat, 布偶貓的日常, 日常 mode, scene: 小仙子, 和風浮世繪 art style, dreamy atmosphere, soft kawaii style, cute cat illustration, high quality illustration, detailed fur texture
[19:34:00] MiniMax #1: 布偶貓的日常 (和風浮世繪) [1:1]
[19:34:01]   MiniMax 生成失敗: login fail: Please carry the API secret key in the 'Authorization' field of the request header
[19:34:01]   MiniMax 產生 prompt: 黑貓的日常 (single)
[19:34:02]   MiniMax prompt 生成失敗: 401 Client Error: Unauthorized for url: https://api.minimax.io/v1/chat/completions，使用 fallback
[19:34:02]   prompt (fallback): A cute adorable orange cat, 黑貓的日常, 日常 mode, scene: 星辰精靈, 復古童話 art style, dreamy atmosphere, soft kawaii style, cute cat illustration, high quality illustration, detailed fur texture
[19:34:02] MiniMax #1: 黑貓的日常 (復古童話) [1:1]
[19:34:03]   MiniMax 生成失敗: login fail: Please carry the API secret key in the 'Authorization' field of the request header
[19:34:03]   MiniMax 產生 prompt: 三花貓的日常 (single)
[19:34:04]   MiniMax prompt 生成失敗: 401 Client Error: Unauthorized for url: https://api.minimax.io/v1/chat/completions，使用 fallback
[19:34:04]   prompt (fallback): A cute adorable orange cat, 三花貓的日常, 日常 mode, scene: 白雲蒼狗, 薄霧水彩 art style, dreamy atmosphere, soft kawaii style, cute cat illustration, high quality illustration, detailed fur texture
[19:34:04] MiniMax #1: 三花貓的日常 (薄霧水彩) [1:1]
[19:34:05]   MiniMax 生成失敗: login fail: Please carry the API secret key in the 'Authorization' field of the request header
[19:34:05]   MiniMax 產生 prompt: 橘貓的日常 (single)
[19:34:06]   MiniMax prompt 生成失敗: 401 Client Error: Unauthorized for url: https://api.minimax.io/v1/chat/completions，使用 fallback
[19:34:06]   prompt (fallback): A cute adorable orange cat, 橘貓的日常, 日常 mode, scene: 魔法師, 粉彩 art style, dreamy atmosphere, soft kawaii style, cute cat illustration, high quality illustration, detailed fur texture
[19:34:06] MiniMax #1: 橘貓的日常 (粉彩) [1:1]
[19:34:07]   MiniMax 生成失敗: login fail: Please carry the API secret key in the 'Authorization' field of the request header
[19:34:07] 共生成 0 張圖片於 /home/fjj04/cats/2026-06-10
[19:34:07] 
[step4] 生圖完成，圖片保留於暫存目錄，未複製、未更新 cats.json
[19:34:33] ===== 喵時光每日配送計畫 =====
[19:34:33] 模式: step4
[19:34:33] 今日日期: 2026-06-10
[19:34:33] 暫存目錄: /home/fjj04/cats/2026-06-10
[19:34:33] 目的目錄: /home/fjj04/my-bear-museum/cats/2026-06-10
[19:34:33] 
--- 步驟 1: 檢查系統狀態 ---
[19:34:33] ComfyUI: ✓ 在線
[19:34:33] 
--- 步驟 2: 取得風格 ---
[19:34:33] 風格 (7): ['童趣蠟筆', '夜景霓虹', '古典素描', '紙雕', '玻璃馬賽克', '水彩', '油畫']
[19:34:33] 
--- 步驟 3: 準備配送項目 ---
[19:34:33]   4格漫: miaomiao_4grid_20260610_01.jpg (童趣蠟筆)
[19:34:33]   單格: miaomiao_single_20260610_01.jpg (夜景霓虹)
[19:34:33]   多元1: cat_古典素描_20260610_01.jpg (英國短毛貓/古典素描)
[19:34:33]   多元2: cat_紙雕_20260610_02.jpg (布偶貓/紙雕)
[19:34:33]   多元3: cat_玻璃馬賽克_20260610_03.jpg (黑貓/玻璃馬賽克)
[19:34:33]   多元4: cat_水彩_20260610_04.jpg (三花貓/水彩)
[19:34:33]   多元5: cat_油畫_20260610_05.jpg (橘貓/油畫)
[19:34:33] 
--- 步驟 4: 生成圖片 ---
[19:34:33] 配送計畫: MiniMax 7 張（ComfyUI 在線）
[19:34:33]   MiniMax 產生 prompt: 喵喵公主 (4grid)
[19:34:43]   MiniMax prompt 生成失敗: MiniMax chat 回傳空 prompt，使用 fallback
[19:34:43]   prompt (fallback): A cute adorable orange cat, 喵喵公主, 神秘 mode, scene: 晚上的神秘活動, 童趣蠟筆 art style, dreamy atmosphere, soft kawaii style, cute cat illustration, high quality illustration, detailed fur texture
[19:34:43] MiniMax #1: 喵喵公主 (童趣蠟筆) [1:1]
[19:35:02]   已保存: miaomiao_4grid_20260610_01.jpg
[19:35:02]   MiniMax 產生 prompt: 喵喵公主 (single)
[19:35:12]   MiniMax prompt 生成失敗: MiniMax chat 回傳空 prompt，使用 fallback
[19:35:12]   prompt (fallback): A cute adorable orange cat, 喵喵公主, 日常 mode, scene: 奶茶色眼睛的特寫, 夜景霓虹 art style, dreamy atmosphere, soft kawaii style, cute cat illustration, high quality illustration, detailed fur texture
[19:35:12] MiniMax #2: 喵喵公主 (夜景霓虹) [1:1]
[19:35:32]   已保存: miaomiao_single_20260610_01.jpg
[19:35:32]   MiniMax 產生 prompt: 英國短毛貓的日常 (single)
[19:35:43]   MiniMax prompt 生成失敗: MiniMax chat 回傳空 prompt，使用 fallback
[19:35:43]   prompt (fallback): A cute adorable orange cat, 英國短毛貓的日常, 日常 mode, scene: 晴空萬里, 古典素描 art style, dreamy atmosphere, soft kawaii style, cute cat illustration, high quality illustration, detailed fur texture
[19:35:43] MiniMax #3: 英國短毛貓的日常 (古典素描) [1:1]
[19:36:02]   已保存: cat_古典素描_20260610_01.jpg
[19:36:02]   MiniMax 產生 prompt: 布偶貓的日常 (single)
[19:36:11]   MiniMax prompt 生成失敗: MiniMax chat 回傳空 prompt，使用 fallback
[19:36:11]   prompt (fallback): A cute adorable orange cat, 布偶貓的日常, 日常 mode, scene: 蘭花高雅, 紙雕 art style, dreamy atmosphere, soft kawaii style, cute cat illustration, high quality illustration, detailed fur texture
[19:36:11] MiniMax #4: 布偶貓的日常 (紙雕) [1:1]
[19:36:32]   已保存: cat_紙雕_20260610_02.jpg
[19:36:32]   MiniMax 產生 prompt: 黑貓的日常 (single)
[19:36:42] ===== 喵時光每日配送計畫 =====
[19:36:42] 模式: step4
[19:36:42] 今日日期: 2026-06-10
[19:36:42] 暫存目錄: /home/fjj04/cats/2026-06-10
[19:36:42] 目的目錄: /home/fjj04/my-bear-museum/cats/2026-06-10
[19:36:42] 
--- 步驟 1: 檢查系統狀態 ---
[19:36:42] ComfyUI: ✓ 在線
[19:36:42] 
--- 步驟 2: 取得風格 ---
[19:36:42] 風格 (7): ['黏土陶藝風', '水墨風', '和風浮世繪', '復古童話', '薄霧水彩', '粉彩', '童趣蠟筆']
[19:36:42] 
--- 步驟 3: 準備配送項目 ---
[19:36:42]   4格漫: miaomiao_4grid_20260610_01.jpg (黏土陶藝風)
[19:36:42]   單格: miaomiao_single_20260610_01.jpg (水墨風)
[19:36:42]   多元1: cat_和浮世繪_20260610_01.jpg (英國短毛貓/和風浮世繪)
[19:36:42]   多元2: cat_復古童話_20260610_02.jpg (布偶貓/復古童話)
[19:36:42]   多元3: cat_薄霧水彩_20260610_03.jpg (黑貓/薄霧水彩)
[19:36:42]   多元4: cat_粉彩_20260610_04.jpg (三花貓/粉彩)
[19:36:42]   多元5: cat_童趣蠟筆_20260610_05.jpg (橘貓/童趣蠟筆)
[19:36:42] 
--- 步驟 4: 生成圖片 ---
[19:36:42] 配送計畫: MiniMax 7 張（ComfyUI 在線）
[19:36:42]   MiniMax 產生 prompt: 喵喵公主 (4grid)
[19:36:48]   MiniMax prompt 生成失敗: MiniMax chat 回傳空 prompt，使用 fallback
[19:36:48]   prompt (fallback): A cute adorable orange cat, 喵喵公主, Just貓 mode, scene: 早上起床伸懶腰, 黏土陶藝風 art style, dreamy atmosphere, soft kawaii style, cute cat illustration, high quality illustration, detailed fur texture
[19:36:48] MiniMax #1: 喵喵公主 (黏土陶藝風) [1:1]
[19:37:08]   已保存: miaomiao_4grid_20260610_01.jpg
[19:37:08]   MiniMax 產生 prompt: 喵喵公主 (single)
[19:37:19]   MiniMax prompt 生成失敗: MiniMax chat 回傳空 prompt，使用 fallback
[19:37:19]   prompt (fallback): A cute adorable orange cat, 喵喵公主, 公主 mode, scene: 金色鈴鐺項圈閃閃發亮, 水墨風 art style, dreamy atmosphere, soft kawaii style, cute cat illustration, high quality illustration, detailed fur texture
[19:37:19] MiniMax #2: 喵喵公主 (水墨風) [1:1]
[19:37:39]   已保存: miaomiao_single_20260610_01.jpg
[19:37:39]   MiniMax 產生 prompt: 英國短毛貓的日常 (single)
[19:37:50]   MiniMax prompt 生成失敗: MiniMax chat 回傳空 prompt，使用 fallback
[19:37:50]   prompt (fallback): A cute adorable orange cat, 英國短毛貓的日常, 日常 mode, scene: 精靈物語, 和風浮世繪 art style, dreamy atmosphere, soft kawaii style, cute cat illustration, high quality illustration, detailed fur texture
[19:37:50] MiniMax #3: 英國短毛貓的日常 (和風浮世繪) [1:1]
[19:38:10]   已保存: cat_和浮世繪_20260610_01.jpg
[19:38:10]   MiniMax 產生 prompt: 布偶貓的日常 (single)
[19:38:22]   MiniMax prompt 生成失敗: MiniMax chat 回傳空 prompt，使用 fallback
[19:38:22]   prompt (fallback): A cute adorable orange cat, 布偶貓的日常, 日常 mode, scene: 風起雲湧, 復古童話 art style, dreamy atmosphere, soft kawaii style, cute cat illustration, high quality illustration, detailed fur texture
[19:38:22] MiniMax #4: 布偶貓的日常 (復古童話) [1:1]
[19:38:42]   已保存: cat_復古童話_20260610_02.jpg
[19:38:42]   MiniMax 產生 prompt: 黑貓的日常 (single)
[19:38:52]   MiniMax prompt 生成失敗: MiniMax chat 回傳空 prompt，使用 fallback
[19:38:52]   prompt (fallback): A cute adorable orange cat, 黑貓的日常, 日常 mode, scene: 精靈國度, 薄霧水彩 art style, dreamy atmosphere, soft kawaii style, cute cat illustration, high quality illustration, detailed fur texture
[19:38:52] MiniMax #5: 黑貓的日常 (薄霧水彩) [1:1]
[19:39:13]   已保存: cat_薄霧水彩_20260610_03.jpg
[19:39:13]   MiniMax 產生 prompt: 三花貓的日常 (single)
[19:39:23]   MiniMax prompt 生成失敗: MiniMax chat 回傳空 prompt，使用 fallback
[19:39:23]   prompt (fallback): A cute adorable orange cat, 三花貓的日常, 日常 mode, scene: 星空璀璨, 粉彩 art style, dreamy atmosphere, soft kawaii style, cute cat illustration, high quality illustration, detailed fur texture
[19:39:23] MiniMax #6: 三花貓的日常 (粉彩) [1:1]
[19:39:44]   已保存: cat_粉彩_20260610_04.jpg
[19:39:44]   MiniMax 產生 prompt: 橘貓的日常 (single)
[19:39:55]   MiniMax prompt 生成失敗: MiniMax chat 回傳空 prompt，使用 fallback
[19:39:55]   prompt (fallback): A cute adorable orange cat, 橘貓的日常, 日常 mode, scene: 王子殿下, 童趣蠟筆 art style, dreamy atmosphere, soft kawaii style, cute cat illustration, high quality illustration, detailed fur texture
[19:39:55] MiniMax #7: 橘貓的日常 (童趣蠟筆) [1:1]
[19:40:16]   已保存: cat_童趣蠟筆_20260610_05.jpg
[19:40:16] 共生成 7 張圖片於 /home/fjj04/cats/2026-06-10
[19:40:16] 
[step4] 生圖完成，圖片保留於暫存目錄，未複製、未更新 cats.json
[19:40:23] ===== 喵時光每日配送計畫 =====
[19:40:23] 模式: step5
[19:40:23] 今日日期: 2026-06-10
[19:40:23] 暫存目錄: /home/fjj04/cats/2026-06-10
[19:40:23] 目的目錄: /home/fjj04/my-bear-museum/cats/2026-06-10
[19:40:23] 
--- 步驟 1: 檢查系統狀態 ---
[19:40:23] ComfyUI: ✓ 在線
[19:40:23] 
--- 步驟 2: 取得風格 ---
[19:40:23] 風格 (7): ['夜景霓虹', '古典素描', '紙雕', '玻璃馬賽克', '水彩', '油畫', '黏土陶藝風']
[19:40:23] 
--- 步驟 3: 準備配送項目 ---
[19:40:23]   4格漫: miaomiao_4grid_20260610_01.jpg (夜景霓虹)
[19:40:23]   單格: miaomiao_single_20260610_01.jpg (古典素描)
[19:40:23]   多元1: cat_紙雕_20260610_01.jpg (英國短毛貓/紙雕)
[19:40:23]   多元2: cat_玻璃馬賽克_20260610_02.jpg (布偶貓/玻璃馬賽克)
[19:40:23]   多元3: cat_水彩_20260610_03.jpg (黑貓/水彩)
[19:40:23]   多元4: cat_油畫_20260610_04.jpg (三花貓/油畫)
[19:40:23]   多元5: cat_黏土陶藝_20260610_05.jpg (橘貓/黏土陶藝風)
[19:40:23] 
--- 步驟 4: 生成圖片 ---
[19:40:23] 配送計畫: MiniMax 7 張（ComfyUI 在線）
[19:40:23]   MiniMax 產生 prompt: 喵喵公主 (4grid)
[19:40:24]   MiniMax prompt 生成失敗: 401 Client Error: Unauthorized for url: https://api.minimax.io/v1/chat/completions，使用 fallback
[19:40:24]   prompt (fallback): A cute adorable orange cat, 喵喵公主, Just貓 mode, scene: 早上起床伸懶腰, 夜景霓虹 art style, dreamy atmosphere, soft kawaii style, cute cat illustration, high quality illustration, detailed fur texture
[19:40:24] MiniMax #1: 喵喵公主 (夜景霓虹) [1:1]
[19:40:25]   MiniMax 生成失敗: login fail: Please carry the API secret key in the 'Authorization' field of the request header
[19:40:25]   MiniMax 產生 prompt: 喵喵公主 (single)
[19:40:26]   MiniMax prompt 生成失敗: 401 Client Error: Unauthorized for url: https://api.minimax.io/v1/chat/completions，使用 fallback
[19:40:26]   prompt (fallback): A cute adorable orange cat, 喵喵公主, 日常 mode, scene: 優雅地走路的姿態, 古典素描 art style, dreamy atmosphere, soft kawaii style, cute cat illustration, high quality illustration, detailed fur texture
[19:40:26] MiniMax #1: 喵喵公主 (古典素描) [1:1]
[19:40:27]   MiniMax 生成失敗: login fail: Please carry the API secret key in the 'Authorization' field of the request header
[19:40:27]   MiniMax 產生 prompt: 英國短毛貓的日常 (single)
[19:40:28]   MiniMax prompt 生成失敗: 401 Client Error: Unauthorized for url: https://api.minimax.io/v1/chat/completions，使用 fallback
[19:40:28]   prompt (fallback): A cute adorable orange cat, 英國短毛貓的日常, 日常 mode, scene: 月光泉水, 紙雕 art style, dreamy atmosphere, soft kawaii style, cute cat illustration, high quality illustration, detailed fur texture
[19:40:28] MiniMax #1: 英國短毛貓的日常 (紙雕) [1:1]
[19:40:29]   MiniMax 生成失敗: login fail: Please carry the API secret key in the 'Authorization' field of the request header
[19:40:29]   MiniMax 產生 prompt: 布偶貓的日常 (single)
[19:40:30]   MiniMax prompt 生成失敗: 401 Client Error: Unauthorized for url: https://api.minimax.io/v1/chat/completions，使用 fallback
[19:40:30]   prompt (fallback): A cute adorable orange cat, 布偶貓的日常, 日常 mode, scene: 楓紅似火, 玻璃馬賽克 art style, dreamy atmosphere, soft kawaii style, cute cat illustration, high quality illustration, detailed fur texture
[19:40:30] MiniMax #1: 布偶貓的日常 (玻璃馬賽克) [1:1]
[19:40:31]   MiniMax 生成失敗: login fail: Please carry the API secret key in the 'Authorization' field of the request header
[19:40:31]   MiniMax 產生 prompt: 黑貓的日常 (single)
[19:40:32]   MiniMax prompt 生成失敗: 401 Client Error: Unauthorized for url: https://api.minimax.io/v1/chat/completions，使用 fallback
[19:40:32]   prompt (fallback): A cute adorable orange cat, 黑貓的日常, 日常 mode, scene: 霞光萬道, 水彩 art style, dreamy atmosphere, soft kawaii style, cute cat illustration, high quality illustration, detailed fur texture
[19:40:32] MiniMax #1: 黑貓的日常 (水彩) [1:1]
[19:40:33]   MiniMax 生成失敗: login fail: Please carry the API secret key in the 'Authorization' field of the request header
[19:40:33]   MiniMax 產生 prompt: 三花貓的日常 (single)
[19:40:34]   MiniMax prompt 生成失敗: 401 Client Error: Unauthorized for url: https://api.minimax.io/v1/chat/completions，使用 fallback
[19:40:34]   prompt (fallback): A cute adorable orange cat, 三花貓的日常, 日常 mode, scene: 花團錦簇, 油畫 art style, dreamy atmosphere, soft kawaii style, cute cat illustration, high quality illustration, detailed fur texture
[19:40:34] MiniMax #1: 三花貓的日常 (油畫) [1:1]
[19:40:35]   MiniMax 生成失敗: login fail: Please carry the API secret key in the 'Authorization' field of the request header
[19:40:35]   MiniMax 產生 prompt: 橘貓的日常 (single)
[19:40:36]   MiniMax prompt 生成失敗: 401 Client Error: Unauthorized for url: https://api.minimax.io/v1/chat/completions，使用 fallback
[19:40:36]   prompt (fallback): A cute adorable orange cat, 橘貓的日常, 日常 mode, scene: 精靈禮物, 黏土陶藝風 art style, dreamy atmosphere, soft kawaii style, cute cat illustration, high quality illustration, detailed fur texture
[19:40:36] MiniMax #1: 橘貓的日常 (黏土陶藝風) [1:1]
[19:40:37]   MiniMax 生成失敗: login fail: Please carry the API secret key in the 'Authorization' field of the request header
[19:40:37] 共生成 0 張圖片於 /home/fjj04/cats/2026-06-10
[19:40:37] 
--- 步驟 5: 更新喵時光 ---
[19:40:37] 沒有新增記錄
[19:40:37] 
[step5] 更新完成，未 commit、未部署
