[04:00:24] ===== 喵時光每日配送計畫 =====
[04:00:24] 今日日期: 2026-06-14
[04:00:24] 暫存目錄: /home/fjj04/cats/2026-06-14
[04:00:24] 目的目錄: /home/fjj04/my-bear-museum/cats-images/2026-06-14
[04:00:24] 
--- 步驟 1: 檢查系統狀態 ---
[04:00:24] ComfyUI: ✓ 在線
[04:00:24] 
--- 步驟 2: 取得風格 ---
[04:00:24] 風格 (9): ['水彩', '油畫', '黏土陶藝風', '水墨風', '和風浮世繪', '復古童話', '薄霧水彩', '粉彩', '童趣蠟筆']
[04:00:24] 
--- 步驟 3: 準備配送項目 ---
[04:00:24]   今日故事類型: 冒險
[04:00:24]   熊熊故事: 橘貓姐姐找到一個超舒服的紙箱，準備睡午覺。
橘貓妹妹發現了這個紙箱，也想擠進去。
兩隻貓擠成一團，紙...
[04:00:24]   故事內容: 橘貓姐姐找到一個超舒服的紙箱，準備睡午覺。
橘貓妹妹發現了這個紙箱，也想擠進去。
兩隻貓擠成一團，紙箱快要被撐破了。
最後她們決定輪流睡，今天姐姐先，明天妹妹。
[04:00:24]   分鏡數: 4
[04:00:24]   喵漫1: miaomiao_story_20260614_01_01.jpg (水彩)
[04:00:24]   喵漫2: miaomiao_story_20260614_01_02.jpg (油畫)
[04:00:24]   喵漫3: miaomiao_story_20260614_01_03.jpg (黏土陶藝風)
[04:00:24]   喵漫4: miaomiao_story_20260614_01_04.jpg (水墨風)
[04:00:24]   喵圖: miaomiao_single_20260614_01.jpg (和風浮世繪)
[04:00:24]   多元1: cat_復古童話_20260614_01.jpg (英國短毛貓/復古童話)
[04:00:24]   多元2: cat_薄霧水彩_20260614_02.jpg (布偶貓/薄霧水彩)
[04:00:24]   多元3: cat_粉彩_20260614_03.jpg (黑貓/粉彩)
[04:00:24]   多元4: cat_童趣蠟筆_20260614_04.jpg (三花貓/童趣蠟筆)
[04:00:24] 
--- 步驟 4: 生成圖片 ---
[04:00:24] 配送計畫: ComfyUI 9 張 + MiniMax 0 張 （ComfyUI 在線）
[04:00:24]   MiniMax 產生 prompt: 喵喵公主 (story)
[04:00:32]   MiniMax prompt 生成失敗: MiniMax chat 回傳空 prompt，使用 fallback
[04:00:32]   prompt (fallback): A cute adorable orange cat, 喵喵公主, 神秘 mode, scene: 奶茶色眼睛的特寫, 水彩 art style, dreamy atmosphere, soft kawaii style, cute cat illustration, high quality illustration, detailed fur texture
[04:00:32] ComfyUI #1: 喵喵公主 (水彩) [1024x1024]
[04:00:47]   已保存: miaomiao_story_20260614_01_01.jpg
[04:00:47]   MiniMax 產生 prompt: 喵喵公主 (story)
[04:00:56]   MiniMax prompt 生成失敗: MiniMax chat 回傳空 prompt，使用 fallback
[04:00:56]   prompt (fallback): A cute adorable orange cat, 喵喵公主, 公主 mode, scene: 奶茶色眼睛的特寫, 油畫 art style, dreamy atmosphere, soft kawaii style, cute cat illustration, high quality illustration, detailed fur texture
[04:00:56] ComfyUI #2: 喵喵公主 (油畫) [1024x1024]
[04:01:11]   已保存: miaomiao_story_20260614_01_02.jpg
[04:01:11]   MiniMax 產生 prompt: 喵喵公主 (story)
[04:01:21]   MiniMax prompt 生成失敗: MiniMax chat 回傳空 prompt，使用 fallback
[04:01:21]   prompt (fallback): A cute adorable orange cat, 喵喵公主, Just貓 mode, scene: 奶茶色眼睛的特寫, 黏土陶藝風 art style, dreamy atmosphere, soft kawaii style, cute cat illustration, high quality illustration, detailed fur texture
[04:01:21] ComfyUI #3: 喵喵公主 (黏土陶藝風) [1024x1024]
[04:01:36]   已保存: miaomiao_story_20260614_01_03.jpg
[04:01:36]   MiniMax 產生 prompt: 喵喵公主 (story)
[04:01:45]   MiniMax prompt 生成失敗: MiniMax chat 回傳空 prompt，使用 fallback
[04:01:45]   prompt (fallback): A cute adorable orange cat, 喵喵公主, Just貓 mode, scene: 優雅地走路的姿態, 水墨風 art style, dreamy atmosphere, soft kawaii style, cute cat illustration, high quality illustration, detailed fur texture
[04:01:45] ComfyUI #4: 喵喵公主 (水墨風) [1024x1024]
[04:02:00]   已保存: miaomiao_story_20260614_01_04.jpg
[04:02:00]   MiniMax 產生 prompt: 喵喵公主 (single)
[04:02:08]   MiniMax prompt 生成失敗: MiniMax chat 回傳空 prompt，使用 fallback
[04:02:08]   prompt (fallback): A cute adorable orange cat, 喵喵公主, 日常 mode, scene: 奶茶色眼睛的特寫, 和風浮世繪 art style, dreamy atmosphere, soft kawaii style, cute cat illustration, high quality illustration, detailed fur texture
[04:02:08] ComfyUI #5: 喵喵公主 (和風浮世繪) [1024x1024]
[04:02:23]   已保存: miaomiao_single_20260614_01.jpg
[04:02:23]   MiniMax 產生 prompt: 英國短毛貓的日常 (single)
[04:02:35]   MiniMax prompt 生成失敗: MiniMax chat 回傳空 prompt，使用 fallback
[04:02:35]   prompt (fallback): A cute adorable orange cat, 英國短毛貓的日常, 日常 mode, scene: 雲端王國, 復古童話 art style, dreamy atmosphere, soft kawaii style, cute cat illustration, high quality illustration, detailed fur texture
[04:02:35] ComfyUI #6: 英國短毛貓的日常 (復古童話) [1024x1024]
[04:02:50]   已保存: cat_復古童話_20260614_01.jpg
[04:02:50]   MiniMax 產生 prompt: 布偶貓的日常 (single)
[04:03:00]   MiniMax prompt 生成失敗: MiniMax chat 回傳空 prompt，使用 fallback
[04:03:00]   prompt (fallback): A cute adorable orange cat, 布偶貓的日常, 日常 mode, scene: 精靈羽毛, 薄霧水彩 art style, dreamy atmosphere, soft kawaii style, cute cat illustration, high quality illustration, detailed fur texture
[04:03:00] ComfyUI #7: 布偶貓的日常 (薄霧水彩) [1024x1024]
[04:03:15]   已保存: cat_薄霧水彩_20260614_02.jpg
[04:03:15]   MiniMax 產生 prompt: 黑貓的日常 (single)
[04:03:27]   MiniMax prompt 生成失敗: MiniMax chat 回傳空 prompt，使用 fallback
[04:03:27]   prompt (fallback): A cute adorable orange cat, 黑貓的日常, 日常 mode, scene: 花語心意, 粉彩 art style, dreamy atmosphere, soft kawaii style, cute cat illustration, high quality illustration, detailed fur texture
[04:03:27] ComfyUI #8: 黑貓的日常 (粉彩) [1024x1024]
[04:03:42]   已保存: cat_粉彩_20260614_03.jpg
[04:03:42]   MiniMax 產生 prompt: 三花貓的日常 (single)
[04:03:54]   MiniMax prompt 生成失敗: MiniMax chat 回傳空 prompt，使用 fallback
[04:03:54]   prompt (fallback): A cute adorable orange cat, 三花貓的日常, 日常 mode, scene: 魔法森林, 童趣蠟筆 art style, dreamy atmosphere, soft kawaii style, cute cat illustration, high quality illustration, detailed fur texture
[04:03:54] ComfyUI #9: 三花貓的日常 (童趣蠟筆) [1024x1024]
[04:04:09]   已保存: cat_童趣蠟筆_20260614_04.jpg
[04:04:09] 共生成 9 張圖片於 /home/fjj04/cats/2026-06-14
[04:04:09] 
--- 步驟 5: 更新喵時光 ---
[04:04:09] 已複製: miaomiao_story_20260614_01_01.jpg → /home/fjj04/my-bear-museum/cats-images/2026-06-14/miaomiao_story_20260614_01_01.jpg
[04:04:09] 已複製: miaomiao_story_20260614_01_02.jpg → /home/fjj04/my-bear-museum/cats-images/2026-06-14/miaomiao_story_20260614_01_02.jpg
[04:04:09] 已複製: miaomiao_story_20260614_01_03.jpg → /home/fjj04/my-bear-museum/cats-images/2026-06-14/miaomiao_story_20260614_01_03.jpg
[04:04:09] 已複製: miaomiao_story_20260614_01_04.jpg → /home/fjj04/my-bear-museum/cats-images/2026-06-14/miaomiao_story_20260614_01_04.jpg
[04:04:09] 已複製: miaomiao_single_20260614_01.jpg → /home/fjj04/my-bear-museum/cats-images/2026-06-14/miaomiao_single_20260614_01.jpg
[04:04:09] 已複製: cat_復古童話_20260614_01.jpg → /home/fjj04/my-bear-museum/cats-images/2026-06-14/cat_復古童話_20260614_01.jpg
[04:04:09] 已複製: cat_薄霧水彩_20260614_02.jpg → /home/fjj04/my-bear-museum/cats-images/2026-06-14/cat_薄霧水彩_20260614_02.jpg
[04:04:09] 已複製: cat_粉彩_20260614_03.jpg → /home/fjj04/my-bear-museum/cats-images/2026-06-14/cat_粉彩_20260614_03.jpg
[04:04:09] 已複製: cat_童趣蠟筆_20260614_04.jpg → /home/fjj04/my-bear-museum/cats-images/2026-06-14/cat_童趣蠟筆_20260614_04.jpg
[04:04:09] 已更新 cats.json
[04:04:09] 新增 9 筆記錄
[04:04:09] 
--- 步驟 6: Git Commit ---
[04:04:18] Git push 完成
[04:04:18] 
--- 步驟 7: 部署到 Cloudflare Pages ---
[04:04:37] 
===== 完成 =====
[04:04:37] 到 https://kumaweb.pages.dev/meow/ 觀看結果
[06:31:23] ===== 喵時光每日配送計畫 =====
[06:31:23] 今日日期: 2026-06-14
[06:31:23] 暫存目錄: /home/fjj04/cats/2026-06-14
[06:31:23] 目的目錄: /home/fjj04/my-bear-museum/cats-images/2026-06-14
[06:31:23] 
--- 步驟 1: 檢查系統狀態 ---
[06:31:23] ComfyUI: ✓ 在線
[06:31:23] 
--- 步驟 2: 取得風格 ---
[06:31:23] 風格 (6): ['夜景霓虹', '古典素描', '紙雕', '玻璃馬賽克', '水彩', '油畫']
[06:31:23] 
--- 步驟 3: 準備配送項目 ---
[06:31:23]   今日故事類型: 日常生活
[06:31:23]   熊熊故事: 橘貓姐姐找到一個超舒服的紙箱，準備睡午覺。
橘貓妹妹發現了這個紙箱，也想擠進去。
兩隻貓擠成一團，紙...
[06:31:23]   故事內容: 橘貓姐姐找到一個超舒服的紙箱，準備睡午覺。
橘貓妹妹發現了這個紙箱，也想擠進去。
兩隻貓擠成一團，紙箱快要被撐破了。
最後她們決定輪流睡，今天姐姐先，明天妹妹。
[06:31:23]   罐罐1: cat_夜景霓虹_20260614_01.jpg (蘇格蘭立耳貓/夜景霓虹)
[06:31:23]   罐罐2: cat_古典素描_20260614_02.jpg (俄羅斯藍貓/古典素描)
[06:31:23]   罐罐3: cat_紙雕_20260614_03.jpg (西伯利亞貓/紙雕)
[06:31:23]   罐罐4: cat_玻璃馬賽_20260614_04.jpg (蘇格蘭摺耳貓/玻璃馬賽克)
[06:31:23]   罐罐5: cat_水彩_20260614_05.jpg (柯尼斯卷毛貓/水彩)
[06:31:23]   罐罐6: cat_油畫_20260614_06.jpg (俄羅斯藍貓/油畫)
[06:31:23] 
--- 步驟 4: 生成圖片 ---
[06:31:23] 配送計畫: ComfyUI 6 張 + MiniMax 0 張 （ComfyUI 在線）
[06:31:23]   MiniMax 產生 prompt: 蘇格蘭立耳貓的日常 (single)
[06:31:34]   MiniMax prompt 生成失敗: MiniMax chat 回傳空 prompt，使用 fallback
[06:31:34]   prompt (fallback): A cute adorable orange cat, 蘇格蘭立耳貓的日常, 日常 mode, scene: 橘貓姐姐找到一個超舒服的紙箱，準備睡午覺。
橘貓妹妹發現了這個紙箱，也想擠進去。
兩隻貓擠成一團，紙箱快要被撐破了。
最後她們決定輪流睡，今天姐姐先，明天妹妹。, 夜景霓虹 art style, dreamy atmosphere, soft kawaii style, cute cat illustration, high quality illustration, detailed fur texture
[06:31:34] ComfyUI #1: 蘇格蘭立耳貓的日常 (夜景霓虹) [1024x1024]
[06:31:54]   已保存: cat_夜景霓虹_20260614_01.jpg
[06:31:54]   MiniMax 產生 prompt: 俄羅斯藍貓的日常 (single)
[06:32:07]   MiniMax prompt 生成失敗: MiniMax chat 回傳空 prompt，使用 fallback
[06:32:07]   prompt (fallback): A cute adorable orange cat, 俄羅斯藍貓的日常, 日常 mode, scene: 橘貓姐姐找到一個超舒服的紙箱，準備睡午覺。
橘貓妹妹發現了這個紙箱，也想擠進去。
兩隻貓擠成一團，紙箱快要被撐破了。
最後她們決定輪流睡，今天姐姐先，明天妹妹。, 古典素描 art style, dreamy atmosphere, soft kawaii style, cute cat illustration, high quality illustration, detailed fur texture
[06:32:07] ComfyUI #2: 俄羅斯藍貓的日常 (古典素描) [1024x1024]
[06:32:22]   已保存: cat_古典素描_20260614_02.jpg
[06:32:22]   MiniMax 產生 prompt: 西伯利亞貓的日常 (single)
[06:32:34]   MiniMax prompt 生成失敗: MiniMax chat 回傳空 prompt，使用 fallback
[06:32:34]   prompt (fallback): A cute adorable orange cat, 西伯利亞貓的日常, 日常 mode, scene: 橘貓姐姐找到一個超舒服的紙箱，準備睡午覺。
橘貓妹妹發現了這個紙箱，也想擠進去。
兩隻貓擠成一團，紙箱快要被撐破了。
最後她們決定輪流睡，今天姐姐先，明天妹妹。, 紙雕 art style, dreamy atmosphere, soft kawaii style, cute cat illustration, high quality illustration, detailed fur texture
[06:32:34] ComfyUI #3: 西伯利亞貓的日常 (紙雕) [1024x1024]
[06:32:49]   已保存: cat_紙雕_20260614_03.jpg
[06:32:49]   MiniMax 產生 prompt: 蘇格蘭摺耳貓的日常 (single)
[06:32:59]   MiniMax prompt 生成失敗: MiniMax chat 回傳空 prompt，使用 fallback
[06:32:59]   prompt (fallback): A cute adorable orange cat, 蘇格蘭摺耳貓的日常, 日常 mode, scene: 橘貓姐姐找到一個超舒服的紙箱，準備睡午覺。
橘貓妹妹發現了這個紙箱，也想擠進去。
兩隻貓擠成一團，紙箱快要被撐破了。
最後她們決定輪流睡，今天姐姐先，明天妹妹。, 玻璃馬賽克 art style, dreamy atmosphere, soft kawaii style, cute cat illustration, high quality illustration, detailed fur texture
[06:32:59] ComfyUI #4: 蘇格蘭摺耳貓的日常 (玻璃馬賽克) [1024x1024]
[06:33:14]   已保存: cat_玻璃馬賽_20260614_04.jpg
[06:33:14]   MiniMax 產生 prompt: 柯尼斯卷毛貓的日常 (single)
[06:33:26]   MiniMax prompt 生成失敗: MiniMax chat 回傳空 prompt，使用 fallback
[06:33:26]   prompt (fallback): A cute adorable orange cat, 柯尼斯卷毛貓的日常, 日常 mode, scene: 橘貓姐姐找到一個超舒服的紙箱，準備睡午覺。
橘貓妹妹發現了這個紙箱，也想擠進去。
兩隻貓擠成一團，紙箱快要被撐破了。
最後她們決定輪流睡，今天姐姐先，明天妹妹。, 水彩 art style, dreamy atmosphere, soft kawaii style, cute cat illustration, high quality illustration, detailed fur texture
[06:33:26] ComfyUI #5: 柯尼斯卷毛貓的日常 (水彩) [1024x1024]
[06:33:41]   已保存: cat_水彩_20260614_05.jpg
[06:33:41]   MiniMax 產生 prompt: 俄羅斯藍貓的日常 (single)
[06:33:53]   MiniMax prompt 生成失敗: MiniMax chat 回傳空 prompt，使用 fallback
[06:33:53]   prompt (fallback): A cute adorable orange cat, 俄羅斯藍貓的日常, 日常 mode, scene: 橘貓姐姐找到一個超舒服的紙箱，準備睡午覺。
橘貓妹妹發現了這個紙箱，也想擠進去。
兩隻貓擠成一團，紙箱快要被撐破了。
最後她們決定輪流睡，今天姐姐先，明天妹妹。, 油畫 art style, dreamy atmosphere, soft kawaii style, cute cat illustration, high quality illustration, detailed fur texture
[06:33:53] ComfyUI #6: 俄羅斯藍貓的日常 (油畫) [1024x1024]
[06:34:08]   已保存: cat_油畫_20260614_06.jpg
[06:34:08] 共生成 6 張圖片於 /home/fjj04/cats/2026-06-14
[06:34:08] 
--- 步驟 5: 更新喵時光 ---
[06:34:08] 已複製: cat_夜景霓虹_20260614_01.jpg → /home/fjj04/my-bear-museum/cats-images/2026-06-14/cat_夜景霓虹_20260614_01.jpg
[06:34:08] 已複製: cat_古典素描_20260614_02.jpg → /home/fjj04/my-bear-museum/cats-images/2026-06-14/cat_古典素描_20260614_02.jpg
[06:34:08] 已複製: cat_紙雕_20260614_03.jpg → /home/fjj04/my-bear-museum/cats-images/2026-06-14/cat_紙雕_20260614_03.jpg
[06:34:08] 已複製: cat_玻璃馬賽_20260614_04.jpg → /home/fjj04/my-bear-museum/cats-images/2026-06-14/cat_玻璃馬賽_20260614_04.jpg
[06:34:08] 已複製: cat_水彩_20260614_05.jpg → /home/fjj04/my-bear-museum/cats-images/2026-06-14/cat_水彩_20260614_05.jpg
[06:34:08] 已複製: cat_油畫_20260614_06.jpg → /home/fjj04/my-bear-museum/cats-images/2026-06-14/cat_油畫_20260614_06.jpg
[06:34:08] 已更新 cats.json
[06:34:08] 新增 6 筆記錄
[06:34:08] 
--- 步驟 6: Git Commit ---
[06:34:15] Git push 完成
[06:34:15] 
--- 步驟 7: 部署到 Cloudflare Pages ---
[06:34:28] 
===== 完成 =====
[06:34:28] 到 https://kumaweb.pages.dev/meow/ 觀看結果
[08:02:33] ===== 喵時光每日配送計畫 =====
[08:02:33] 今日日期: 2026-06-14
[08:02:33] 暫存目錄: /home/fjj04/cats/2026-06-14
[08:02:33] 目的目錄: /home/fjj04/my-bear-museum/cats-images/2026-06-14
[08:02:33] 
--- 步驟 1: 檢查系統狀態 ---
[08:02:33] ComfyUI: ✓ 在線
[08:02:33] 
--- 步驟 2: 取得風格 ---
[08:02:33] 風格 (6): ['黏土陶藝風', '水墨風', '和風浮世繪', '復古童話', '薄霧水彩', '粉彩']
[08:02:33] 
--- 步驟 3: 準備配送項目 ---
[08:02:33]   罐罐1: cat_黏土陶藝_20260614_01.jpg (橘貓/黏土陶藝風)
[08:02:33]   罐罐2: cat_水墨風_20260614_02.jpg (英國短毛貓/水墨風)
[08:02:33]   罐罐3: cat_和風浮世_20260614_03.jpg (美國短毛貓/和風浮世繪)
[08:02:33]   罐罐4: cat_復古童話_20260614_04.jpg (蘇格蘭摺耳貓/復古童話)
[08:02:33]   罐罐5: cat_薄霧水彩_20260614_05.jpg (波斯貓/薄霧水彩)
[08:02:33]   罐罐6: cat_粉彩_20260614_06.jpg (緬甸貓/粉彩)
[08:02:33] 
--- 步驟 4: 生成圖片 ---
[08:02:33] 配送計畫: ComfyUI 6 張 + MiniMax 0 張 （ComfyUI 在線）
[08:02:33]   MiniMax 產生 prompt: 橘貓的日常 (single)
[08:02:52]   MiniMax prompt 生成失敗: MiniMax chat 回傳空 prompt，使用 fallback
[08:02:52]   prompt (fallback): A cute adorable orange cat, 橘貓的日常, 日常 mode, scene: 黏土陶藝風, 黏土陶藝風 art style, dreamy atmosphere, soft kawaii style, cute cat illustration, high quality illustration, detailed fur texture
[08:02:52] ComfyUI #1: 橘貓的日常 (黏土陶藝風) [1024x1024]
[08:03:07]   已保存: cat_黏土陶藝_20260614_01.jpg
[08:03:07]   MiniMax 產生 prompt: 英國短毛貓的日常 (single)
[08:03:25]   MiniMax prompt 生成失敗: MiniMax chat 回傳空 prompt，使用 fallback
[08:03:25]   prompt (fallback): A cute adorable orange cat, 英國短毛貓的日常, 日常 mode, scene: 水墨風, 水墨風 art style, dreamy atmosphere, soft kawaii style, cute cat illustration, high quality illustration, detailed fur texture
[08:03:25] ComfyUI #2: 英國短毛貓的日常 (水墨風) [1024x1024]
