[04:01:12] ===== 喵時光每日配送計畫 =====
[04:01:12] 今日日期: 2026-06-13
[04:01:12] 暫存目錄: /home/fjj04/cats/2026-06-13
[04:01:12] 目的目錄: /home/fjj04/my-bear-museum/cats-images/2026-06-13
[04:01:12] 
--- 步驟 1: 檢查系統狀態 ---
[04:01:12] ComfyUI: ✓ 在線
[04:01:12] 
--- 步驟 2: 取得風格 ---
[04:01:12] 風格 (9): ['童趣蠟筆', '夜景霓虹', '古典素描', '紙雕', '玻璃馬賽克', '水彩', '油畫', '黏土陶藝風', '水墨風']
[04:01:12] 
--- 步驟 3: 準備配送項目 ---
[04:01:12]   今日故事類型: 冒險
[04:01:12]   熊熊故事: 故事類型：冒險
日期：2026-06-13
在月光下醒來，橘貓妹妹看見窗外有光。
她輕輕推開窗戶，是...
[04:01:12]   故事內容: 故事類型：冒險
日期：2026-06-13
在月光下醒來，橘貓妹妹看見窗外有光。
她輕輕推開窗戶，是一顆流星掉落在花園裡。
鈴鐺項圈閃閃發亮，似乎在回應星星的呼喚。
她鼓起勇氣邁出第一步，展開冒險的旅程。
[04:01:12]   分鏡數: 4
[04:01:12]   喵漫1: miaomiao_story_20260613_01_01.jpg (童趣蠟筆)
[04:01:12]   喵漫2: miaomiao_story_20260613_01_02.jpg (夜景霓虹)
[04:01:12]   喵漫3: miaomiao_story_20260613_01_03.jpg (古典素描)
[04:01:12]   喵漫4: miaomiao_story_20260613_01_04.jpg (紙雕)
[04:01:12]   喵圖: miaomiao_single_20260613_01.jpg (玻璃馬賽克)
[04:01:12]   多元1: cat_水彩_20260613_01.jpg (英國短毛貓/水彩)
[04:01:12]   多元2: cat_油畫_20260613_02.jpg (布偶貓/油畫)
[04:01:12]   多元3: cat_黏土陶藝_20260613_03.jpg (黑貓/黏土陶藝風)
[04:01:12]   多元4: cat_水墨風_20260613_04.jpg (三花貓/水墨風)
[04:01:12] 
--- 步驟 4: 生成圖片 ---
[04:01:12] 配送計畫: MiniMax 9 張（ComfyUI 在線）
[04:01:12]   MiniMax 產生 prompt: 喵喵公主 (story)
[04:01:19]   MiniMax prompt 生成失敗: MiniMax chat 回傳空 prompt，使用 fallback
[04:01:19]   prompt (fallback): A cute adorable orange cat, 喵喵公主, 日常 mode, scene: 蓬鬆的橘色尾巴, 童趣蠟筆 art style, dreamy atmosphere, soft kawaii style, cute cat illustration, high quality illustration, detailed fur texture
[04:01:19] MiniMax #1: 喵喵公主 (童趣蠟筆) [1:1]
[04:01:39]   已保存: miaomiao_story_20260613_01_01.jpg
[04:01:39]   MiniMax 產生 prompt: 喵喵公主 (story)
[04:01:49]   MiniMax prompt 生成失敗: MiniMax chat 回傳空 prompt，使用 fallback
[04:01:49]   prompt (fallback): A cute adorable orange cat, 喵喵公主, 公主 mode, scene: 金色鈴鐺項圈閃閃發亮, 夜景霓虹 art style, dreamy atmosphere, soft kawaii style, cute cat illustration, high quality illustration, detailed fur texture
[04:01:49] MiniMax #2: 喵喵公主 (夜景霓虹) [1:1]
[04:02:08]   已保存: miaomiao_story_20260613_01_02.jpg
[04:02:08]   MiniMax 產生 prompt: 喵喵公主 (story)
[04:02:16]   MiniMax prompt 生成失敗: MiniMax chat 回傳空 prompt，使用 fallback
[04:02:16]   prompt (fallback): A cute adorable orange cat, 喵喵公主, 公主 mode, scene: 奶茶色眼睛的特寫, 古典素描 art style, dreamy atmosphere, soft kawaii style, cute cat illustration, high quality illustration, detailed fur texture
[04:02:16] MiniMax #3: 喵喵公主 (古典素描) [1:1]
[04:02:36]   已保存: miaomiao_story_20260613_01_03.jpg
[04:02:36]   MiniMax 產生 prompt: 喵喵公主 (story)
[04:02:48]   MiniMax prompt 生成失敗: MiniMax chat 回傳空 prompt，使用 fallback
[04:02:48]   prompt (fallback): A cute adorable orange cat, 喵喵公主, Just貓 mode, scene: 蓬鬆的橘色尾巴, 紙雕 art style, dreamy atmosphere, soft kawaii style, cute cat illustration, high quality illustration, detailed fur texture
[04:02:48] MiniMax #4: 喵喵公主 (紙雕) [1:1]
[04:03:07]   已保存: miaomiao_story_20260613_01_04.jpg
[04:03:07]   MiniMax 產生 prompt: 喵喵公主 (single)
[04:03:16]   MiniMax prompt 生成失敗: MiniMax chat 回傳空 prompt，使用 fallback
[04:03:16]   prompt (fallback): A cute adorable orange cat, 喵喵公主, 神秘 mode, scene: 優雅地走路的姿態, 玻璃馬賽克 art style, dreamy atmosphere, soft kawaii style, cute cat illustration, high quality illustration, detailed fur texture
[04:03:16] MiniMax #5: 喵喵公主 (玻璃馬賽克) [1:1]
[04:03:36]   已保存: miaomiao_single_20260613_01.jpg
[04:03:36]   MiniMax 產生 prompt: 英國短毛貓的日常 (single)
[04:03:48]   MiniMax prompt 生成失敗: MiniMax chat 回傳空 prompt，使用 fallback
[04:03:48]   prompt (fallback): A cute adorable orange cat, 英國短毛貓的日常, 日常 mode, scene: 櫻花物語, 水彩 art style, dreamy atmosphere, soft kawaii style, cute cat illustration, high quality illustration, detailed fur texture
[04:03:48] MiniMax #6: 英國短毛貓的日常 (水彩) [1:1]
[04:04:10]   已保存: cat_水彩_20260613_01.jpg
[04:04:10]   MiniMax 產生 prompt: 布偶貓的日常 (single)
[04:04:22]   MiniMax prompt 生成失敗: MiniMax chat 回傳空 prompt，使用 fallback
[04:04:22]   prompt (fallback): A cute adorable orange cat, 布偶貓的日常, 日常 mode, scene: 月華如水, 油畫 art style, dreamy atmosphere, soft kawaii style, cute cat illustration, high quality illustration, detailed fur texture
[04:04:22] MiniMax #7: 布偶貓的日常 (油畫) [1:1]
[04:04:43]   已保存: cat_油畫_20260613_02.jpg
[04:04:43]   MiniMax 產生 prompt: 黑貓的日常 (single)
[04:04:58]   MiniMax prompt 生成失敗: MiniMax chat 回傳空 prompt，使用 fallback
[04:04:58]   prompt (fallback): A cute adorable orange cat, 黑貓的日常, 日常 mode, scene: 霞影交織, 黏土陶藝風 art style, dreamy atmosphere, soft kawaii style, cute cat illustration, high quality illustration, detailed fur texture
[04:04:58] MiniMax #8: 黑貓的日常 (黏土陶藝風) [1:1]
[04:05:19]   已保存: cat_黏土陶藝_20260613_03.jpg
[04:05:19]   MiniMax 產生 prompt: 三花貓的日常 (single)
[04:05:33]   MiniMax prompt 生成失敗: MiniMax chat 回傳空 prompt，使用 fallback
[04:05:33]   prompt (fallback): A cute adorable orange cat, 三花貓的日常, 日常 mode, scene: 花間精靈, 水墨風 art style, dreamy atmosphere, soft kawaii style, cute cat illustration, high quality illustration, detailed fur texture
[04:05:33] MiniMax #9: 三花貓的日常 (水墨風) [1:1]
[04:05:53]   已保存: cat_水墨風_20260613_04.jpg
[04:05:53] 共生成 9 張圖片於 /home/fjj04/cats/2026-06-13
[04:05:53] 
--- 步驟 5: 更新喵時光 ---
[04:05:53] 已複製: miaomiao_story_20260613_01_01.jpg → /home/fjj04/my-bear-museum/cats-images/2026-06-13/miaomiao_story_20260613_01_01.jpg
[04:05:53] 已複製: miaomiao_story_20260613_01_02.jpg → /home/fjj04/my-bear-museum/cats-images/2026-06-13/miaomiao_story_20260613_01_02.jpg
[04:05:53] 已複製: miaomiao_story_20260613_01_03.jpg → /home/fjj04/my-bear-museum/cats-images/2026-06-13/miaomiao_story_20260613_01_03.jpg
[04:05:53] 已複製: miaomiao_story_20260613_01_04.jpg → /home/fjj04/my-bear-museum/cats-images/2026-06-13/miaomiao_story_20260613_01_04.jpg
[04:05:53] 已複製: miaomiao_single_20260613_01.jpg → /home/fjj04/my-bear-museum/cats-images/2026-06-13/miaomiao_single_20260613_01.jpg
[04:05:53] 已複製: cat_水彩_20260613_01.jpg → /home/fjj04/my-bear-museum/cats-images/2026-06-13/cat_水彩_20260613_01.jpg
[04:05:53] 已複製: cat_油畫_20260613_02.jpg → /home/fjj04/my-bear-museum/cats-images/2026-06-13/cat_油畫_20260613_02.jpg
[04:05:53] 已複製: cat_黏土陶藝_20260613_03.jpg → /home/fjj04/my-bear-museum/cats-images/2026-06-13/cat_黏土陶藝_20260613_03.jpg
[04:05:53] 已複製: cat_水墨風_20260613_04.jpg → /home/fjj04/my-bear-museum/cats-images/2026-06-13/cat_水墨風_20260613_04.jpg
[04:05:53] 已更新 cats.json
[04:05:53] 新增 9 筆記錄
[04:05:53] 
--- 步驟 6: Git Commit ---
[04:05:58] Git push 完成
[04:05:58] 
--- 步驟 7: 部署到 Cloudflare Pages ---
[04:06:09] 
===== 完成 =====
[04:06:09] 到 https://kumaweb.pages.dev/cats.html 觀看結果
[20:02:53] ===== 喵時光每日配送計畫 =====
[20:02:53] 今日日期: 2026-06-13
[20:02:53] 暫存目錄: /home/fjj04/cats/2026-06-13
[20:02:53] 目的目錄: /home/fjj04/my-bear-museum/cats-images/2026-06-13
[20:02:53] 
--- 步驟 1: 檢查系統狀態 ---
[20:02:53] ComfyUI: ✓ 在線
[20:02:53] 
--- 步驟 2: 取得風格 ---
[20:02:53] 風格 (9): ['和風浮世繪', '復古童話', '薄霧水彩', '粉彩', '童趣蠟筆', '夜景霓虹', '古典素描', '紙雕', '玻璃馬賽克']
[20:02:53] 
--- 步驟 3: 準備配送項目 ---
[20:02:53]   今日故事類型: 冒險
[20:02:53]   熊熊故事: 橘貓姐姐找到一個超舒服的紙箱，準備睡午覺。
橘貓妹妹發現了這個紙箱，也想擠進去。
兩隻貓擠成一團，紙...
[20:02:53]   故事內容: 橘貓姐姐找到一個超舒服的紙箱，準備睡午覺。
橘貓妹妹發現了這個紙箱，也想擠進去。
兩隻貓擠成一團，紙箱快要被撐破了。
最後她們決定輪流睡，今天姐姐先，明天妹妹。
[20:02:53]   分鏡數: 4
[20:02:53]   喵漫1: miaomiao_story_20260613_01_01.jpg (和風浮世繪)
[20:02:53]   喵漫2: miaomiao_story_20260613_01_02.jpg (復古童話)
[20:02:53]   喵漫3: miaomiao_story_20260613_01_03.jpg (薄霧水彩)
[20:02:53]   喵漫4: miaomiao_story_20260613_01_04.jpg (粉彩)
[20:02:53]   喵圖: miaomiao_single_20260613_01.jpg (童趣蠟筆)
[20:02:53]   多元1: cat_夜景霓虹_20260613_01.jpg (英國短毛貓/夜景霓虹)
[20:02:53]   多元2: cat_古典素描_20260613_02.jpg (布偶貓/古典素描)
[20:02:53]   多元3: cat_紙雕_20260613_03.jpg (黑貓/紙雕)
[20:02:53]   多元4: cat_玻璃馬賽_20260613_04.jpg (三花貓/玻璃馬賽克)
[20:02:53] 
--- 步驟 4: 生成圖片 ---
[20:02:53] 配送計畫: ComfyUI 9 張 + MiniMax 0 張 （ComfyUI 在線）
[20:02:53]   MiniMax 產生 prompt: 喵喵公主 (story)
[20:03:03]   MiniMax prompt 生成失敗: MiniMax chat 回傳空 prompt，使用 fallback
[20:03:03]   prompt (fallback): A cute adorable orange cat, 喵喵公主, Just貓 mode, scene: 蜷成一圈睡覺中, 和風浮世繪 art style, dreamy atmosphere, soft kawaii style, cute cat illustration, high quality illustration, detailed fur texture
[20:03:03] ComfyUI #1: 喵喵公主 (和風浮世繪) [1024x1024]
[20:03:18]   已保存: miaomiao_story_20260613_01_01.jpg
[20:03:18]   MiniMax 產生 prompt: 喵喵公主 (story)
[20:03:30]   MiniMax prompt 生成失敗: MiniMax chat 回傳空 prompt，使用 fallback
[20:03:30]   prompt (fallback): A cute adorable orange cat, 喵喵公主, 公主 mode, scene: 優雅地走路的姿態, 復古童話 art style, dreamy atmosphere, soft kawaii style, cute cat illustration, high quality illustration, detailed fur texture
[20:03:30] ComfyUI #2: 喵喵公主 (復古童話) [1024x1024]
[20:03:45]   已保存: miaomiao_story_20260613_01_02.jpg
[20:03:45]   MiniMax 產生 prompt: 喵喵公主 (story)
[20:03:54]   MiniMax prompt 生成失敗: MiniMax chat 回傳空 prompt，使用 fallback
[20:03:54]   prompt (fallback): A cute adorable orange cat, 喵喵公主, 日常 mode, scene: 蜷成一圈睡覺中, 薄霧水彩 art style, dreamy atmosphere, soft kawaii style, cute cat illustration, high quality illustration, detailed fur texture
[20:03:54] ComfyUI #3: 喵喵公主 (薄霧水彩) [1024x1024]
[20:04:10]   已保存: miaomiao_story_20260613_01_03.jpg
[20:04:10]   MiniMax 產生 prompt: 喵喵公主 (story)
[20:04:23]   MiniMax prompt 生成失敗: MiniMax chat 回傳空 prompt，使用 fallback
[20:04:23]   prompt (fallback): A cute adorable orange cat, 喵喵公主, Just貓 mode, scene: 金色鈴鐺項圈閃閃發亮, 粉彩 art style, dreamy atmosphere, soft kawaii style, cute cat illustration, high quality illustration, detailed fur texture
[20:04:23] ComfyUI #4: 喵喵公主 (粉彩) [1024x1024]
[20:04:38]   已保存: miaomiao_story_20260613_01_04.jpg
[20:04:38]   MiniMax 產生 prompt: 喵喵公主 (single)
[20:04:49]   MiniMax prompt 生成失敗: MiniMax chat 回傳空 prompt，使用 fallback
[20:04:49]   prompt (fallback): A cute adorable orange cat, 喵喵公主, 公主 mode, scene: 蓬鬆的橘色尾巴, 童趣蠟筆 art style, dreamy atmosphere, soft kawaii style, cute cat illustration, high quality illustration, detailed fur texture
[20:04:49] ComfyUI #5: 喵喵公主 (童趣蠟筆) [1024x1024]
[20:05:04]   已保存: miaomiao_single_20260613_01.jpg
[20:05:04]   MiniMax 產生 prompt: 英國短毛貓的日常 (single)
[20:05:19]   MiniMax prompt 生成失敗: MiniMax chat 回傳空 prompt，使用 fallback
[20:05:19]   prompt (fallback): A cute adorable orange cat, 英國短毛貓的日常, 日常 mode, scene: 藍天白雲間, 夜景霓虹 art style, dreamy atmosphere, soft kawaii style, cute cat illustration, high quality illustration, detailed fur texture
[20:05:19] ComfyUI #6: 英國短毛貓的日常 (夜景霓虹) [1024x1024]
[20:05:34]   已保存: cat_夜景霓虹_20260613_01.jpg
[20:05:34]   MiniMax 產生 prompt: 布偶貓的日常 (single)
[20:05:44]   MiniMax prompt 生成失敗: MiniMax chat 回傳空 prompt，使用 fallback
[20:05:44]   prompt (fallback): A cute adorable orange cat, 布偶貓的日常, 日常 mode, scene: 夢境流星, 古典素描 art style, dreamy atmosphere, soft kawaii style, cute cat illustration, high quality illustration, detailed fur texture
[20:05:44] ComfyUI #7: 布偶貓的日常 (古典素描) [1024x1024]
[20:05:59]   已保存: cat_古典素描_20260613_02.jpg
[20:05:59]   MiniMax 產生 prompt: 黑貓的日常 (single)
[20:06:12]   MiniMax prompt 生成失敗: MiniMax chat 回傳空 prompt，使用 fallback
[20:06:12]   prompt (fallback): A cute adorable orange cat, 黑貓的日常, 日常 mode, scene: 雲霧繚繞, 紙雕 art style, dreamy atmosphere, soft kawaii style, cute cat illustration, high quality illustration, detailed fur texture
[20:06:12] ComfyUI #8: 黑貓的日常 (紙雕) [1024x1024]
[20:06:27]   已保存: cat_紙雕_20260613_03.jpg
[20:06:27]   MiniMax 產生 prompt: 三花貓的日常 (single)
[20:06:39]   MiniMax prompt 生成失敗: MiniMax chat 回傳空 prompt，使用 fallback
[20:06:39]   prompt (fallback): A cute adorable orange cat, 三花貓的日常, 日常 mode, scene: 奶油甜餅, 玻璃馬賽克 art style, dreamy atmosphere, soft kawaii style, cute cat illustration, high quality illustration, detailed fur texture
[20:06:39] ComfyUI #9: 三花貓的日常 (玻璃馬賽克) [1024x1024]
[20:06:55]   已保存: cat_玻璃馬賽_20260613_04.jpg
[20:06:55] 共生成 9 張圖片於 /home/fjj04/cats/2026-06-13
[20:06:55] 
--- 步驟 5: 更新喵時光 ---
[20:06:55] 已複製: miaomiao_story_20260613_01_01.jpg → /home/fjj04/my-bear-museum/cats-images/2026-06-13/miaomiao_story_20260613_01_01.jpg
[20:06:55] 已複製: miaomiao_story_20260613_01_02.jpg → /home/fjj04/my-bear-museum/cats-images/2026-06-13/miaomiao_story_20260613_01_02.jpg
[20:06:55] 已複製: miaomiao_story_20260613_01_03.jpg → /home/fjj04/my-bear-museum/cats-images/2026-06-13/miaomiao_story_20260613_01_03.jpg
[20:06:55] 已複製: miaomiao_story_20260613_01_04.jpg → /home/fjj04/my-bear-museum/cats-images/2026-06-13/miaomiao_story_20260613_01_04.jpg
[20:06:55] 已複製: miaomiao_single_20260613_01.jpg → /home/fjj04/my-bear-museum/cats-images/2026-06-13/miaomiao_single_20260613_01.jpg
[20:06:55] 已複製: cat_夜景霓虹_20260613_01.jpg → /home/fjj04/my-bear-museum/cats-images/2026-06-13/cat_夜景霓虹_20260613_01.jpg
[20:06:55] 已複製: cat_古典素描_20260613_02.jpg → /home/fjj04/my-bear-museum/cats-images/2026-06-13/cat_古典素描_20260613_02.jpg
[20:06:55] 已複製: cat_紙雕_20260613_03.jpg → /home/fjj04/my-bear-museum/cats-images/2026-06-13/cat_紙雕_20260613_03.jpg
[20:06:55] 已複製: cat_玻璃馬賽_20260613_04.jpg → /home/fjj04/my-bear-museum/cats-images/2026-06-13/cat_玻璃馬賽_20260613_04.jpg
[20:06:55] 已更新 cats.json
[20:06:55] 新增 9 筆記錄
[20:06:55] 
--- 步驟 6: Git Commit ---
[20:07:02] Git push 完成
[20:07:02] 
--- 步驟 7: 部署到 Cloudflare Pages ---
[20:07:16] 
===== 完成 =====
[20:07:16] 到 https://kumaweb.pages.dev/meow/ 觀看結果
