[04:00:39] ===== 喵時光每日配送計畫 =====
[04:00:39] 今日日期: 2026-06-15
[04:00:39] 暫存目錄: /home/fjj04/cats/2026-06-15
[04:00:39] 目的目錄: /home/fjj04/my-bear-museum/cats-images/2026-06-15
[04:00:39] 
--- 步驟 1: 檢查系統狀態 ---
[04:00:39] ComfyUI: ✓ 在線
[04:00:39] 
--- 步驟 2: 取得風格 ---
[04:00:39] 風格 (6): ['油畫', '黏土陶藝風', '水墨風', '和風浮世繪', '復古童話', '薄霧水彩']
[04:00:39] 
--- 步驟 3: 準備配送項目 ---
[04:00:39]   罐罐1: cat_油畫_20260615_01.jpg (橘貓/油畫)
[04:00:39]   罐罐2: cat_黏土陶藝_20260615_02.jpg (英國短毛貓/黏土陶藝風)
[04:00:39]   罐罐3: cat_水墨風_20260615_03.jpg (美國短毛貓/水墨風)
[04:00:39]   罐罐4: cat_和風浮世_20260615_04.jpg (蘇格蘭摺耳貓/和風浮世繪)
[04:00:39]   罐罐5: cat_復古童話_20260615_05.jpg (波斯貓/復古童話)
[04:00:39]   罐罐6: cat_薄霧水彩_20260615_06.jpg (緬甸貓/薄霧水彩)
[04:00:39] 
--- 步驟 4: 生成圖片 ---
[04:00:39] 配送計畫: ComfyUI 6 張 + MiniMax 0 張 （ComfyUI 在線）
[04:00:39]   MiniMax 產生 prompt: 橘貓的日常 (single)
[04:00:49]   MiniMax prompt 生成失敗: MiniMax chat 回傳空 prompt，使用 fallback
[04:00:49]   prompt (fallback): A cute adorable orange tabby cat with fluffy orange fur, 橘貓的日常, 日常 mode, scene: 油畫, 油畫 art style, dreamy atmosphere, soft kawaii style, cute cat illustration, high quality illustration, detailed fur texture
[04:00:49] ComfyUI #1: 橘貓的日常 (油畫) [1024x1024]
[04:01:05]   已保存: cat_油畫_20260615_01.jpg
[04:01:05]   MiniMax 產生 prompt: 英國短毛貓的日常 (single)
[04:01:14]   MiniMax prompt 生成失敗: MiniMax chat 回傳空 prompt，使用 fallback
[04:01:14]   prompt (fallback): A cute adorable British Shorthair with round face and dense blue-grey coat, 英國短毛貓的日常, 日常 mode, scene: 黏土陶藝風, 黏土陶藝風 art style, dreamy atmosphere, soft kawaii style, cute cat illustration, high quality illustration, detailed fur texture
[04:01:14] ComfyUI #2: 英國短毛貓的日常 (黏土陶藝風) [1024x1024]
[04:01:29]   已保存: cat_黏土陶藝_20260615_02.jpg
[04:01:29]   MiniMax 產生 prompt: 美國短毛貓的日常 (single)
[04:01:38]   MiniMax prompt 生成失敗: MiniMax chat 回傳空 prompt，使用 fallback
[04:01:38]   prompt (fallback): A cute adorable American Shorthair with classic tabby markings and robust body, 美國短毛貓的日常, 日常 mode, scene: 水墨風, 水墨風 art style, dreamy atmosphere, soft kawaii style, cute cat illustration, high quality illustration, detailed fur texture
[04:01:38] ComfyUI #3: 美國短毛貓的日常 (水墨風) [1024x1024]
[04:01:53]   已保存: cat_水墨風_20260615_03.jpg
[04:01:53]   MiniMax 產生 prompt: 蘇格蘭摺耳貓的日常 (single)
[04:02:02]   MiniMax prompt 生成失敗: MiniMax chat 回傳空 prompt，使用 fallback
[04:02:02]   prompt (fallback): A cute adorable Scottish Fold with folded ears and round face, 蘇格蘭摺耳貓的日常, 日常 mode, scene: 和風浮世繪, 和風浮世繪 art style, dreamy atmosphere, soft kawaii style, cute cat illustration, high quality illustration, detailed fur texture
[04:02:02] ComfyUI #4: 蘇格蘭摺耳貓的日常 (和風浮世繪) [1024x1024]
[04:02:17]   已保存: cat_和風浮世_20260615_04.jpg
[04:02:17]   MiniMax 產生 prompt: 波斯貓的日常 (single)
[04:02:27]   MiniMax prompt 生成失敗: MiniMax chat 回傳空 prompt，使用 fallback
[04:02:27]   prompt (fallback): A cute adorable Persian with long fluffy white fur and flat face, 波斯貓的日常, 日常 mode, scene: 復古童話, 復古童話 art style, dreamy atmosphere, soft kawaii style, cute cat illustration, high quality illustration, detailed fur texture
[04:02:27] ComfyUI #5: 波斯貓的日常 (復古童話) [1024x1024]
[04:02:42]   已保存: cat_復古童話_20260615_05.jpg
[04:02:42]   MiniMax 產生 prompt: 緬甸貓的日常 (single)
[04:02:52]   MiniMax prompt 生成失敗: MiniMax chat 回傳空 prompt，使用 fallback
[04:02:52]   prompt (fallback): A cute adorable Burmese with sleek dark brown coat and golden eyes, 緬甸貓的日常, 日常 mode, scene: 薄霧水彩, 薄霧水彩 art style, dreamy atmosphere, soft kawaii style, cute cat illustration, high quality illustration, detailed fur texture
[04:02:52] ComfyUI #6: 緬甸貓的日常 (薄霧水彩) [1024x1024]
[04:03:07]   已保存: cat_薄霧水彩_20260615_06.jpg
[04:03:07] 共生成 6 張圖片於 /home/fjj04/cats/2026-06-15
[04:03:07] 
--- 步驟 5: 更新喵時光 ---
[04:03:07] 已複製: cat_油畫_20260615_01.jpg → /home/fjj04/my-bear-museum/cats-images/2026-06-15/cat_油畫_20260615_01.jpg
[04:03:07] 已複製: cat_黏土陶藝_20260615_02.jpg → /home/fjj04/my-bear-museum/cats-images/2026-06-15/cat_黏土陶藝_20260615_02.jpg
[04:03:07] 已複製: cat_水墨風_20260615_03.jpg → /home/fjj04/my-bear-museum/cats-images/2026-06-15/cat_水墨風_20260615_03.jpg
[04:03:07] 已複製: cat_和風浮世_20260615_04.jpg → /home/fjj04/my-bear-museum/cats-images/2026-06-15/cat_和風浮世_20260615_04.jpg
[04:03:07] 已複製: cat_復古童話_20260615_05.jpg → /home/fjj04/my-bear-museum/cats-images/2026-06-15/cat_復古童話_20260615_05.jpg
[04:03:07] 已複製: cat_薄霧水彩_20260615_06.jpg → /home/fjj04/my-bear-museum/cats-images/2026-06-15/cat_薄霧水彩_20260615_06.jpg
[04:03:07] 已更新 cats.json
[04:03:07] 新增 6 筆記錄
[04:03:07] 
--- 步驟 6: Git Commit ---
[04:03:14] Git push 完成
[04:03:14] 
--- 步驟 7: 部署到 Cloudflare Pages ---
[04:03:27] 
===== 完成 =====
[04:03:27] 到 https://kumaweb.pages.dev/meow/ 觀看結果
